---------------------------------------------------------------
[ 2018-12-01T00:36:12+08:00 ] 127.0.0.1 GET www.cms2.com/admin.php/auth/rolemenu/roleid/1
[运行时间：0.112006s] [吞吐率：8.93req/s] [内存消耗：3,718.18kb] [文件加载：105]
[ info ] [ LANG ] G:\www2\cms2\thinkphp\lang\zh-cn.php
[ info ] [ BIND ] 'admin'
[ info ] [ ROUTE ] array (
)
[ info ] [ HEADER ] array (
  'cookie' => 'PHPSESSID=n8i1jgmjr64ce4ai5i1qnvtor2',
  'accept-language' => 'zh-CN,zh;q=0.9',
  'accept-encoding' => 'gzip, deflate',
  'accept' => 'text/html,application/xhtml+xml,application/xml;q=0.9,image/webp,image/apng,*/*;q=0.8',
  'user-agent' => 'Mozilla/5.0 (Windows NT 6.1; WOW64) AppleWebKit/537.36 (KHTML, like Gecko) Chrome/70.0.3538.102 Safari/537.36',
  'upgrade-insecure-requests' => '1',
  'cache-control' => 'max-age=0',
  'connection' => 'keep-alive',
  'host' => 'www.cms2.com',
  'content-length' => '',
  'content-type' => '',
)
[ info ] [ PARAM ] array (
  'roleid' => '1',
)
[ info ] [ DB ] INIT mysql
[ info ] [ VIEW ] G:\www2\cms2\application\admin\view\auth\rolemenu.html [ array (
  0 => 'title',
  1 => 'controller',
  2 => 'action',
  3 => 'other',
  4 => 'auth',
  5 => 'info',
  6 => 'actinoinfo',
) ]
[ error ] [8]Use of undefined constant administrator - assumed 'administrator'[G:\www2\cms2\application\admin\controller\Common.php:82]
[ error ] [8]Use of undefined constant administrator - assumed 'administrator'[G:\www2\cms2\application\admin\controller\Common.php:83]
[ sql ] [ DB ] CONNECT:[ UseTime:0.002000s ] mysql:host=127.0.0.1;dbname=cms0518;charset=utf8
[ sql ] [ SQL ] SHOW COLUMNS FROM `cms_admin_log` [ RunTime:0.008000s ]
[ sql ] [ SQL ] INSERT INTO `cms_admin_log` (`adminid` , `name` , `content` , `addtime`) VALUES (1 , '超级管理员' , '[访问_编辑角色信息] , 控制器：auth/rolemenu , 参数：{\"roleid\":\"1\"}' , '2018-12-01 00:36:12') [ RunTime:0.002001s ]
[ sql ] [ SQL ] SHOW COLUMNS FROM `cms_admin_role` [ RunTime:0.007000s ]
[ sql ] [ SQL ] SELECT * FROM `cms_admin_role` WHERE  `roleid` = 1 LIMIT 1 [ RunTime:0.000000s ]
[ sql ] [ SQL ] SHOW COLUMNS FROM `cms_admin_action` [ RunTime:0.006000s ]
[ sql ] [ SQL ] SELECT * FROM `cms_admin_action` WHERE  `type` = '控制器'  AND `status` = 1 ORDER BY `px` DESC [ RunTime:0.001000s ]
[ sql ] [ SQL ] SELECT * FROM `cms_admin_action` WHERE  `type` = '操作'  AND `status` = 1  AND `pid` = 1 ORDER BY `px` DESC [ RunTime:0.002001s ]
[ sql ] [ SQL ] SELECT * FROM `cms_admin_action` WHERE  `type` = '操作'  AND `status` = 1  AND `pid` = 20 ORDER BY `px` DESC [ RunTime:0.001000s ]
[ sql ] [ SQL ] SELECT * FROM `cms_admin_action` WHERE  `type` = '操作'  AND `status` = 1  AND `pid` = 25 ORDER BY `px` DESC [ RunTime:0.000000s ]
[ sql ] [ SQL ] SELECT * FROM `cms_admin_action` WHERE  `type` = '操作'  AND `status` = 1  AND `pid` = 28 ORDER BY `px` DESC [ RunTime:0.002000s ]
[ sql ] [ SQL ] SELECT * FROM `cms_admin_action` WHERE  `type` = '操作'  AND `status` = 1  AND `pid` = 33 ORDER BY `px` DESC [ RunTime:0.001000s ]
[ sql ] [ SQL ] SELECT * FROM `cms_admin_action` WHERE  `type` = '操作'  AND `status` = 1  AND `pid` = 39 ORDER BY `px` DESC [ RunTime:0.001000s ]
[ sql ] [ SQL ] SELECT * FROM `cms_admin_action` WHERE  `type` = '操作'  AND `status` = 1  AND `pid` = 60 ORDER BY `px` DESC [ RunTime:0.001000s ]
[ sql ] [ SQL ] SELECT * FROM `cms_admin_action` WHERE  `type` = '操作'  AND `status` = 1  AND `pid` = 65 ORDER BY `px` DESC [ RunTime:0.001000s ]
---------------------------------------------------------------
[ 2018-12-01T00:36:12+08:00 ] 127.0.0.1 GET www.cms2.com/admin.php/auth/rolemenu/roleid/1?page=1&limit=10
[运行时间：0.089005s] [吞吐率：11.24req/s] [内存消耗：3,519.80kb] [文件加载：101]
[ info ] [ LANG ] G:\www2\cms2\thinkphp\lang\zh-cn.php
[ info ] [ BIND ] 'admin'
[ info ] [ ROUTE ] array (
)
[ info ] [ HEADER ] array (
  'cookie' => 'PHPSESSID=n8i1jgmjr64ce4ai5i1qnvtor2',
  'accept-language' => 'zh-CN,zh;q=0.9',
  'accept-encoding' => 'gzip, deflate',
  'referer' => 'http://www.cms2.com/admin.php/auth/rolemenu/roleid/1',
  'user-agent' => 'Mozilla/5.0 (Windows NT 6.1; WOW64) AppleWebKit/537.36 (KHTML, like Gecko) Chrome/70.0.3538.102 Safari/537.36',
  'x-requested-with' => 'XMLHttpRequest',
  'accept' => 'application/json, text/javascript, */*; q=0.01',
  'connection' => 'keep-alive',
  'host' => 'www.cms2.com',
  'content-length' => '',
  'content-type' => '',
)
[ info ] [ PARAM ] array (
  'page' => '1',
  'limit' => '10',
  'roleid' => '1',
)
[ info ] [ DB ] INIT mysql
[ error ] [8]Use of undefined constant administrator - assumed 'administrator'[G:\www2\cms2\application\admin\controller\Common.php:82]
[ error ] [8]Use of undefined constant administrator - assumed 'administrator'[G:\www2\cms2\application\admin\controller\Common.php:83]
[ sql ] [ DB ] CONNECT:[ UseTime:0.002000s ] mysql:host=127.0.0.1;dbname=cms0518;charset=utf8
[ sql ] [ SQL ] SHOW COLUMNS FROM `cms_admin_log` [ RunTime:0.008000s ]
[ sql ] [ SQL ] INSERT INTO `cms_admin_log` (`adminid` , `name` , `content` , `addtime`) VALUES (1 , '超级管理员' , '[操作_编辑角色信息] , 控制器：auth/rolemenu , 参数：{\"page\":\"1\",\"limit\":\"10\",\"roleid\":\"1\"}' , '2018-12-01 00:36:12') [ RunTime:0.000000s ]
[ sql ] [ SQL ] SHOW COLUMNS FROM `cms_admin_menu` [ RunTime:0.005000s ]
[ sql ] [ SQL ] SELECT * FROM `cms_admin_menu` WHERE  `roleid` = 1 ORDER BY `addtime` DESC LIMIT 0,10 [ RunTime:0.001000s ]
[ sql ] [ SQL ] SELECT COUNT(*) AS tp_count FROM `cms_admin_menu` WHERE  `roleid` = 1 LIMIT 1 [ RunTime:0.000000s ]
---------------------------------------------------------------
[ 2018-12-01T00:36:12+08:00 ] 127.0.0.1 GET www.cms2.com/admin.php/auth/rolemenu/roleid/undefined
[运行时间：0.074004s] [吞吐率：13.51req/s] [内存消耗：3,561.59kb] [文件加载：105]
[ info ] [ LANG ] G:\www2\cms2\thinkphp\lang\zh-cn.php
[ info ] [ BIND ] 'admin'
[ info ] [ ROUTE ] array (
)
[ info ] [ HEADER ] array (
  'cookie' => 'PHPSESSID=n8i1jgmjr64ce4ai5i1qnvtor2',
  'accept-language' => 'zh-CN,zh;q=0.9',
  'accept-encoding' => 'gzip, deflate',
  'referer' => 'http://www.cms2.com/admin.php/auth/rolemenu/roleid/1',
  'accept' => 'image/webp,image/apng,image/*,*/*;q=0.8',
  'user-agent' => 'Mozilla/5.0 (Windows NT 6.1; WOW64) AppleWebKit/537.36 (KHTML, like Gecko) Chrome/70.0.3538.102 Safari/537.36',
  'connection' => 'keep-alive',
  'host' => 'www.cms2.com',
  'content-length' => '',
  'content-type' => '',
)
[ info ] [ PARAM ] array (
  'roleid' => 'undefined',
)
[ info ] [ DB ] INIT mysql
[ info ] [ VIEW ] G:\www2\cms2\thinkphp\tpl/dispatch_jump.tpl [ array (
  0 => 'title',
  1 => 'controller',
  2 => 'action',
  3 => 'code',
  4 => 'msg',
  5 => 'data',
  6 => 'url',
  7 => 'wait',
) ]
[ error ] [8]Use of undefined constant administrator - assumed 'administrator'[G:\www2\cms2\application\admin\controller\Common.php:82]
[ error ] [8]Use of undefined constant administrator - assumed 'administrator'[G:\www2\cms2\application\admin\controller\Common.php:83]
[ sql ] [ DB ] CONNECT:[ UseTime:0.001000s ] mysql:host=127.0.0.1;dbname=cms0518;charset=utf8
[ sql ] [ SQL ] SHOW COLUMNS FROM `cms_admin_log` [ RunTime:0.006001s ]
[ sql ] [ SQL ] INSERT INTO `cms_admin_log` (`adminid` , `name` , `content` , `addtime`) VALUES (1 , '超级管理员' , '[访问_编辑角色信息] , 控制器：auth/rolemenu , 参数：{\"roleid\":\"undefined\"}' , '2018-12-01 00:36:12') [ RunTime:0.000000s ]
[ sql ] [ SQL ] SHOW COLUMNS FROM `cms_admin_role` [ RunTime:0.006000s ]
[ sql ] [ SQL ] SELECT * FROM `cms_admin_role` WHERE  `roleid` = 0 LIMIT 1 [ RunTime:0.001000s ]
---------------------------------------------------------------
[ 2018-12-01T00:36:14+08:00 ] 127.0.0.1 GET www.cms2.com/admin.php/auth/menutree.html
[运行时间：0.084004s] [吞吐率：11.90req/s] [内存消耗：3,547.66kb] [文件加载：105]
[ info ] [ LANG ] G:\www2\cms2\thinkphp\lang\zh-cn.php
[ info ] [ BIND ] 'admin'
[ info ] [ ROUTE ] array (
)
[ info ] [ HEADER ] array (
  'cookie' => 'PHPSESSID=n8i1jgmjr64ce4ai5i1qnvtor2',
  'accept-language' => 'zh-CN,zh;q=0.9',
  'accept-encoding' => 'gzip, deflate',
  'referer' => 'http://www.cms2.com/admin.php/auth/rolemenu/roleid/1',
  'accept' => 'text/html,application/xhtml+xml,application/xml;q=0.9,image/webp,image/apng,*/*;q=0.8',
  'user-agent' => 'Mozilla/5.0 (Windows NT 6.1; WOW64) AppleWebKit/537.36 (KHTML, like Gecko) Chrome/70.0.3538.102 Safari/537.36',
  'upgrade-insecure-requests' => '1',
  'connection' => 'keep-alive',
  'host' => 'www.cms2.com',
  'content-length' => '',
  'content-type' => '',
)
[ info ] [ PARAM ] array (
)
[ info ] [ DB ] INIT mysql
[ sql ] [ DB ] CONNECT:[ UseTime:0.004000s ] mysql:host=127.0.0.1;dbname=cms0518;charset=utf8
[ sql ] [ SQL ] SHOW COLUMNS FROM `cms_admin_action` [ RunTime:0.007000s ]
[ sql ] [ SQL ] SELECT `name` FROM `cms_admin_action` WHERE  `controller` = 'auth'  AND `action` = 'menutree' LIMIT 1 [ RunTime:0.000000s ]
[ sql ] [ SQL ] SHOW COLUMNS FROM `cms_admin_log` [ RunTime:0.007000s ]
[ sql ] [ SQL ] INSERT INTO `cms_admin_log` (`adminid` , `name` , `content` , `addtime`) VALUES (1 , '超级管理员' , '[访问_] , 控制器：auth/menutree' , '2018-12-01 00:36:14') [ RunTime:0.001000s ]
[ error ] [8]未定义变量: param[G:\www2\cms2\application\admin\controller\Common.php:54]
[ error ] [8]Use of undefined constant administrator - assumed 'administrator'[G:\www2\cms2\application\admin\controller\Common.php:82]
[ error ] [8]Use of undefined constant administrator - assumed 'administrator'[G:\www2\cms2\application\admin\controller\Common.php:83]
---------------------------------------------------------------
[ 2018-12-01T00:36:14+08:00 ] 127.0.0.1 GET www.cms2.com/admin.php/auth/menuadd/roleid/1.html
[运行时间：0.089006s] [吞吐率：11.24req/s] [内存消耗：3,611.02kb] [文件加载：105]
[ info ] [ LANG ] G:\www2\cms2\thinkphp\lang\zh-cn.php
[ info ] [ BIND ] 'admin'
[ info ] [ ROUTE ] array (
)
[ info ] [ HEADER ] array (
  'cookie' => 'PHPSESSID=n8i1jgmjr64ce4ai5i1qnvtor2',
  'accept-language' => 'zh-CN,zh;q=0.9',
  'accept-encoding' => 'gzip, deflate',
  'referer' => 'http://www.cms2.com/admin.php/auth/rolemenu/roleid/1',
  'accept' => 'text/html,application/xhtml+xml,application/xml;q=0.9,image/webp,image/apng,*/*;q=0.8',
  'user-agent' => 'Mozilla/5.0 (Windows NT 6.1; WOW64) AppleWebKit/537.36 (KHTML, like Gecko) Chrome/70.0.3538.102 Safari/537.36',
  'upgrade-insecure-requests' => '1',
  'connection' => 'keep-alive',
  'host' => 'www.cms2.com',
  'content-length' => '',
  'content-type' => '',
)
[ info ] [ PARAM ] array (
  'roleid' => '1',
)
[ info ] [ DB ] INIT mysql
[ info ] [ VIEW ] G:\www2\cms2\application\admin\view\auth\menuadd.html [ array (
  0 => 'title',
  1 => 'controller',
  2 => 'action',
  3 => 'list',
) ]
[ sql ] [ DB ] CONNECT:[ UseTime:0.001000s ] mysql:host=127.0.0.1;dbname=cms0518;charset=utf8
[ sql ] [ SQL ] SHOW COLUMNS FROM `cms_admin_action` [ RunTime:0.007000s ]
[ sql ] [ SQL ] SELECT `name` FROM `cms_admin_action` WHERE  `controller` = 'auth'  AND `action` = 'menuadd' LIMIT 1 [ RunTime:0.001000s ]
[ sql ] [ SQL ] SHOW COLUMNS FROM `cms_admin_log` [ RunTime:0.008001s ]
[ sql ] [ SQL ] INSERT INTO `cms_admin_log` (`adminid` , `name` , `content` , `addtime`) VALUES (1 , '超级管理员' , '[访问_] , 控制器：auth/menuadd , 参数：{\"roleid\":\"1\"}' , '2018-12-01 00:36:14') [ RunTime:0.001000s ]
[ sql ] [ SQL ] SHOW COLUMNS FROM `cms_admin_role` [ RunTime:0.007000s ]
[ sql ] [ SQL ] SELECT * FROM `cms_admin_role` WHERE  `roleid` = 1 LIMIT 1 [ RunTime:0.000000s ]
[ error ] [8]Use of undefined constant administrator - assumed 'administrator'[G:\www2\cms2\application\admin\controller\Common.php:82]
[ error ] [8]Use of undefined constant administrator - assumed 'administrator'[G:\www2\cms2\application\admin\controller\Common.php:83]
[ error ] [8]未定义数组索引: menuid[G:\www2\cms2\runtime\temp\805f45d009fac3c6818698931e144102.php:44]
[ error ] [8]未定义数组索引: name[G:\www2\cms2\runtime\temp\805f45d009fac3c6818698931e144102.php:44]
[ error ] [8]未定义变量: info[G:\www2\cms2\runtime\temp\805f45d009fac3c6818698931e144102.php:87]
---------------------------------------------------------------
[ 2018-12-01T00:36:16+08:00 ] 127.0.0.1 GET www.cms2.com/admin.php/auth/menuadd/roleid/1.html
[运行时间：0.084005s] [吞吐率：11.90req/s] [内存消耗：3,611.02kb] [文件加载：105]
[ info ] [ LANG ] G:\www2\cms2\thinkphp\lang\zh-cn.php
[ info ] [ BIND ] 'admin'
[ info ] [ ROUTE ] array (
)
[ info ] [ HEADER ] array (
  'cookie' => 'PHPSESSID=n8i1jgmjr64ce4ai5i1qnvtor2',
  'accept-language' => 'zh-CN,zh;q=0.9',
  'accept-encoding' => 'gzip, deflate',
  'referer' => 'http://www.cms2.com/admin.php/auth/rolemenu/roleid/1',
  'accept' => 'text/html,application/xhtml+xml,application/xml;q=0.9,image/webp,image/apng,*/*;q=0.8',
  'user-agent' => 'Mozilla/5.0 (Windows NT 6.1; WOW64) AppleWebKit/537.36 (KHTML, like Gecko) Chrome/70.0.3538.102 Safari/537.36',
  'upgrade-insecure-requests' => '1',
  'connection' => 'keep-alive',
  'host' => 'www.cms2.com',
  'content-length' => '',
  'content-type' => '',
)
[ info ] [ PARAM ] array (
  'roleid' => '1',
)
[ info ] [ DB ] INIT mysql
[ info ] [ VIEW ] G:\www2\cms2\application\admin\view\auth\menuadd.html [ array (
  0 => 'title',
  1 => 'controller',
  2 => 'action',
  3 => 'list',
) ]
[ sql ] [ DB ] CONNECT:[ UseTime:0.002000s ] mysql:host=127.0.0.1;dbname=cms0518;charset=utf8
[ sql ] [ SQL ] SHOW COLUMNS FROM `cms_admin_action` [ RunTime:0.007000s ]
[ sql ] [ SQL ] SELECT `name` FROM `cms_admin_action` WHERE  `controller` = 'auth'  AND `action` = 'menuadd' LIMIT 1 [ RunTime:0.001001s ]
[ sql ] [ SQL ] SHOW COLUMNS FROM `cms_admin_log` [ RunTime:0.008000s ]
[ sql ] [ SQL ] INSERT INTO `cms_admin_log` (`adminid` , `name` , `content` , `addtime`) VALUES (1 , '超级管理员' , '[访问_] , 控制器：auth/menuadd , 参数：{\"roleid\":\"1\"}' , '2018-12-01 00:36:16') [ RunTime:0.000000s ]
[ sql ] [ SQL ] SHOW COLUMNS FROM `cms_admin_role` [ RunTime:0.008000s ]
[ sql ] [ SQL ] SELECT * FROM `cms_admin_role` WHERE  `roleid` = 1 LIMIT 1 [ RunTime:0.000000s ]
[ error ] [8]Use of undefined constant administrator - assumed 'administrator'[G:\www2\cms2\application\admin\controller\Common.php:82]
[ error ] [8]Use of undefined constant administrator - assumed 'administrator'[G:\www2\cms2\application\admin\controller\Common.php:83]
[ error ] [8]未定义数组索引: menuid[G:\www2\cms2\runtime\temp\805f45d009fac3c6818698931e144102.php:44]
[ error ] [8]未定义数组索引: name[G:\www2\cms2\runtime\temp\805f45d009fac3c6818698931e144102.php:44]
[ error ] [8]未定义变量: info[G:\www2\cms2\runtime\temp\805f45d009fac3c6818698931e144102.php:87]
---------------------------------------------------------------
[ 2018-12-01T00:36:17+08:00 ] 127.0.0.1 GET www.cms2.com/admin.php/auth/menuadd/roleid/1.html
[运行时间：0.111007s] [吞吐率：9.01req/s] [内存消耗：3,611.02kb] [文件加载：105]
[ info ] [ LANG ] G:\www2\cms2\thinkphp\lang\zh-cn.php
[ info ] [ BIND ] 'admin'
[ info ] [ ROUTE ] array (
)
[ info ] [ HEADER ] array (
  'cookie' => 'PHPSESSID=n8i1jgmjr64ce4ai5i1qnvtor2',
  'accept-language' => 'zh-CN,zh;q=0.9',
  'accept-encoding' => 'gzip, deflate',
  'referer' => 'http://www.cms2.com/admin.php/auth/rolemenu/roleid/1',
  'accept' => 'text/html,application/xhtml+xml,application/xml;q=0.9,image/webp,image/apng,*/*;q=0.8',
  'user-agent' => 'Mozilla/5.0 (Windows NT 6.1; WOW64) AppleWebKit/537.36 (KHTML, like Gecko) Chrome/70.0.3538.102 Safari/537.36',
  'upgrade-insecure-requests' => '1',
  'connection' => 'keep-alive',
  'host' => 'www.cms2.com',
  'content-length' => '',
  'content-type' => '',
)
[ info ] [ PARAM ] array (
  'roleid' => '1',
)
[ info ] [ DB ] INIT mysql
[ info ] [ VIEW ] G:\www2\cms2\application\admin\view\auth\menuadd.html [ array (
  0 => 'title',
  1 => 'controller',
  2 => 'action',
  3 => 'list',
) ]
[ sql ] [ DB ] CONNECT:[ UseTime:0.012000s ] mysql:host=127.0.0.1;dbname=cms0518;charset=utf8
[ sql ] [ SQL ] SHOW COLUMNS FROM `cms_admin_action` [ RunTime:0.008001s ]
[ sql ] [ SQL ] SELECT `name` FROM `cms_admin_action` WHERE  `controller` = 'auth'  AND `action` = 'menuadd' LIMIT 1 [ RunTime:0.001000s ]
[ sql ] [ SQL ] SHOW COLUMNS FROM `cms_admin_log` [ RunTime:0.009000s ]
[ sql ] [ SQL ] INSERT INTO `cms_admin_log` (`adminid` , `name` , `content` , `addtime`) VALUES (1 , '超级管理员' , '[访问_] , 控制器：auth/menuadd , 参数：{\"roleid\":\"1\"}' , '2018-12-01 00:36:17') [ RunTime:0.002000s ]
[ sql ] [ SQL ] SHOW COLUMNS FROM `cms_admin_role` [ RunTime:0.015001s ]
[ sql ] [ SQL ] SELECT * FROM `cms_admin_role` WHERE  `roleid` = 1 LIMIT 1 [ RunTime:0.001000s ]
[ error ] [8]Use of undefined constant administrator - assumed 'administrator'[G:\www2\cms2\application\admin\controller\Common.php:82]
[ error ] [8]Use of undefined constant administrator - assumed 'administrator'[G:\www2\cms2\application\admin\controller\Common.php:83]
[ error ] [8]未定义数组索引: menuid[G:\www2\cms2\runtime\temp\805f45d009fac3c6818698931e144102.php:44]
[ error ] [8]未定义数组索引: name[G:\www2\cms2\runtime\temp\805f45d009fac3c6818698931e144102.php:44]
[ error ] [8]未定义变量: info[G:\www2\cms2\runtime\temp\805f45d009fac3c6818698931e144102.php:87]
---------------------------------------------------------------
[ 2018-12-01T00:36:18+08:00 ] 127.0.0.1 GET www.cms2.com/admin.php/auth/menuadd/roleid/1.html
[运行时间：0.086004s] [吞吐率：11.63req/s] [内存消耗：3,611.02kb] [文件加载：105]
[ info ] [ LANG ] G:\www2\cms2\thinkphp\lang\zh-cn.php
[ info ] [ BIND ] 'admin'
[ info ] [ ROUTE ] array (
)
[ info ] [ HEADER ] array (
  'cookie' => 'PHPSESSID=n8i1jgmjr64ce4ai5i1qnvtor2',
  'accept-language' => 'zh-CN,zh;q=0.9',
  'accept-encoding' => 'gzip, deflate',
  'referer' => 'http://www.cms2.com/admin.php/auth/rolemenu/roleid/1',
  'accept' => 'text/html,application/xhtml+xml,application/xml;q=0.9,image/webp,image/apng,*/*;q=0.8',
  'user-agent' => 'Mozilla/5.0 (Windows NT 6.1; WOW64) AppleWebKit/537.36 (KHTML, like Gecko) Chrome/70.0.3538.102 Safari/537.36',
  'upgrade-insecure-requests' => '1',
  'connection' => 'keep-alive',
  'host' => 'www.cms2.com',
  'content-length' => '',
  'content-type' => '',
)
[ info ] [ PARAM ] array (
  'roleid' => '1',
)
[ info ] [ DB ] INIT mysql
[ info ] [ VIEW ] G:\www2\cms2\application\admin\view\auth\menuadd.html [ array (
  0 => 'title',
  1 => 'controller',
  2 => 'action',
  3 => 'list',
) ]
[ sql ] [ DB ] CONNECT:[ UseTime:0.002000s ] mysql:host=127.0.0.1;dbname=cms0518;charset=utf8
[ sql ] [ SQL ] SHOW COLUMNS FROM `cms_admin_action` [ RunTime:0.006000s ]
[ sql ] [ SQL ] SELECT `name` FROM `cms_admin_action` WHERE  `controller` = 'auth'  AND `action` = 'menuadd' LIMIT 1 [ RunTime:0.000000s ]
[ sql ] [ SQL ] SHOW COLUMNS FROM `cms_admin_log` [ RunTime:0.008001s ]
[ sql ] [ SQL ] INSERT INTO `cms_admin_log` (`adminid` , `name` , `content` , `addtime`) VALUES (1 , '超级管理员' , '[访问_] , 控制器：auth/menuadd , 参数：{\"roleid\":\"1\"}' , '2018-12-01 00:36:18') [ RunTime:0.001000s ]
[ sql ] [ SQL ] SHOW COLUMNS FROM `cms_admin_role` [ RunTime:0.006000s ]
[ sql ] [ SQL ] SELECT * FROM `cms_admin_role` WHERE  `roleid` = 1 LIMIT 1 [ RunTime:0.000000s ]
[ error ] [8]Use of undefined constant administrator - assumed 'administrator'[G:\www2\cms2\application\admin\controller\Common.php:82]
[ error ] [8]Use of undefined constant administrator - assumed 'administrator'[G:\www2\cms2\application\admin\controller\Common.php:83]
[ error ] [8]未定义数组索引: menuid[G:\www2\cms2\runtime\temp\805f45d009fac3c6818698931e144102.php:44]
[ error ] [8]未定义数组索引: name[G:\www2\cms2\runtime\temp\805f45d009fac3c6818698931e144102.php:44]
[ error ] [8]未定义变量: info[G:\www2\cms2\runtime\temp\805f45d009fac3c6818698931e144102.php:87]
---------------------------------------------------------------
[ 2018-12-01T00:36:24+08:00 ] 127.0.0.1 GET www.cms2.com/admin.php/news/menuedit/menuid/1
[运行时间：0.074004s] [吞吐率：13.51req/s] [内存消耗：3,631.51kb] [文件加载：105]
[ info ] [ LANG ] G:\www2\cms2\thinkphp\lang\zh-cn.php
[ info ] [ BIND ] 'admin'
[ info ] [ ROUTE ] array (
)
[ info ] [ HEADER ] array (
  'cookie' => 'PHPSESSID=n8i1jgmjr64ce4ai5i1qnvtor2',
  'accept-language' => 'zh-CN,zh;q=0.9',
  'accept-encoding' => 'gzip, deflate',
  'referer' => 'http://www.cms2.com/admin.php/auth/rolemenu/roleid/1',
  'accept' => 'text/html,application/xhtml+xml,application/xml;q=0.9,image/webp,image/apng,*/*;q=0.8',
  'user-agent' => 'Mozilla/5.0 (Windows NT 6.1; WOW64) AppleWebKit/537.36 (KHTML, like Gecko) Chrome/70.0.3538.102 Safari/537.36',
  'upgrade-insecure-requests' => '1',
  'connection' => 'keep-alive',
  'host' => 'www.cms2.com',
  'content-length' => '',
  'content-type' => '',
)
[ info ] [ PARAM ] array (
  'menuid' => '1',
)
[ info ] [ DB ] INIT mysql
[ sql ] [ DB ] CONNECT:[ UseTime:0.001000s ] mysql:host=127.0.0.1;dbname=cms0518;charset=utf8
[ sql ] [ SQL ] SHOW COLUMNS FROM `cms_admin_action` [ RunTime:0.010001s ]
[ sql ] [ SQL ] SELECT `name` FROM `cms_admin_action` WHERE  `controller` = 'news'  AND `action` = 'menuedit' LIMIT 1 [ RunTime:0.001000s ]
[ sql ] [ SQL ] SHOW COLUMNS FROM `cms_admin_log` [ RunTime:0.009000s ]
[ sql ] [ SQL ] INSERT INTO `cms_admin_log` (`adminid` , `name` , `content` , `addtime`) VALUES (1 , '超级管理员' , '[访问_] , 控制器：news/menuedit , 参数：{\"menuid\":\"1\"}' , '2018-12-01 00:36:24') [ RunTime:0.001000s ]
[ error ] [8]Use of undefined constant administrator - assumed 'administrator'[G:\www2\cms2\application\admin\controller\Common.php:82]
[ error ] [8]Use of undefined constant administrator - assumed 'administrator'[G:\www2\cms2\application\admin\controller\Common.php:83]
---------------------------------------------------------------
[ 2018-12-01T00:36:59+08:00 ] 127.0.0.1 GET www.cms2.com/admin.php
[运行时间：0.160009s] [吞吐率：6.25req/s] [内存消耗：3,138.85kb] [文件加载：97]
[ info ] [ LANG ] G:\www2\cms2\thinkphp\lang\zh-cn.php
[ info ] [ BIND ] 'admin'
[ info ] [ ROUTE ] array (
)
[ info ] [ HEADER ] array (
  'cookie' => 'PHPSESSID=n8i1jgmjr64ce4ai5i1qnvtor2',
  'accept-language' => 'zh-CN,zh;q=0.9',
  'accept-encoding' => 'gzip, deflate',
  'accept' => 'text/html,application/xhtml+xml,application/xml;q=0.9,image/webp,image/apng,*/*;q=0.8',
  'user-agent' => 'Mozilla/5.0 (Windows NT 6.1; WOW64) AppleWebKit/537.36 (KHTML, like Gecko) Chrome/70.0.3538.102 Safari/537.36',
  'upgrade-insecure-requests' => '1',
  'purpose' => 'prefetch',
  'connection' => 'keep-alive',
  'host' => 'www.cms2.com',
  'content-length' => '',
  'content-type' => '',
)
[ info ] [ PARAM ] array (
)
[ info ] [ DB ] INIT mysql
[ info ] [ VIEW ] G:\www2\cms2\application\admin\view\index\index.html [ array (
  0 => 'title',
  1 => 'controller',
  2 => 'action',
) ]
[ sql ] [ DB ] CONNECT:[ UseTime:0.011000s ] mysql:host=127.0.0.1;dbname=cms0518;charset=utf8
[ sql ] [ SQL ] SHOW COLUMNS FROM `cms_admin_action` [ RunTime:0.011001s ]
[ sql ] [ SQL ] SELECT `name` FROM `cms_admin_action` WHERE  `controller` = 'index'  AND `action` = 'index' LIMIT 1 [ RunTime:0.000000s ]
[ sql ] [ SQL ] SHOW COLUMNS FROM `cms_admin_log` [ RunTime:0.009001s ]
[ sql ] [ SQL ] INSERT INTO `cms_admin_log` (`adminid` , `name` , `content` , `addtime`) VALUES (1 , '超级管理员' , '[访问_] , 控制器：index/index' , '2018-12-01 00:36:59') [ RunTime:0.000000s ]
[ error ] [8]未定义变量: param[G:\www2\cms2\application\admin\controller\Common.php:54]
[ error ] [8]Use of undefined constant administrator - assumed 'administrator'[G:\www2\cms2\application\admin\controller\Common.php:82]
[ error ] [8]Use of undefined constant administrator - assumed 'administrator'[G:\www2\cms2\application\admin\controller\Common.php:83]
---------------------------------------------------------------
[ 2018-12-01T00:36:59+08:00 ] 127.0.0.1 GET www.cms2.com/admin.php
[运行时间：0.077004s] [吞吐率：12.99req/s] [内存消耗：3,138.62kb] [文件加载：97]
[ info ] [ LANG ] G:\www2\cms2\thinkphp\lang\zh-cn.php
[ info ] [ BIND ] 'admin'
[ info ] [ ROUTE ] array (
)
[ info ] [ HEADER ] array (
  'cookie' => 'PHPSESSID=n8i1jgmjr64ce4ai5i1qnvtor2',
  'accept-language' => 'zh-CN,zh;q=0.9',
  'accept-encoding' => 'gzip, deflate',
  'accept' => 'text/html,application/xhtml+xml,application/xml;q=0.9,image/webp,image/apng,*/*;q=0.8',
  'user-agent' => 'Mozilla/5.0 (Windows NT 6.1; WOW64) AppleWebKit/537.36 (KHTML, like Gecko) Chrome/70.0.3538.102 Safari/537.36',
  'upgrade-insecure-requests' => '1',
  'connection' => 'keep-alive',
  'host' => 'www.cms2.com',
  'content-length' => '',
  'content-type' => '',
)
[ info ] [ PARAM ] array (
)
[ info ] [ DB ] INIT mysql
[ info ] [ VIEW ] G:\www2\cms2\application\admin\view\index\index.html [ array (
  0 => 'title',
  1 => 'controller',
  2 => 'action',
) ]
[ sql ] [ DB ] CONNECT:[ UseTime:0.001000s ] mysql:host=127.0.0.1;dbname=cms0518;charset=utf8
[ sql ] [ SQL ] SHOW COLUMNS FROM `cms_admin_action` [ RunTime:0.006000s ]
[ sql ] [ SQL ] SELECT `name` FROM `cms_admin_action` WHERE  `controller` = 'index'  AND `action` = 'index' LIMIT 1 [ RunTime:0.000000s ]
[ sql ] [ SQL ] SHOW COLUMNS FROM `cms_admin_log` [ RunTime:0.008001s ]
[ sql ] [ SQL ] INSERT INTO `cms_admin_log` (`adminid` , `name` , `content` , `addtime`) VALUES (1 , '超级管理员' , '[访问_] , 控制器：index/index' , '2018-12-01 00:36:59') [ RunTime:0.001000s ]
[ error ] [8]未定义变量: param[G:\www2\cms2\application\admin\controller\Common.php:54]
[ error ] [8]Use of undefined constant administrator - assumed 'administrator'[G:\www2\cms2\application\admin\controller\Common.php:82]
[ error ] [8]Use of undefined constant administrator - assumed 'administrator'[G:\www2\cms2\application\admin\controller\Common.php:83]
---------------------------------------------------------------
[ 2018-12-01T00:36:59+08:00 ] 127.0.0.1 GET www.cms2.com/admin.php/index/ecscharts.html
[运行时间：0.109006s] [吞吐率：9.17req/s] [内存消耗：3,087.01kb] [文件加载：95]
[ info ] [ LANG ] G:\www2\cms2\thinkphp\lang\zh-cn.php
[ info ] [ BIND ] 'admin'
[ info ] [ ROUTE ] array (
)
[ info ] [ HEADER ] array (
  'cookie' => 'PHPSESSID=n8i1jgmjr64ce4ai5i1qnvtor2',
  'accept-language' => 'zh-CN,zh;q=0.9',
  'accept-encoding' => 'gzip, deflate',
  'referer' => 'http://www.cms2.com/admin.php',
  'accept' => 'text/html,application/xhtml+xml,application/xml;q=0.9,image/webp,image/apng,*/*;q=0.8',
  'user-agent' => 'Mozilla/5.0 (Windows NT 6.1; WOW64) AppleWebKit/537.36 (KHTML, like Gecko) Chrome/70.0.3538.102 Safari/537.36',
  'upgrade-insecure-requests' => '1',
  'connection' => 'keep-alive',
  'host' => 'www.cms2.com',
  'content-length' => '',
  'content-type' => '',
)
[ info ] [ PARAM ] array (
)
[ info ] [ DB ] INIT mysql
[ info ] [ VIEW ] G:\www2\cms2\application\admin\view\index\ecscharts.html [ array (
  0 => 'title',
  1 => 'controller',
  2 => 'action',
) ]
[ sql ] [ DB ] CONNECT:[ UseTime:0.001000s ] mysql:host=127.0.0.1;dbname=cms0518;charset=utf8
[ sql ] [ SQL ] SHOW COLUMNS FROM `cms_admin_action` [ RunTime:0.011000s ]
[ sql ] [ SQL ] SELECT `name` FROM `cms_admin_action` WHERE  `controller` = 'index'  AND `action` = 'ecscharts' LIMIT 1 [ RunTime:0.000000s ]
[ sql ] [ SQL ] SHOW COLUMNS FROM `cms_admin_log` [ RunTime:0.016001s ]
[ sql ] [ SQL ] INSERT INTO `cms_admin_log` (`adminid` , `name` , `content` , `addtime`) VALUES (1 , '超级管理员' , '[访问_] , 控制器：index/ecscharts' , '2018-12-01 00:36:59') [ RunTime:0.001000s ]
[ error ] [8]未定义变量: param[G:\www2\cms2\application\admin\controller\Common.php:54]
[ error ] [8]Use of undefined constant administrator - assumed 'administrator'[G:\www2\cms2\application\admin\controller\Common.php:82]
[ error ] [8]Use of undefined constant administrator - assumed 'administrator'[G:\www2\cms2\application\admin\controller\Common.php:83]
[ error ] [8]Use of undefined constant dddd22 - assumed 'dddd22'[G:\www2\cms2\runtime\temp\9e4742b7a30d976e8fabfbe12b0feaaa.php:40]
---------------------------------------------------------------
[ 2018-12-01T00:37:00+08:00 ] 127.0.0.1 POST www.cms2.com/admin.php/index/ecscharts.html
[运行时间：0.199011s] [吞吐率：5.02req/s] [内存消耗：3,432.63kb] [文件加载：102]
[ info ] [ LANG ] G:\www2\cms2\thinkphp\lang\zh-cn.php
[ info ] [ BIND ] 'admin'
[ info ] [ ROUTE ] array (
)
[ info ] [ HEADER ] array (
  'cookie' => 'PHPSESSID=n8i1jgmjr64ce4ai5i1qnvtor2',
  'accept-language' => 'zh-CN,zh;q=0.9',
  'accept-encoding' => 'gzip, deflate',
  'referer' => 'http://www.cms2.com/admin.php/index/ecscharts.html',
  'content-type' => 'application/x-www-form-urlencoded; charset=UTF-8',
  'user-agent' => 'Mozilla/5.0 (Windows NT 6.1; WOW64) AppleWebKit/537.36 (KHTML, like Gecko) Chrome/70.0.3538.102 Safari/537.36',
  'x-requested-with' => 'XMLHttpRequest',
  'origin' => 'http://www.cms2.com',
  'accept' => 'application/json, text/javascript, */*; q=0.01',
  'content-length' => '6',
  'connection' => 'keep-alive',
  'host' => 'www.cms2.com',
)
[ info ] [ PARAM ] array (
  'type' => '7',
)
[ info ] [ DB ] INIT mysql
[ sql ] [ DB ] CONNECT:[ UseTime:0.013001s ] mysql:host=127.0.0.1;dbname=cms0518;charset=utf8
[ sql ] [ SQL ] SHOW COLUMNS FROM `cms_admin_action` [ RunTime:0.014001s ]
[ sql ] [ SQL ] SELECT `name` FROM `cms_admin_action` WHERE  `controller` = 'index'  AND `action` = 'ecscharts' LIMIT 1 [ RunTime:0.005000s ]
[ sql ] [ SQL ] SHOW COLUMNS FROM `cms_admin_log` [ RunTime:0.017001s ]
[ sql ] [ SQL ] INSERT INTO `cms_admin_log` (`adminid` , `name` , `content` , `addtime`) VALUES (1 , '超级管理员' , '[操作_] , 控制器：index/ecscharts , 参数：{\"type\":\"7\"}' , '2018-12-01 00:37:00') [ RunTime:0.001001s ]
[ sql ] [ SQL ] SHOW COLUMNS FROM `cms_user_list` [ RunTime:0.014001s ]
[ sql ] [ SQL ] SELECT COUNT(`userid`) AS tp_count FROM `cms_user_list` WHERE  `addtime` BETWEEN '2018-11-25 00:00:00' AND '2018-11-25 23:59:59' LIMIT 1 [ RunTime:0.001000s ]
[ sql ] [ SQL ] SHOW COLUMNS FROM `cms_order_list` [ RunTime:0.013001s ]
[ sql ] [ SQL ] SELECT COUNT(`orderid`) AS tp_count FROM `cms_order_list` LIMIT 1 [ RunTime:0.001000s ]
[ sql ] [ SQL ] SELECT SUM(`money`) AS tp_sum FROM `cms_order_list` LIMIT 1 [ RunTime:0.001000s ]
[ sql ] [ SQL ] SELECT COUNT(`userid`) AS tp_count FROM `cms_user_list` WHERE  `addtime` BETWEEN '2018-11-26 00:00:00' AND '2018-11-26 23:59:59' LIMIT 1 [ RunTime:0.000000s ]
[ sql ] [ SQL ] SELECT COUNT(`orderid`) AS tp_count FROM `cms_order_list` LIMIT 1 [ RunTime:0.000000s ]
[ sql ] [ SQL ] SELECT SUM(`money`) AS tp_sum FROM `cms_order_list` LIMIT 1 [ RunTime:0.000000s ]
[ sql ] [ SQL ] SELECT COUNT(`userid`) AS tp_count FROM `cms_user_list` WHERE  `addtime` BETWEEN '2018-11-27 00:00:00' AND '2018-11-27 23:59:59' LIMIT 1 [ RunTime:0.001000s ]
[ sql ] [ SQL ] SELECT COUNT(`orderid`) AS tp_count FROM `cms_order_list` LIMIT 1 [ RunTime:0.001000s ]
[ sql ] [ SQL ] SELECT SUM(`money`) AS tp_sum FROM `cms_order_list` LIMIT 1 [ RunTime:0.000000s ]
[ sql ] [ SQL ] SELECT COUNT(`userid`) AS tp_count FROM `cms_user_list` WHERE  `addtime` BETWEEN '2018-11-28 00:00:00' AND '2018-11-28 23:59:59' LIMIT 1 [ RunTime:0.000000s ]
[ sql ] [ SQL ] SELECT COUNT(`orderid`) AS tp_count FROM `cms_order_list` LIMIT 1 [ RunTime:0.000000s ]
[ sql ] [ SQL ] SELECT SUM(`money`) AS tp_sum FROM `cms_order_list` LIMIT 1 [ RunTime:0.000000s ]
[ sql ] [ SQL ] SELECT COUNT(`userid`) AS tp_count FROM `cms_user_list` WHERE  `addtime` BETWEEN '2018-11-29 00:00:00' AND '2018-11-29 23:59:59' LIMIT 1 [ RunTime:0.000000s ]
[ sql ] [ SQL ] SELECT COUNT(`orderid`) AS tp_count FROM `cms_order_list` LIMIT 1 [ RunTime:0.000000s ]
[ sql ] [ SQL ] SELECT SUM(`money`) AS tp_sum FROM `cms_order_list` LIMIT 1 [ RunTime:0.000000s ]
[ sql ] [ SQL ] SELECT COUNT(`userid`) AS tp_count FROM `cms_user_list` WHERE  `addtime` BETWEEN '2018-11-30 00:00:00' AND '2018-11-30 23:59:59' LIMIT 1 [ RunTime:0.000000s ]
[ sql ] [ SQL ] SELECT COUNT(`orderid`) AS tp_count FROM `cms_order_list` LIMIT 1 [ RunTime:0.000000s ]
[ sql ] [ SQL ] SELECT SUM(`money`) AS tp_sum FROM `cms_order_list` LIMIT 1 [ RunTime:0.000000s ]
[ sql ] [ SQL ] SELECT COUNT(`userid`) AS tp_count FROM `cms_user_list` WHERE  `addtime` BETWEEN '2018-12-01 00:00:00' AND '2018-12-01 23:59:59' LIMIT 1 [ RunTime:0.000000s ]
[ sql ] [ SQL ] SELECT COUNT(`orderid`) AS tp_count FROM `cms_order_list` LIMIT 1 [ RunTime:0.001000s ]
[ sql ] [ SQL ] SELECT SUM(`money`) AS tp_sum FROM `cms_order_list` LIMIT 1 [ RunTime:0.002000s ]
[ error ] [8]Use of undefined constant administrator - assumed 'administrator'[G:\www2\cms2\application\admin\controller\Common.php:82]
[ error ] [8]Use of undefined constant administrator - assumed 'administrator'[G:\www2\cms2\application\admin\controller\Common.php:83]
[ error ] [8]未定义变量: order_map[G:\www2\cms2\application\admin\model\IndexModel.php:58]
[ error ] [8]未定义变量: order_map[G:\www2\cms2\application\admin\model\IndexModel.php:64]
[ error ] [8]未定义变量: order_map[G:\www2\cms2\application\admin\model\IndexModel.php:58]
[ error ] [8]未定义变量: order_map[G:\www2\cms2\application\admin\model\IndexModel.php:64]
[ error ] [8]未定义变量: order_map[G:\www2\cms2\application\admin\model\IndexModel.php:58]
[ error ] [8]未定义变量: order_map[G:\www2\cms2\application\admin\model\IndexModel.php:64]
[ error ] [8]未定义变量: order_map[G:\www2\cms2\application\admin\model\IndexModel.php:58]
[ error ] [8]未定义变量: order_map[G:\www2\cms2\application\admin\model\IndexModel.php:64]
[ error ] [8]未定义变量: order_map[G:\www2\cms2\application\admin\model\IndexModel.php:58]
[ error ] [8]未定义变量: order_map[G:\www2\cms2\application\admin\model\IndexModel.php:64]
[ error ] [8]未定义变量: order_map[G:\www2\cms2\application\admin\model\IndexModel.php:58]
[ error ] [8]未定义变量: order_map[G:\www2\cms2\application\admin\model\IndexModel.php:64]
[ error ] [8]未定义变量: order_map[G:\www2\cms2\application\admin\model\IndexModel.php:58]
[ error ] [8]未定义变量: order_map[G:\www2\cms2\application\admin\model\IndexModel.php:64]
---------------------------------------------------------------
[ 2018-12-01T00:37:01+08:00 ] 127.0.0.1 GET www.cms2.com/admin.php/user/lists.html
[运行时间：0.075004s] [吞吐率：13.33req/s] [内存消耗：3,510.72kb] [文件加载：105]
[ info ] [ LANG ] G:\www2\cms2\thinkphp\lang\zh-cn.php
[ info ] [ BIND ] 'admin'
[ info ] [ ROUTE ] array (
)
[ info ] [ HEADER ] array (
  'cookie' => 'PHPSESSID=n8i1jgmjr64ce4ai5i1qnvtor2',
  'accept-language' => 'zh-CN,zh;q=0.9',
  'accept-encoding' => 'gzip, deflate',
  'referer' => 'http://www.cms2.com/admin.php',
  'accept' => 'text/html,application/xhtml+xml,application/xml;q=0.9,image/webp,image/apng,*/*;q=0.8',
  'user-agent' => 'Mozilla/5.0 (Windows NT 6.1; WOW64) AppleWebKit/537.36 (KHTML, like Gecko) Chrome/70.0.3538.102 Safari/537.36',
  'upgrade-insecure-requests' => '1',
  'connection' => 'keep-alive',
  'host' => 'www.cms2.com',
  'content-length' => '',
  'content-type' => '',
)
[ info ] [ PARAM ] array (
)
[ info ] [ DB ] INIT mysql
[ info ] [ VIEW ] G:\www2\cms2\application\admin\view\user\lists.html [ array (
  0 => 'title',
  1 => 'controller',
  2 => 'action',
) ]
[ error ] [8]未定义变量: param[G:\www2\cms2\application\admin\controller\Common.php:54]
[ error ] [8]Use of undefined constant administrator - assumed 'administrator'[G:\www2\cms2\application\admin\controller\Common.php:82]
[ error ] [8]Use of undefined constant administrator - assumed 'administrator'[G:\www2\cms2\application\admin\controller\Common.php:83]
[ sql ] [ DB ] CONNECT:[ UseTime:0.001000s ] mysql:host=127.0.0.1;dbname=cms0518;charset=utf8
[ sql ] [ SQL ] SHOW COLUMNS FROM `cms_admin_log` [ RunTime:0.009001s ]
[ sql ] [ SQL ] INSERT INTO `cms_admin_log` (`adminid` , `name` , `content` , `addtime`) VALUES (1 , '超级管理员' , '[访问_数据列表] , 控制器：user/lists' , '2018-12-01 00:37:01') [ RunTime:0.000000s ]
---------------------------------------------------------------
[ 2018-12-01T00:37:02+08:00 ] 127.0.0.1 GET www.cms2.com/admin.php/user/lists.html?page=1&limit=10
[运行时间：0.113006s] [吞吐率：8.85req/s] [内存消耗：3,436.59kb] [文件加载：101]
[ info ] [ LANG ] G:\www2\cms2\thinkphp\lang\zh-cn.php
[ info ] [ BIND ] 'admin'
[ info ] [ ROUTE ] array (
)
[ info ] [ HEADER ] array (
  'cookie' => 'PHPSESSID=n8i1jgmjr64ce4ai5i1qnvtor2',
  'accept-language' => 'zh-CN,zh;q=0.9',
  'accept-encoding' => 'gzip, deflate',
  'referer' => 'http://www.cms2.com/admin.php/user/lists.html',
  'user-agent' => 'Mozilla/5.0 (Windows NT 6.1; WOW64) AppleWebKit/537.36 (KHTML, like Gecko) Chrome/70.0.3538.102 Safari/537.36',
  'x-requested-with' => 'XMLHttpRequest',
  'accept' => 'application/json, text/javascript, */*; q=0.01',
  'connection' => 'keep-alive',
  'host' => 'www.cms2.com',
  'content-length' => '',
  'content-type' => '',
)
[ info ] [ PARAM ] array (
  'page' => '1',
  'limit' => '10',
)
[ info ] [ DB ] INIT mysql
[ error ] [8]Use of undefined constant administrator - assumed 'administrator'[G:\www2\cms2\application\admin\controller\Common.php:82]
[ error ] [8]Use of undefined constant administrator - assumed 'administrator'[G:\www2\cms2\application\admin\controller\Common.php:83]
[ sql ] [ DB ] CONNECT:[ UseTime:0.001000s ] mysql:host=127.0.0.1;dbname=cms0518;charset=utf8
[ sql ] [ SQL ] SHOW COLUMNS FROM `cms_admin_log` [ RunTime:0.008000s ]
[ sql ] [ SQL ] INSERT INTO `cms_admin_log` (`adminid` , `name` , `content` , `addtime`) VALUES (1 , '超级管理员' , '[操作_数据列表] , 控制器：user/lists , 参数：{\"page\":\"1\",\"limit\":\"10\"}' , '2018-12-01 00:37:02') [ RunTime:0.031002s ]
[ sql ] [ SQL ] SHOW COLUMNS FROM `cms_user_list` [ RunTime:0.007000s ]
[ sql ] [ SQL ] SELECT * FROM `cms_user_list` ORDER BY `addtime` DESC LIMIT 0,10 [ RunTime:0.001000s ]
[ sql ] [ SQL ] SELECT COUNT(*) AS tp_count FROM `cms_user_list` LIMIT 1 [ RunTime:0.000000s ]
---------------------------------------------------------------
[ 2018-12-01T00:37:02+08:00 ] 127.0.0.1 GET www.cms2.com/admin.php/user/undefined
[运行时间：0.079004s] [吞吐率：12.66req/s] [内存消耗：3,465.07kb] [文件加载：105]
[ info ] [ LANG ] G:\www2\cms2\thinkphp\lang\zh-cn.php
[ info ] [ BIND ] 'admin'
[ info ] [ ROUTE ] array (
)
[ info ] [ HEADER ] array (
  'cookie' => 'PHPSESSID=n8i1jgmjr64ce4ai5i1qnvtor2',
  'accept-language' => 'zh-CN,zh;q=0.9',
  'accept-encoding' => 'gzip, deflate',
  'referer' => 'http://www.cms2.com/admin.php/user/lists.html',
  'accept' => 'image/webp,image/apng,image/*,*/*;q=0.8',
  'user-agent' => 'Mozilla/5.0 (Windows NT 6.1; WOW64) AppleWebKit/537.36 (KHTML, like Gecko) Chrome/70.0.3538.102 Safari/537.36',
  'connection' => 'keep-alive',
  'host' => 'www.cms2.com',
  'content-length' => '',
  'content-type' => '',
)
[ info ] [ PARAM ] array (
)
[ info ] [ DB ] INIT mysql
[ sql ] [ DB ] CONNECT:[ UseTime:0.001000s ] mysql:host=127.0.0.1;dbname=cms0518;charset=utf8
[ sql ] [ SQL ] SHOW COLUMNS FROM `cms_admin_action` [ RunTime:0.005000s ]
[ sql ] [ SQL ] SELECT `name` FROM `cms_admin_action` WHERE  `controller` = 'user'  AND `action` = 'undefined' LIMIT 1 [ RunTime:0.001000s ]
[ sql ] [ SQL ] SHOW COLUMNS FROM `cms_admin_log` [ RunTime:0.006000s ]
[ sql ] [ SQL ] INSERT INTO `cms_admin_log` (`adminid` , `name` , `content` , `addtime`) VALUES (1 , '超级管理员' , '[访问_] , 控制器：user/undefined' , '2018-12-01 00:37:02') [ RunTime:0.001000s ]
[ error ] [8]未定义变量: param[G:\www2\cms2\application\admin\controller\Common.php:54]
[ error ] [8]Use of undefined constant administrator - assumed 'administrator'[G:\www2\cms2\application\admin\controller\Common.php:82]
[ error ] [8]Use of undefined constant administrator - assumed 'administrator'[G:\www2\cms2\application\admin\controller\Common.php:83]
