---------------------------------------------------------------
[ 2018-12-20T23:02:58+08:00 ] 127.0.0.1 GET www.cms2.com/admin.php
[运行时间：0.689039s] [吞吐率：1.45req/s] [内存消耗：2,518.23kb] [文件加载：97]
[ info ] [ LANG ] G:\www2\cms2\thinkphp\lang\zh-cn.php
[ info ] [ BIND ] 'admin'
[ info ] [ ROUTE ] array (
)
[ info ] [ HEADER ] array (
  'cookie' => 'UM_distinctid=165ddec45c9243-09a357a0a391e9-454c092b-1fa400-165ddec45ca540; CNZZDATA30088308=cnzz_eid%3D1026693634-1537021648-%26ntime%3D1537027091',
  'accept-language' => 'zh-CN,zh;q=0.9',
  'accept-encoding' => 'gzip, deflate',
  'accept' => 'text/html,application/xhtml+xml,application/xml;q=0.9,image/webp,image/apng,*/*;q=0.8',
  'user-agent' => 'Mozilla/5.0 (Windows NT 6.1; WOW64) AppleWebKit/537.36 (KHTML, like Gecko) Chrome/63.0.3239.132 Safari/537.36',
  'upgrade-insecure-requests' => '1',
  'connection' => 'keep-alive',
  'host' => 'www.cms2.com',
  'content-length' => '',
  'content-type' => '',
)
[ info ] [ PARAM ] array (
)
[ info ] [ VIEW ] G:\www2\cms2\thinkphp\tpl/dispatch_jump.tpl [ array (
  0 => 'code',
  1 => 'msg',
  2 => 'data',
  3 => 'url',
  4 => 'wait',
) ]
[ error ] [8]Use of undefined constant administrator - assumed 'administrator'[G:\www2\cms2\application\admin\controller\Common.php:18]
---------------------------------------------------------------
[ 2018-12-20T23:03:01+08:00 ] 127.0.0.1 GET www.cms2.com/admin.php/login/index.html
[运行时间：0.105006s] [吞吐率：9.52req/s] [内存消耗：2,287.68kb] [文件加载：87]
[ info ] [ LANG ] G:\www2\cms2\thinkphp\lang\zh-cn.php
[ info ] [ BIND ] 'admin'
[ info ] [ ROUTE ] array (
)
[ info ] [ HEADER ] array (
  'cookie' => 'UM_distinctid=165ddec45c9243-09a357a0a391e9-454c092b-1fa400-165ddec45ca540; CNZZDATA30088308=cnzz_eid%3D1026693634-1537021648-%26ntime%3D1537027091; PHPSESSID=ktp5mgunmdvfqm0lcbqhuuokm5',
  'accept-language' => 'zh-CN,zh;q=0.9',
  'accept-encoding' => 'gzip, deflate',
  'referer' => 'http://www.cms2.com/admin.php',
  'accept' => 'text/html,application/xhtml+xml,application/xml;q=0.9,image/webp,image/apng,*/*;q=0.8',
  'user-agent' => 'Mozilla/5.0 (Windows NT 6.1; WOW64) AppleWebKit/537.36 (KHTML, like Gecko) Chrome/63.0.3239.132 Safari/537.36',
  'upgrade-insecure-requests' => '1',
  'connection' => 'keep-alive',
  'host' => 'www.cms2.com',
  'content-length' => '',
  'content-type' => '',
)
[ info ] [ PARAM ] array (
)
[ info ] [ VIEW ] G:\www2\cms2\application\admin\view\login\index.html [ array (
) ]
---------------------------------------------------------------
[ 2018-12-20T23:03:01+08:00 ] 127.0.0.1 GET www.cms2.com/admin.php/captcha.html
[运行时间：0.212012s] [吞吐率：4.72req/s] [内存消耗：1,878.66kb] [文件加载：72]
[ info ] [ LANG ] G:\www2\cms2\thinkphp\lang\zh-cn.php
[ info ] [ BIND ] 'admin'
[ info ] [ ROUTE ] array (
  'rule' => 'captcha/<id?>',
  'route' => '\\think\\captcha\\CaptchaController@index',
  'option' => 
  array (
    'merge_rule_regex' => false,
  ),
  'var' => 
  array (
  ),
)
[ info ] [ HEADER ] array (
  'cookie' => 'UM_distinctid=165ddec45c9243-09a357a0a391e9-454c092b-1fa400-165ddec45ca540; CNZZDATA30088308=cnzz_eid%3D1026693634-1537021648-%26ntime%3D1537027091; PHPSESSID=ktp5mgunmdvfqm0lcbqhuuokm5',
  'accept-language' => 'zh-CN,zh;q=0.9',
  'accept-encoding' => 'gzip, deflate',
  'referer' => 'http://www.cms2.com/admin.php/login/index.html',
  'accept' => 'image/webp,image/apng,image/*,*/*;q=0.8',
  'user-agent' => 'Mozilla/5.0 (Windows NT 6.1; WOW64) AppleWebKit/537.36 (KHTML, like Gecko) Chrome/63.0.3239.132 Safari/537.36',
  'connection' => 'keep-alive',
  'host' => 'www.cms2.com',
  'content-length' => '',
  'content-type' => '',
)
[ info ] [ PARAM ] array (
)
---------------------------------------------------------------
[ 2018-12-20T23:03:04+08:00 ] 127.0.0.1 GET www.cms2.com/admin.php/login/index.html
[运行时间：0.062004s] [吞吐率：16.13req/s] [内存消耗：2,287.68kb] [文件加载：87]
[ info ] [ LANG ] G:\www2\cms2\thinkphp\lang\zh-cn.php
[ info ] [ BIND ] 'admin'
[ info ] [ ROUTE ] array (
)
[ info ] [ HEADER ] array (
  'cookie' => 'UM_distinctid=165ddec45c9243-09a357a0a391e9-454c092b-1fa400-165ddec45ca540; CNZZDATA30088308=cnzz_eid%3D1026693634-1537021648-%26ntime%3D1537027091; PHPSESSID=ktp5mgunmdvfqm0lcbqhuuokm5',
  'accept-language' => 'zh-CN,zh;q=0.9',
  'accept-encoding' => 'gzip, deflate',
  'referer' => 'http://www.cms2.com/admin.php',
  'accept' => 'text/html,application/xhtml+xml,application/xml;q=0.9,image/webp,image/apng,*/*;q=0.8',
  'user-agent' => 'Mozilla/5.0 (Windows NT 6.1; WOW64) AppleWebKit/537.36 (KHTML, like Gecko) Chrome/63.0.3239.132 Safari/537.36',
  'upgrade-insecure-requests' => '1',
  'cache-control' => 'max-age=0',
  'connection' => 'keep-alive',
  'host' => 'www.cms2.com',
  'content-length' => '',
  'content-type' => '',
)
[ info ] [ PARAM ] array (
)
[ info ] [ VIEW ] G:\www2\cms2\application\admin\view\login\index.html [ array (
) ]
---------------------------------------------------------------
[ 2018-12-20T23:03:04+08:00 ] 127.0.0.1 GET www.cms2.com/admin.php/captcha.html
[运行时间：0.081004s] [吞吐率：12.35req/s] [内存消耗：1,878.66kb] [文件加载：72]
[ info ] [ LANG ] G:\www2\cms2\thinkphp\lang\zh-cn.php
[ info ] [ BIND ] 'admin'
[ info ] [ ROUTE ] array (
  'rule' => 'captcha/<id?>',
  'route' => '\\think\\captcha\\CaptchaController@index',
  'option' => 
  array (
    'merge_rule_regex' => false,
  ),
  'var' => 
  array (
  ),
)
[ info ] [ HEADER ] array (
  'cookie' => 'UM_distinctid=165ddec45c9243-09a357a0a391e9-454c092b-1fa400-165ddec45ca540; CNZZDATA30088308=cnzz_eid%3D1026693634-1537021648-%26ntime%3D1537027091; PHPSESSID=ktp5mgunmdvfqm0lcbqhuuokm5',
  'accept-language' => 'zh-CN,zh;q=0.9',
  'accept-encoding' => 'gzip, deflate',
  'referer' => 'http://www.cms2.com/admin.php/login/index.html',
  'accept' => 'image/webp,image/apng,image/*,*/*;q=0.8',
  'user-agent' => 'Mozilla/5.0 (Windows NT 6.1; WOW64) AppleWebKit/537.36 (KHTML, like Gecko) Chrome/63.0.3239.132 Safari/537.36',
  'connection' => 'keep-alive',
  'host' => 'www.cms2.com',
  'content-length' => '',
  'content-type' => '',
)
[ info ] [ PARAM ] array (
)
---------------------------------------------------------------
[ 2018-12-20T23:03:05+08:00 ] 127.0.0.1 GET www.cms2.com/admin.php/login/index.html
[运行时间：0.075004s] [吞吐率：13.33req/s] [内存消耗：2,287.68kb] [文件加载：87]
[ info ] [ LANG ] G:\www2\cms2\thinkphp\lang\zh-cn.php
[ info ] [ BIND ] 'admin'
[ info ] [ ROUTE ] array (
)
[ info ] [ HEADER ] array (
  'cookie' => 'UM_distinctid=165ddec45c9243-09a357a0a391e9-454c092b-1fa400-165ddec45ca540; CNZZDATA30088308=cnzz_eid%3D1026693634-1537021648-%26ntime%3D1537027091; PHPSESSID=ktp5mgunmdvfqm0lcbqhuuokm5',
  'accept-language' => 'zh-CN,zh;q=0.9',
  'accept-encoding' => 'gzip, deflate',
  'referer' => 'http://www.cms2.com/admin.php',
  'accept' => 'text/html,application/xhtml+xml,application/xml;q=0.9,image/webp,image/apng,*/*;q=0.8',
  'user-agent' => 'Mozilla/5.0 (Windows NT 6.1; WOW64) AppleWebKit/537.36 (KHTML, like Gecko) Chrome/63.0.3239.132 Safari/537.36',
  'upgrade-insecure-requests' => '1',
  'cache-control' => 'max-age=0',
  'connection' => 'keep-alive',
  'host' => 'www.cms2.com',
  'content-length' => '',
  'content-type' => '',
)
[ info ] [ PARAM ] array (
)
[ info ] [ VIEW ] G:\www2\cms2\application\admin\view\login\index.html [ array (
) ]
---------------------------------------------------------------
[ 2018-12-20T23:03:05+08:00 ] 127.0.0.1 GET www.cms2.com/admin.php/captcha.html
[运行时间：0.047003s] [吞吐率：21.28req/s] [内存消耗：1,878.69kb] [文件加载：72]
[ info ] [ LANG ] G:\www2\cms2\thinkphp\lang\zh-cn.php
[ info ] [ BIND ] 'admin'
[ info ] [ ROUTE ] array (
  'rule' => 'captcha/<id?>',
  'route' => '\\think\\captcha\\CaptchaController@index',
  'option' => 
  array (
    'merge_rule_regex' => false,
  ),
  'var' => 
  array (
  ),
)
[ info ] [ HEADER ] array (
  'cookie' => 'UM_distinctid=165ddec45c9243-09a357a0a391e9-454c092b-1fa400-165ddec45ca540; CNZZDATA30088308=cnzz_eid%3D1026693634-1537021648-%26ntime%3D1537027091; PHPSESSID=ktp5mgunmdvfqm0lcbqhuuokm5',
  'accept-language' => 'zh-CN,zh;q=0.9',
  'accept-encoding' => 'gzip, deflate',
  'referer' => 'http://www.cms2.com/admin.php/login/index.html',
  'accept' => 'image/webp,image/apng,image/*,*/*;q=0.8',
  'user-agent' => 'Mozilla/5.0 (Windows NT 6.1; WOW64) AppleWebKit/537.36 (KHTML, like Gecko) Chrome/63.0.3239.132 Safari/537.36',
  'connection' => 'keep-alive',
  'host' => 'www.cms2.com',
  'content-length' => '',
  'content-type' => '',
)
[ info ] [ PARAM ] array (
)
---------------------------------------------------------------
[ 2018-12-20T23:03:06+08:00 ] 127.0.0.1 GET www.cms2.com/admin.php/login/index.html
[运行时间：0.083005s] [吞吐率：12.05req/s] [内存消耗：2,287.68kb] [文件加载：87]
[ info ] [ LANG ] G:\www2\cms2\thinkphp\lang\zh-cn.php
[ info ] [ BIND ] 'admin'
[ info ] [ ROUTE ] array (
)
[ info ] [ HEADER ] array (
  'cookie' => 'UM_distinctid=165ddec45c9243-09a357a0a391e9-454c092b-1fa400-165ddec45ca540; CNZZDATA30088308=cnzz_eid%3D1026693634-1537021648-%26ntime%3D1537027091; PHPSESSID=ktp5mgunmdvfqm0lcbqhuuokm5',
  'accept-language' => 'zh-CN,zh;q=0.9',
  'accept-encoding' => 'gzip, deflate',
  'referer' => 'http://www.cms2.com/admin.php',
  'accept' => 'text/html,application/xhtml+xml,application/xml;q=0.9,image/webp,image/apng,*/*;q=0.8',
  'user-agent' => 'Mozilla/5.0 (Windows NT 6.1; WOW64) AppleWebKit/537.36 (KHTML, like Gecko) Chrome/63.0.3239.132 Safari/537.36',
  'upgrade-insecure-requests' => '1',
  'cache-control' => 'max-age=0',
  'connection' => 'keep-alive',
  'host' => 'www.cms2.com',
  'content-length' => '',
  'content-type' => '',
)
[ info ] [ PARAM ] array (
)
[ info ] [ VIEW ] G:\www2\cms2\application\admin\view\login\index.html [ array (
) ]
---------------------------------------------------------------
[ 2018-12-20T23:03:06+08:00 ] 127.0.0.1 GET www.cms2.com/admin.php/captcha.html
[运行时间：0.066004s] [吞吐率：15.15req/s] [内存消耗：1,878.66kb] [文件加载：72]
[ info ] [ LANG ] G:\www2\cms2\thinkphp\lang\zh-cn.php
[ info ] [ BIND ] 'admin'
[ info ] [ ROUTE ] array (
  'rule' => 'captcha/<id?>',
  'route' => '\\think\\captcha\\CaptchaController@index',
  'option' => 
  array (
    'merge_rule_regex' => false,
  ),
  'var' => 
  array (
  ),
)
[ info ] [ HEADER ] array (
  'cookie' => 'UM_distinctid=165ddec45c9243-09a357a0a391e9-454c092b-1fa400-165ddec45ca540; CNZZDATA30088308=cnzz_eid%3D1026693634-1537021648-%26ntime%3D1537027091; PHPSESSID=ktp5mgunmdvfqm0lcbqhuuokm5',
  'accept-language' => 'zh-CN,zh;q=0.9',
  'accept-encoding' => 'gzip, deflate',
  'referer' => 'http://www.cms2.com/admin.php/login/index.html',
  'accept' => 'image/webp,image/apng,image/*,*/*;q=0.8',
  'user-agent' => 'Mozilla/5.0 (Windows NT 6.1; WOW64) AppleWebKit/537.36 (KHTML, like Gecko) Chrome/63.0.3239.132 Safari/537.36',
  'connection' => 'keep-alive',
  'host' => 'www.cms2.com',
  'content-length' => '',
  'content-type' => '',
)
[ info ] [ PARAM ] array (
)
---------------------------------------------------------------
[ 2018-12-20T23:03:15+08:00 ] 127.0.0.1 POST www.cms2.com/admin.php/login/index.html
[运行时间：0.221013s] [吞吐率：4.52req/s] [内存消耗：3,409.71kb] [文件加载：102]
[ info ] [ LANG ] G:\www2\cms2\thinkphp\lang\zh-cn.php
[ info ] [ BIND ] 'admin'
[ info ] [ ROUTE ] array (
)
[ info ] [ HEADER ] array (
  'cookie' => 'UM_distinctid=165ddec45c9243-09a357a0a391e9-454c092b-1fa400-165ddec45ca540; CNZZDATA30088308=cnzz_eid%3D1026693634-1537021648-%26ntime%3D1537027091; PHPSESSID=ktp5mgunmdvfqm0lcbqhuuokm5',
  'accept-language' => 'zh-CN,zh;q=0.9',
  'accept-encoding' => 'gzip, deflate',
  'referer' => 'http://www.cms2.com/admin.php/login/index.html',
  'content-type' => 'application/x-www-form-urlencoded; charset=UTF-8',
  'user-agent' => 'Mozilla/5.0 (Windows NT 6.1; WOW64) AppleWebKit/537.36 (KHTML, like Gecko) Chrome/63.0.3239.132 Safari/537.36',
  'x-requested-with' => 'XMLHttpRequest',
  'origin' => 'http://www.cms2.com',
  'accept' => 'application/json, text/javascript, */*; q=0.01',
  'content-length' => '43',
  'connection' => 'keep-alive',
  'host' => 'www.cms2.com',
)
[ info ] [ PARAM ] array (
  'username' => 'admin',
  'password' => '123456',
  'vercode' => 'hkxv',
)
[ info ] [ DB ] INIT mysql
[ sql ] [ DB ] CONNECT:[ UseTime:0.006001s ] mysql:host=127.0.0.1;dbname=cms0518;charset=utf8
[ sql ] [ SQL ] SHOW COLUMNS FROM `cms_admin_list` [ RunTime:0.086005s ]
[ sql ] [ SQL ] SELECT * FROM `cms_admin_list` WHERE  `username` = 'admin'  AND `password` = 'e10adc3949ba59abbe56e057f20f883e'  AND `status` = 1 LIMIT 1 [ RunTime:0.001000s ]
---------------------------------------------------------------
[ 2018-12-20T23:03:17+08:00 ] 127.0.0.1 GET www.cms2.com/admin.php/index/index.html
[运行时间：0.226013s] [吞吐率：4.42req/s] [内存消耗：3,150.13kb] [文件加载：97]
[ info ] [ LANG ] G:\www2\cms2\thinkphp\lang\zh-cn.php
[ info ] [ BIND ] 'admin'
[ info ] [ ROUTE ] array (
)
[ info ] [ HEADER ] array (
  'cookie' => 'UM_distinctid=165ddec45c9243-09a357a0a391e9-454c092b-1fa400-165ddec45ca540; CNZZDATA30088308=cnzz_eid%3D1026693634-1537021648-%26ntime%3D1537027091; PHPSESSID=ktp5mgunmdvfqm0lcbqhuuokm5',
  'accept-language' => 'zh-CN,zh;q=0.9',
  'accept-encoding' => 'gzip, deflate',
  'referer' => 'http://www.cms2.com/admin.php/login/index.html',
  'accept' => 'text/html,application/xhtml+xml,application/xml;q=0.9,image/webp,image/apng,*/*;q=0.8',
  'user-agent' => 'Mozilla/5.0 (Windows NT 6.1; WOW64) AppleWebKit/537.36 (KHTML, like Gecko) Chrome/63.0.3239.132 Safari/537.36',
  'upgrade-insecure-requests' => '1',
  'connection' => 'keep-alive',
  'host' => 'www.cms2.com',
  'content-length' => '',
  'content-type' => '',
)
[ info ] [ PARAM ] array (
)
[ info ] [ DB ] INIT mysql
[ info ] [ VIEW ] G:\www2\cms2\application\admin\view\index\index.html [ array (
  0 => 'title',
  1 => 'controller',
  2 => 'action',
) ]
[ sql ] [ DB ] CONNECT:[ UseTime:0.003000s ] mysql:host=127.0.0.1;dbname=cms0518;charset=utf8
[ sql ] [ SQL ] SHOW COLUMNS FROM `cms_admin_action` [ RunTime:0.059003s ]
[ sql ] [ SQL ] SELECT `name` FROM `cms_admin_action` WHERE  `controller` = 'index'  AND `action` = 'index' LIMIT 1 [ RunTime:0.013001s ]
[ sql ] [ SQL ] SHOW COLUMNS FROM `cms_admin_log` [ RunTime:0.033002s ]
[ sql ] [ SQL ] INSERT INTO `cms_admin_log` (`adminid` , `name` , `content` , `addtime`) VALUES (1 , '超级管理员' , '[访问_] , 控制器：index/index' , '2018-12-20 23:03:17') [ RunTime:0.016001s ]
[ error ] [8]未定义变量: param[G:\www2\cms2\application\admin\controller\Common.php:54]
[ error ] [8]Use of undefined constant administrator - assumed 'administrator'[G:\www2\cms2\application\admin\controller\Common.php:82]
[ error ] [8]Use of undefined constant administrator - assumed 'administrator'[G:\www2\cms2\application\admin\controller\Common.php:83]
---------------------------------------------------------------
[ 2018-12-20T23:03:18+08:00 ] 127.0.0.1 GET www.cms2.com/admin.php/index/ecscharts.html
[运行时间：0.101006s] [吞吐率：9.90req/s] [内存消耗：3,097.45kb] [文件加载：95]
[ info ] [ LANG ] G:\www2\cms2\thinkphp\lang\zh-cn.php
[ info ] [ BIND ] 'admin'
[ info ] [ ROUTE ] array (
)
[ info ] [ HEADER ] array (
  'cookie' => 'UM_distinctid=165ddec45c9243-09a357a0a391e9-454c092b-1fa400-165ddec45ca540; CNZZDATA30088308=cnzz_eid%3D1026693634-1537021648-%26ntime%3D1537027091; PHPSESSID=ktp5mgunmdvfqm0lcbqhuuokm5',
  'accept-language' => 'zh-CN,zh;q=0.9',
  'accept-encoding' => 'gzip, deflate',
  'referer' => 'http://www.cms2.com/admin.php/index/index.html',
  'accept' => 'text/html,application/xhtml+xml,application/xml;q=0.9,image/webp,image/apng,*/*;q=0.8',
  'user-agent' => 'Mozilla/5.0 (Windows NT 6.1; WOW64) AppleWebKit/537.36 (KHTML, like Gecko) Chrome/63.0.3239.132 Safari/537.36',
  'upgrade-insecure-requests' => '1',
  'connection' => 'keep-alive',
  'host' => 'www.cms2.com',
  'content-length' => '',
  'content-type' => '',
)
[ info ] [ PARAM ] array (
)
[ info ] [ DB ] INIT mysql
[ info ] [ VIEW ] G:\www2\cms2\application\admin\view\index\ecscharts.html [ array (
  0 => 'title',
  1 => 'controller',
  2 => 'action',
) ]
[ sql ] [ DB ] CONNECT:[ UseTime:0.002001s ] mysql:host=127.0.0.1;dbname=cms0518;charset=utf8
[ sql ] [ SQL ] SHOW COLUMNS FROM `cms_admin_action` [ RunTime:0.008000s ]
[ sql ] [ SQL ] SELECT `name` FROM `cms_admin_action` WHERE  `controller` = 'index'  AND `action` = 'ecscharts' LIMIT 1 [ RunTime:0.001000s ]
[ sql ] [ SQL ] SHOW COLUMNS FROM `cms_admin_log` [ RunTime:0.006001s ]
[ sql ] [ SQL ] INSERT INTO `cms_admin_log` (`adminid` , `name` , `content` , `addtime`) VALUES (1 , '超级管理员' , '[访问_] , 控制器：index/ecscharts' , '2018-12-20 23:03:18') [ RunTime:0.000000s ]
[ error ] [8]未定义变量: param[G:\www2\cms2\application\admin\controller\Common.php:54]
[ error ] [8]Use of undefined constant administrator - assumed 'administrator'[G:\www2\cms2\application\admin\controller\Common.php:82]
[ error ] [8]Use of undefined constant administrator - assumed 'administrator'[G:\www2\cms2\application\admin\controller\Common.php:83]
[ error ] [8]Use of undefined constant dddd22 - assumed 'dddd22'[G:\www2\cms2\runtime\temp\9e4742b7a30d976e8fabfbe12b0feaaa.php:40]
---------------------------------------------------------------
[ 2018-12-20T23:03:19+08:00 ] 127.0.0.1 POST www.cms2.com/admin.php/index/ecscharts.html
[运行时间：0.385022s] [吞吐率：2.60req/s] [内存消耗：3,442.60kb] [文件加载：102]
[ info ] [ LANG ] G:\www2\cms2\thinkphp\lang\zh-cn.php
[ info ] [ BIND ] 'admin'
[ info ] [ ROUTE ] array (
)
[ info ] [ HEADER ] array (
  'cookie' => 'UM_distinctid=165ddec45c9243-09a357a0a391e9-454c092b-1fa400-165ddec45ca540; CNZZDATA30088308=cnzz_eid%3D1026693634-1537021648-%26ntime%3D1537027091; PHPSESSID=ktp5mgunmdvfqm0lcbqhuuokm5',
  'accept-language' => 'zh-CN,zh;q=0.9',
  'accept-encoding' => 'gzip, deflate',
  'referer' => 'http://www.cms2.com/admin.php/index/ecscharts.html',
  'content-type' => 'application/x-www-form-urlencoded; charset=UTF-8',
  'user-agent' => 'Mozilla/5.0 (Windows NT 6.1; WOW64) AppleWebKit/537.36 (KHTML, like Gecko) Chrome/63.0.3239.132 Safari/537.36',
  'x-requested-with' => 'XMLHttpRequest',
  'origin' => 'http://www.cms2.com',
  'accept' => 'application/json, text/javascript, */*; q=0.01',
  'content-length' => '6',
  'connection' => 'keep-alive',
  'host' => 'www.cms2.com',
)
[ info ] [ PARAM ] array (
  'type' => '7',
)
[ info ] [ DB ] INIT mysql
[ sql ] [ DB ] CONNECT:[ UseTime:0.012001s ] mysql:host=127.0.0.1;dbname=cms0518;charset=utf8
[ sql ] [ SQL ] SHOW COLUMNS FROM `cms_admin_action` [ RunTime:0.015001s ]
[ sql ] [ SQL ] SELECT `name` FROM `cms_admin_action` WHERE  `controller` = 'index'  AND `action` = 'ecscharts' LIMIT 1 [ RunTime:0.001000s ]
[ sql ] [ SQL ] SHOW COLUMNS FROM `cms_admin_log` [ RunTime:0.013001s ]
[ sql ] [ SQL ] INSERT INTO `cms_admin_log` (`adminid` , `name` , `content` , `addtime`) VALUES (1 , '超级管理员' , '[操作_] , 控制器：index/ecscharts , 参数：{\"type\":\"7\"}' , '2018-12-20 23:03:19') [ RunTime:0.001000s ]
[ sql ] [ SQL ] SHOW COLUMNS FROM `cms_user_list` [ RunTime:0.056003s ]
[ sql ] [ SQL ] SELECT COUNT(`userid`) AS tp_count FROM `cms_user_list` WHERE  `addtime` BETWEEN '2018-12-14 00:00:00' AND '2018-12-14 23:59:59' LIMIT 1 [ RunTime:0.040003s ]
[ sql ] [ SQL ] SHOW COLUMNS FROM `cms_order_list` [ RunTime:0.069004s ]
[ sql ] [ SQL ] SELECT COUNT(`orderid`) AS tp_count FROM `cms_order_list` LIMIT 1 [ RunTime:0.000000s ]
[ sql ] [ SQL ] SELECT SUM(`money`) AS tp_sum FROM `cms_order_list` LIMIT 1 [ RunTime:0.001000s ]
[ sql ] [ SQL ] SELECT COUNT(`userid`) AS tp_count FROM `cms_user_list` WHERE  `addtime` BETWEEN '2018-12-15 00:00:00' AND '2018-12-15 23:59:59' LIMIT 1 [ RunTime:0.000000s ]
[ sql ] [ SQL ] SELECT COUNT(`orderid`) AS tp_count FROM `cms_order_list` LIMIT 1 [ RunTime:0.001000s ]
[ sql ] [ SQL ] SELECT SUM(`money`) AS tp_sum FROM `cms_order_list` LIMIT 1 [ RunTime:0.000000s ]
[ sql ] [ SQL ] SELECT COUNT(`userid`) AS tp_count FROM `cms_user_list` WHERE  `addtime` BETWEEN '2018-12-16 00:00:00' AND '2018-12-16 23:59:59' LIMIT 1 [ RunTime:0.001000s ]
[ sql ] [ SQL ] SELECT COUNT(`orderid`) AS tp_count FROM `cms_order_list` LIMIT 1 [ RunTime:0.000000s ]
[ sql ] [ SQL ] SELECT SUM(`money`) AS tp_sum FROM `cms_order_list` LIMIT 1 [ RunTime:0.000000s ]
[ sql ] [ SQL ] SELECT COUNT(`userid`) AS tp_count FROM `cms_user_list` WHERE  `addtime` BETWEEN '2018-12-17 00:00:00' AND '2018-12-17 23:59:59' LIMIT 1 [ RunTime:0.001000s ]
[ sql ] [ SQL ] SELECT COUNT(`orderid`) AS tp_count FROM `cms_order_list` LIMIT 1 [ RunTime:0.000000s ]
[ sql ] [ SQL ] SELECT SUM(`money`) AS tp_sum FROM `cms_order_list` LIMIT 1 [ RunTime:0.000000s ]
[ sql ] [ SQL ] SELECT COUNT(`userid`) AS tp_count FROM `cms_user_list` WHERE  `addtime` BETWEEN '2018-12-18 00:00:00' AND '2018-12-18 23:59:59' LIMIT 1 [ RunTime:0.000000s ]
[ sql ] [ SQL ] SELECT COUNT(`orderid`) AS tp_count FROM `cms_order_list` LIMIT 1 [ RunTime:0.000000s ]
[ sql ] [ SQL ] SELECT SUM(`money`) AS tp_sum FROM `cms_order_list` LIMIT 1 [ RunTime:0.000000s ]
[ sql ] [ SQL ] SELECT COUNT(`userid`) AS tp_count FROM `cms_user_list` WHERE  `addtime` BETWEEN '2018-12-19 00:00:00' AND '2018-12-19 23:59:59' LIMIT 1 [ RunTime:0.000000s ]
[ sql ] [ SQL ] SELECT COUNT(`orderid`) AS tp_count FROM `cms_order_list` LIMIT 1 [ RunTime:0.000000s ]
[ sql ] [ SQL ] SELECT SUM(`money`) AS tp_sum FROM `cms_order_list` LIMIT 1 [ RunTime:0.000000s ]
[ sql ] [ SQL ] SELECT COUNT(`userid`) AS tp_count FROM `cms_user_list` WHERE  `addtime` BETWEEN '2018-12-20 00:00:00' AND '2018-12-20 23:59:59' LIMIT 1 [ RunTime:0.000000s ]
[ sql ] [ SQL ] SELECT COUNT(`orderid`) AS tp_count FROM `cms_order_list` LIMIT 1 [ RunTime:0.000000s ]
[ sql ] [ SQL ] SELECT SUM(`money`) AS tp_sum FROM `cms_order_list` LIMIT 1 [ RunTime:0.000000s ]
[ error ] [8]Use of undefined constant administrator - assumed 'administrator'[G:\www2\cms2\application\admin\controller\Common.php:82]
[ error ] [8]Use of undefined constant administrator - assumed 'administrator'[G:\www2\cms2\application\admin\controller\Common.php:83]
[ error ] [8]未定义变量: order_map[G:\www2\cms2\application\admin\model\IndexModel.php:58]
[ error ] [8]未定义变量: order_map[G:\www2\cms2\application\admin\model\IndexModel.php:64]
[ error ] [8]未定义变量: order_map[G:\www2\cms2\application\admin\model\IndexModel.php:58]
[ error ] [8]未定义变量: order_map[G:\www2\cms2\application\admin\model\IndexModel.php:64]
[ error ] [8]未定义变量: order_map[G:\www2\cms2\application\admin\model\IndexModel.php:58]
[ error ] [8]未定义变量: order_map[G:\www2\cms2\application\admin\model\IndexModel.php:64]
[ error ] [8]未定义变量: order_map[G:\www2\cms2\application\admin\model\IndexModel.php:58]
[ error ] [8]未定义变量: order_map[G:\www2\cms2\application\admin\model\IndexModel.php:64]
[ error ] [8]未定义变量: order_map[G:\www2\cms2\application\admin\model\IndexModel.php:58]
[ error ] [8]未定义变量: order_map[G:\www2\cms2\application\admin\model\IndexModel.php:64]
[ error ] [8]未定义变量: order_map[G:\www2\cms2\application\admin\model\IndexModel.php:58]
[ error ] [8]未定义变量: order_map[G:\www2\cms2\application\admin\model\IndexModel.php:64]
[ error ] [8]未定义变量: order_map[G:\www2\cms2\application\admin\model\IndexModel.php:58]
[ error ] [8]未定义变量: order_map[G:\www2\cms2\application\admin\model\IndexModel.php:64]
---------------------------------------------------------------
[ 2018-12-20T23:05:18+08:00 ] 127.0.0.1 GET www.cms2.com/admin.php/login/loginout.html
[运行时间：0.094005s] [吞吐率：10.64req/s] [内存消耗：2,693.57kb] [文件加载：101]
[ info ] [ LANG ] G:\www2\cms2\thinkphp\lang\zh-cn.php
[ info ] [ BIND ] 'admin'
[ info ] [ ROUTE ] array (
)
[ info ] [ HEADER ] array (
  'cookie' => 'UM_distinctid=165ddec45c9243-09a357a0a391e9-454c092b-1fa400-165ddec45ca540; CNZZDATA30088308=cnzz_eid%3D1026693634-1537021648-%26ntime%3D1537027091; PHPSESSID=ktp5mgunmdvfqm0lcbqhuuokm5',
  'accept-language' => 'zh-CN,zh;q=0.9',
  'accept-encoding' => 'gzip, deflate',
  'referer' => 'http://www.cms2.com/admin.php/index/index.html',
  'accept' => 'text/html,application/xhtml+xml,application/xml;q=0.9,image/webp,image/apng,*/*;q=0.8',
  'user-agent' => 'Mozilla/5.0 (Windows NT 6.1; WOW64) AppleWebKit/537.36 (KHTML, like Gecko) Chrome/63.0.3239.132 Safari/537.36',
  'upgrade-insecure-requests' => '1',
  'connection' => 'keep-alive',
  'host' => 'www.cms2.com',
  'content-length' => '',
  'content-type' => '',
)
[ info ] [ PARAM ] array (
)
[ info ] [ VIEW ] G:\www2\cms2\thinkphp\tpl/dispatch_jump.tpl [ array (
  0 => 'code',
  1 => 'msg',
  2 => 'data',
  3 => 'url',
  4 => 'wait',
) ]
[ error ] [8]Use of undefined constant administrator - assumed 'administrator'[G:\www2\cms2\application\admin\controller\Common.php:18]
---------------------------------------------------------------
[ 2018-12-20T23:05:20+08:00 ] 127.0.0.1 GET www.cms2.com/admin.php/login/index.html
[运行时间：0.060003s] [吞吐率：16.67req/s] [内存消耗：2,287.70kb] [文件加载：87]
[ info ] [ LANG ] G:\www2\cms2\thinkphp\lang\zh-cn.php
[ info ] [ BIND ] 'admin'
[ info ] [ ROUTE ] array (
)
[ info ] [ HEADER ] array (
  'cookie' => 'UM_distinctid=165ddec45c9243-09a357a0a391e9-454c092b-1fa400-165ddec45ca540; CNZZDATA30088308=cnzz_eid%3D1026693634-1537021648-%26ntime%3D1537027091; PHPSESSID=ktp5mgunmdvfqm0lcbqhuuokm5',
  'accept-language' => 'zh-CN,zh;q=0.9',
  'accept-encoding' => 'gzip, deflate',
  'referer' => 'http://www.cms2.com/admin.php/login/loginout.html',
  'accept' => 'text/html,application/xhtml+xml,application/xml;q=0.9,image/webp,image/apng,*/*;q=0.8',
  'user-agent' => 'Mozilla/5.0 (Windows NT 6.1; WOW64) AppleWebKit/537.36 (KHTML, like Gecko) Chrome/63.0.3239.132 Safari/537.36',
  'upgrade-insecure-requests' => '1',
  'connection' => 'keep-alive',
  'host' => 'www.cms2.com',
  'content-length' => '',
  'content-type' => '',
)
[ info ] [ PARAM ] array (
)
[ info ] [ VIEW ] G:\www2\cms2\application\admin\view\login\index.html [ array (
) ]
---------------------------------------------------------------
[ 2018-12-20T23:05:20+08:00 ] 127.0.0.1 GET www.cms2.com/admin.php/captcha.html
[运行时间：0.045003s] [吞吐率：22.22req/s] [内存消耗：1,878.77kb] [文件加载：72]
[ info ] [ LANG ] G:\www2\cms2\thinkphp\lang\zh-cn.php
[ info ] [ BIND ] 'admin'
[ info ] [ ROUTE ] array (
  'rule' => 'captcha/<id?>',
  'route' => '\\think\\captcha\\CaptchaController@index',
  'option' => 
  array (
    'merge_rule_regex' => false,
  ),
  'var' => 
  array (
  ),
)
[ info ] [ HEADER ] array (
  'cookie' => 'UM_distinctid=165ddec45c9243-09a357a0a391e9-454c092b-1fa400-165ddec45ca540; CNZZDATA30088308=cnzz_eid%3D1026693634-1537021648-%26ntime%3D1537027091; PHPSESSID=ktp5mgunmdvfqm0lcbqhuuokm5',
  'accept-language' => 'zh-CN,zh;q=0.9',
  'accept-encoding' => 'gzip, deflate',
  'referer' => 'http://www.cms2.com/admin.php/login/index.html',
  'accept' => 'image/webp,image/apng,image/*,*/*;q=0.8',
  'user-agent' => 'Mozilla/5.0 (Windows NT 6.1; WOW64) AppleWebKit/537.36 (KHTML, like Gecko) Chrome/63.0.3239.132 Safari/537.36',
  'connection' => 'keep-alive',
  'host' => 'www.cms2.com',
  'content-length' => '',
  'content-type' => '',
)
[ info ] [ PARAM ] array (
)
---------------------------------------------------------------
[ 2018-12-20T23:05:30+08:00 ] 127.0.0.1 POST www.cms2.com/admin.php/login/index.html
[运行时间：0.092006s] [吞吐率：10.87req/s] [内存消耗：3,409.77kb] [文件加载：102]
[ info ] [ LANG ] G:\www2\cms2\thinkphp\lang\zh-cn.php
[ info ] [ BIND ] 'admin'
[ info ] [ ROUTE ] array (
)
[ info ] [ HEADER ] array (
  'cookie' => 'UM_distinctid=165ddec45c9243-09a357a0a391e9-454c092b-1fa400-165ddec45ca540; CNZZDATA30088308=cnzz_eid%3D1026693634-1537021648-%26ntime%3D1537027091; PHPSESSID=ktp5mgunmdvfqm0lcbqhuuokm5',
  'accept-language' => 'zh-CN,zh;q=0.9',
  'accept-encoding' => 'gzip, deflate',
  'referer' => 'http://www.cms2.com/admin.php/login/index.html',
  'content-type' => 'application/x-www-form-urlencoded; charset=UTF-8',
  'user-agent' => 'Mozilla/5.0 (Windows NT 6.1; WOW64) AppleWebKit/537.36 (KHTML, like Gecko) Chrome/63.0.3239.132 Safari/537.36',
  'x-requested-with' => 'XMLHttpRequest',
  'origin' => 'http://www.cms2.com',
  'accept' => 'application/json, text/javascript, */*; q=0.01',
  'content-length' => '43',
  'connection' => 'keep-alive',
  'host' => 'www.cms2.com',
)
[ info ] [ PARAM ] array (
  'username' => 'admin',
  'password' => '123456',
  'vercode' => 'rj5c',
)
[ info ] [ DB ] INIT mysql
[ sql ] [ DB ] CONNECT:[ UseTime:0.003000s ] mysql:host=127.0.0.1;dbname=cms0518;charset=utf8
[ sql ] [ SQL ] SHOW COLUMNS FROM `cms_admin_list` [ RunTime:0.011001s ]
[ sql ] [ SQL ] SELECT * FROM `cms_admin_list` WHERE  `username` = 'admin'  AND `password` = 'e10adc3949ba59abbe56e057f20f883e'  AND `status` = 1 LIMIT 1 [ RunTime:0.001000s ]
---------------------------------------------------------------
[ 2018-12-20T23:05:31+08:00 ] 127.0.0.1 GET www.cms2.com/admin.php
[运行时间：0.098005s] [吞吐率：10.20req/s] [内存消耗：3,150.03kb] [文件加载：97]
[ info ] [ LANG ] G:\www2\cms2\thinkphp\lang\zh-cn.php
[ info ] [ BIND ] 'admin'
[ info ] [ ROUTE ] array (
)
[ info ] [ HEADER ] array (
  'cookie' => 'UM_distinctid=165ddec45c9243-09a357a0a391e9-454c092b-1fa400-165ddec45ca540; CNZZDATA30088308=cnzz_eid%3D1026693634-1537021648-%26ntime%3D1537027091; PHPSESSID=ktp5mgunmdvfqm0lcbqhuuokm5',
  'accept-language' => 'zh-CN,zh;q=0.9',
  'accept-encoding' => 'gzip, deflate',
  'referer' => 'http://www.cms2.com/admin.php/login/index.html',
  'accept' => 'text/html,application/xhtml+xml,application/xml;q=0.9,image/webp,image/apng,*/*;q=0.8',
  'user-agent' => 'Mozilla/5.0 (Windows NT 6.1; WOW64) AppleWebKit/537.36 (KHTML, like Gecko) Chrome/63.0.3239.132 Safari/537.36',
  'upgrade-insecure-requests' => '1',
  'connection' => 'keep-alive',
  'host' => 'www.cms2.com',
  'content-length' => '',
  'content-type' => '',
)
[ info ] [ PARAM ] array (
)
[ info ] [ DB ] INIT mysql
[ info ] [ VIEW ] G:\www2\cms2\application\admin\view\index\index.html [ array (
  0 => 'title',
  1 => 'controller',
  2 => 'action',
) ]
[ sql ] [ DB ] CONNECT:[ UseTime:0.003000s ] mysql:host=127.0.0.1;dbname=cms0518;charset=utf8
[ sql ] [ SQL ] SHOW COLUMNS FROM `cms_admin_action` [ RunTime:0.010001s ]
[ sql ] [ SQL ] SELECT `name` FROM `cms_admin_action` WHERE  `controller` = 'index'  AND `action` = 'index' LIMIT 1 [ RunTime:0.001000s ]
[ sql ] [ SQL ] SHOW COLUMNS FROM `cms_admin_log` [ RunTime:0.010001s ]
[ sql ] [ SQL ] INSERT INTO `cms_admin_log` (`adminid` , `name` , `content` , `addtime`) VALUES (1 , '超级管理员' , '[访问_] , 控制器：index/index' , '2018-12-20 23:05:31') [ RunTime:0.001000s ]
[ error ] [8]未定义变量: param[G:\www2\cms2\application\admin\controller\Common.php:54]
[ error ] [8]Use of undefined constant administrator - assumed 'administrator'[G:\www2\cms2\application\admin\controller\Common.php:82]
[ error ] [8]Use of undefined constant administrator - assumed 'administrator'[G:\www2\cms2\application\admin\controller\Common.php:83]
---------------------------------------------------------------
[ 2018-12-20T23:05:31+08:00 ] 127.0.0.1 GET www.cms2.com/admin.php/index/ecscharts.html
[运行时间：0.080004s] [吞吐率：12.50req/s] [内存消耗：3,097.38kb] [文件加载：95]
[ info ] [ LANG ] G:\www2\cms2\thinkphp\lang\zh-cn.php
[ info ] [ BIND ] 'admin'
[ info ] [ ROUTE ] array (
)
[ info ] [ HEADER ] array (
  'cookie' => 'UM_distinctid=165ddec45c9243-09a357a0a391e9-454c092b-1fa400-165ddec45ca540; CNZZDATA30088308=cnzz_eid%3D1026693634-1537021648-%26ntime%3D1537027091; PHPSESSID=ktp5mgunmdvfqm0lcbqhuuokm5',
  'accept-language' => 'zh-CN,zh;q=0.9',
  'accept-encoding' => 'gzip, deflate',
  'referer' => 'http://www.cms2.com/admin.php',
  'accept' => 'text/html,application/xhtml+xml,application/xml;q=0.9,image/webp,image/apng,*/*;q=0.8',
  'user-agent' => 'Mozilla/5.0 (Windows NT 6.1; WOW64) AppleWebKit/537.36 (KHTML, like Gecko) Chrome/63.0.3239.132 Safari/537.36',
  'upgrade-insecure-requests' => '1',
  'connection' => 'keep-alive',
  'host' => 'www.cms2.com',
  'content-length' => '',
  'content-type' => '',
)
[ info ] [ PARAM ] array (
)
[ info ] [ DB ] INIT mysql
[ info ] [ VIEW ] G:\www2\cms2\application\admin\view\index\ecscharts.html [ array (
  0 => 'title',
  1 => 'controller',
  2 => 'action',
) ]
[ sql ] [ DB ] CONNECT:[ UseTime:0.002000s ] mysql:host=127.0.0.1;dbname=cms0518;charset=utf8
[ sql ] [ SQL ] SHOW COLUMNS FROM `cms_admin_action` [ RunTime:0.009000s ]
[ sql ] [ SQL ] SELECT `name` FROM `cms_admin_action` WHERE  `controller` = 'index'  AND `action` = 'ecscharts' LIMIT 1 [ RunTime:0.000000s ]
[ sql ] [ SQL ] SHOW COLUMNS FROM `cms_admin_log` [ RunTime:0.010001s ]
[ sql ] [ SQL ] INSERT INTO `cms_admin_log` (`adminid` , `name` , `content` , `addtime`) VALUES (1 , '超级管理员' , '[访问_] , 控制器：index/ecscharts' , '2018-12-20 23:05:31') [ RunTime:0.001000s ]
[ error ] [8]未定义变量: param[G:\www2\cms2\application\admin\controller\Common.php:54]
[ error ] [8]Use of undefined constant administrator - assumed 'administrator'[G:\www2\cms2\application\admin\controller\Common.php:82]
[ error ] [8]Use of undefined constant administrator - assumed 'administrator'[G:\www2\cms2\application\admin\controller\Common.php:83]
[ error ] [8]Use of undefined constant dddd22 - assumed 'dddd22'[G:\www2\cms2\runtime\temp\9e4742b7a30d976e8fabfbe12b0feaaa.php:40]
---------------------------------------------------------------
[ 2018-12-20T23:05:32+08:00 ] 127.0.0.1 POST www.cms2.com/admin.php/index/ecscharts.html
[运行时间：0.167009s] [吞吐率：5.99req/s] [内存消耗：3,442.60kb] [文件加载：102]
[ info ] [ LANG ] G:\www2\cms2\thinkphp\lang\zh-cn.php
[ info ] [ BIND ] 'admin'
[ info ] [ ROUTE ] array (
)
[ info ] [ HEADER ] array (
  'cookie' => 'UM_distinctid=165ddec45c9243-09a357a0a391e9-454c092b-1fa400-165ddec45ca540; CNZZDATA30088308=cnzz_eid%3D1026693634-1537021648-%26ntime%3D1537027091; PHPSESSID=ktp5mgunmdvfqm0lcbqhuuokm5',
  'accept-language' => 'zh-CN,zh;q=0.9',
  'accept-encoding' => 'gzip, deflate',
  'referer' => 'http://www.cms2.com/admin.php/index/ecscharts.html',
  'content-type' => 'application/x-www-form-urlencoded; charset=UTF-8',
  'user-agent' => 'Mozilla/5.0 (Windows NT 6.1; WOW64) AppleWebKit/537.36 (KHTML, like Gecko) Chrome/63.0.3239.132 Safari/537.36',
  'x-requested-with' => 'XMLHttpRequest',
  'origin' => 'http://www.cms2.com',
  'accept' => 'application/json, text/javascript, */*; q=0.01',
  'content-length' => '6',
  'connection' => 'keep-alive',
  'host' => 'www.cms2.com',
)
[ info ] [ PARAM ] array (
  'type' => '7',
)
[ info ] [ DB ] INIT mysql
[ sql ] [ DB ] CONNECT:[ UseTime:0.003000s ] mysql:host=127.0.0.1;dbname=cms0518;charset=utf8
[ sql ] [ SQL ] SHOW COLUMNS FROM `cms_admin_action` [ RunTime:0.013001s ]
[ sql ] [ SQL ] SELECT `name` FROM `cms_admin_action` WHERE  `controller` = 'index'  AND `action` = 'ecscharts' LIMIT 1 [ RunTime:0.001000s ]
[ sql ] [ SQL ] SHOW COLUMNS FROM `cms_admin_log` [ RunTime:0.007001s ]
[ sql ] [ SQL ] INSERT INTO `cms_admin_log` (`adminid` , `name` , `content` , `addtime`) VALUES (1 , '超级管理员' , '[操作_] , 控制器：index/ecscharts , 参数：{\"type\":\"7\"}' , '2018-12-20 23:05:32') [ RunTime:0.001000s ]
[ sql ] [ SQL ] SHOW COLUMNS FROM `cms_user_list` [ RunTime:0.009001s ]
[ sql ] [ SQL ] SELECT COUNT(`userid`) AS tp_count FROM `cms_user_list` WHERE  `addtime` BETWEEN '2018-12-14 00:00:00' AND '2018-12-14 23:59:59' LIMIT 1 [ RunTime:0.001000s ]
[ sql ] [ SQL ] SHOW COLUMNS FROM `cms_order_list` [ RunTime:0.010000s ]
[ sql ] [ SQL ] SELECT COUNT(`orderid`) AS tp_count FROM `cms_order_list` LIMIT 1 [ RunTime:0.000000s ]
[ sql ] [ SQL ] SELECT SUM(`money`) AS tp_sum FROM `cms_order_list` LIMIT 1 [ RunTime:0.001000s ]
[ sql ] [ SQL ] SELECT COUNT(`userid`) AS tp_count FROM `cms_user_list` WHERE  `addtime` BETWEEN '2018-12-15 00:00:00' AND '2018-12-15 23:59:59' LIMIT 1 [ RunTime:0.000000s ]
[ sql ] [ SQL ] SELECT COUNT(`orderid`) AS tp_count FROM `cms_order_list` LIMIT 1 [ RunTime:0.001000s ]
[ sql ] [ SQL ] SELECT SUM(`money`) AS tp_sum FROM `cms_order_list` LIMIT 1 [ RunTime:0.000000s ]
[ sql ] [ SQL ] SELECT COUNT(`userid`) AS tp_count FROM `cms_user_list` WHERE  `addtime` BETWEEN '2018-12-16 00:00:00' AND '2018-12-16 23:59:59' LIMIT 1 [ RunTime:0.001000s ]
[ sql ] [ SQL ] SELECT COUNT(`orderid`) AS tp_count FROM `cms_order_list` LIMIT 1 [ RunTime:0.001000s ]
[ sql ] [ SQL ] SELECT SUM(`money`) AS tp_sum FROM `cms_order_list` LIMIT 1 [ RunTime:0.001000s ]
[ sql ] [ SQL ] SELECT COUNT(`userid`) AS tp_count FROM `cms_user_list` WHERE  `addtime` BETWEEN '2018-12-17 00:00:00' AND '2018-12-17 23:59:59' LIMIT 1 [ RunTime:0.000000s ]
[ sql ] [ SQL ] SELECT COUNT(`orderid`) AS tp_count FROM `cms_order_list` LIMIT 1 [ RunTime:0.000000s ]
[ sql ] [ SQL ] SELECT SUM(`money`) AS tp_sum FROM `cms_order_list` LIMIT 1 [ RunTime:0.000000s ]
[ sql ] [ SQL ] SELECT COUNT(`userid`) AS tp_count FROM `cms_user_list` WHERE  `addtime` BETWEEN '2018-12-18 00:00:00' AND '2018-12-18 23:59:59' LIMIT 1 [ RunTime:0.000000s ]
[ sql ] [ SQL ] SELECT COUNT(`orderid`) AS tp_count FROM `cms_order_list` LIMIT 1 [ RunTime:0.000000s ]
[ sql ] [ SQL ] SELECT SUM(`money`) AS tp_sum FROM `cms_order_list` LIMIT 1 [ RunTime:0.001000s ]
[ sql ] [ SQL ] SELECT COUNT(`userid`) AS tp_count FROM `cms_user_list` WHERE  `addtime` BETWEEN '2018-12-19 00:00:00' AND '2018-12-19 23:59:59' LIMIT 1 [ RunTime:0.000000s ]
[ sql ] [ SQL ] SELECT COUNT(`orderid`) AS tp_count FROM `cms_order_list` LIMIT 1 [ RunTime:0.000000s ]
[ sql ] [ SQL ] SELECT SUM(`money`) AS tp_sum FROM `cms_order_list` LIMIT 1 [ RunTime:0.001000s ]
[ sql ] [ SQL ] SELECT COUNT(`userid`) AS tp_count FROM `cms_user_list` WHERE  `addtime` BETWEEN '2018-12-20 00:00:00' AND '2018-12-20 23:59:59' LIMIT 1 [ RunTime:0.000000s ]
[ sql ] [ SQL ] SELECT COUNT(`orderid`) AS tp_count FROM `cms_order_list` LIMIT 1 [ RunTime:0.000000s ]
[ sql ] [ SQL ] SELECT SUM(`money`) AS tp_sum FROM `cms_order_list` LIMIT 1 [ RunTime:0.000000s ]
[ error ] [8]Use of undefined constant administrator - assumed 'administrator'[G:\www2\cms2\application\admin\controller\Common.php:82]
[ error ] [8]Use of undefined constant administrator - assumed 'administrator'[G:\www2\cms2\application\admin\controller\Common.php:83]
[ error ] [8]未定义变量: order_map[G:\www2\cms2\application\admin\model\IndexModel.php:58]
[ error ] [8]未定义变量: order_map[G:\www2\cms2\application\admin\model\IndexModel.php:64]
[ error ] [8]未定义变量: order_map[G:\www2\cms2\application\admin\model\IndexModel.php:58]
[ error ] [8]未定义变量: order_map[G:\www2\cms2\application\admin\model\IndexModel.php:64]
[ error ] [8]未定义变量: order_map[G:\www2\cms2\application\admin\model\IndexModel.php:58]
[ error ] [8]未定义变量: order_map[G:\www2\cms2\application\admin\model\IndexModel.php:64]
[ error ] [8]未定义变量: order_map[G:\www2\cms2\application\admin\model\IndexModel.php:58]
[ error ] [8]未定义变量: order_map[G:\www2\cms2\application\admin\model\IndexModel.php:64]
[ error ] [8]未定义变量: order_map[G:\www2\cms2\application\admin\model\IndexModel.php:58]
[ error ] [8]未定义变量: order_map[G:\www2\cms2\application\admin\model\IndexModel.php:64]
[ error ] [8]未定义变量: order_map[G:\www2\cms2\application\admin\model\IndexModel.php:58]
[ error ] [8]未定义变量: order_map[G:\www2\cms2\application\admin\model\IndexModel.php:64]
[ error ] [8]未定义变量: order_map[G:\www2\cms2\application\admin\model\IndexModel.php:58]
[ error ] [8]未定义变量: order_map[G:\www2\cms2\application\admin\model\IndexModel.php:64]
---------------------------------------------------------------
[ 2018-12-20T23:08:46+08:00 ] 127.0.0.1 GET www.cms2.com/admin.php
[运行时间：0.088005s] [吞吐率：11.36req/s] [内存消耗：3,149.59kb] [文件加载：97]
[ info ] [ LANG ] G:\www2\cms2\thinkphp\lang\zh-cn.php
[ info ] [ BIND ] 'admin'
[ info ] [ ROUTE ] array (
)
[ info ] [ HEADER ] array (
  'cookie' => 'UM_distinctid=165ddec45c9243-09a357a0a391e9-454c092b-1fa400-165ddec45ca540; CNZZDATA30088308=cnzz_eid%3D1026693634-1537021648-%26ntime%3D1537027091; PHPSESSID=ktp5mgunmdvfqm0lcbqhuuokm5',
  'accept-language' => 'zh-CN,zh;q=0.9',
  'accept-encoding' => 'gzip, deflate',
  'accept' => 'text/html,application/xhtml+xml,application/xml;q=0.9,image/webp,image/apng,*/*;q=0.8',
  'user-agent' => 'Mozilla/5.0 (Windows NT 6.1; WOW64) AppleWebKit/537.36 (KHTML, like Gecko) Chrome/63.0.3239.132 Safari/537.36',
  'upgrade-insecure-requests' => '1',
  'connection' => 'keep-alive',
  'host' => 'www.cms2.com',
  'content-length' => '',
  'content-type' => '',
)
[ info ] [ PARAM ] array (
)
[ info ] [ DB ] INIT mysql
[ info ] [ VIEW ] G:\www2\cms2\application\admin\view\index\index.html [ array (
  0 => 'title',
  1 => 'controller',
  2 => 'action',
) ]
[ sql ] [ DB ] CONNECT:[ UseTime:0.011001s ] mysql:host=127.0.0.1;dbname=cms0518;charset=utf8
[ sql ] [ SQL ] SHOW COLUMNS FROM `cms_admin_action` [ RunTime:0.007000s ]
[ sql ] [ SQL ] SELECT `name` FROM `cms_admin_action` WHERE  `controller` = 'index'  AND `action` = 'index' LIMIT 1 [ RunTime:0.000000s ]
[ sql ] [ SQL ] SHOW COLUMNS FROM `cms_admin_log` [ RunTime:0.007000s ]
[ sql ] [ SQL ] INSERT INTO `cms_admin_log` (`adminid` , `name` , `content` , `addtime`) VALUES (1 , '超级管理员' , '[访问_] , 控制器：index/index' , '2018-12-20 23:08:46') [ RunTime:0.001000s ]
[ error ] [8]未定义变量: param[G:\www2\cms2\application\admin\controller\Common.php:54]
[ error ] [8]Use of undefined constant administrator - assumed 'administrator'[G:\www2\cms2\application\admin\controller\Common.php:82]
[ error ] [8]Use of undefined constant administrator - assumed 'administrator'[G:\www2\cms2\application\admin\controller\Common.php:83]
