---------------------------------------------------------------
[ 2018-09-08T00:10:51+08:00 ] 127.0.0.1 GET www.cms2.com/index.php/content-5.html
[运行时间：0.140008s] [吞吐率：7.14req/s] [内存消耗：3,219.36kb] [文件加载：95]
[ info ] [ LANG ] G:\www2\cms2\thinkphp\lang\zh-cn.php
[ info ] [ ROUTE ] array (
  'rule' => 'content-<newsid>',
  'route' => 'index/index/content',
  'option' => 
  array (
    'merge_rule_regex' => false,
  ),
  'var' => 
  array (
    'newsid' => '5',
  ),
)
[ info ] [ HEADER ] array (
  'cookie' => 'PHPSESSID=b50ft71oj2rdr18ff1lphahqv3',
  'accept-language' => 'zh-CN,zh;q=0.9',
  'accept-encoding' => 'gzip, deflate',
  'referer' => 'http://www.cms2.com/index.php/content-5.html',
  'accept' => 'text/html,application/xhtml+xml,application/xml;q=0.9,image/webp,image/apng,*/*;q=0.8',
  'user-agent' => 'Mozilla/5.0 (Windows NT 6.1; WOW64) AppleWebKit/537.36 (KHTML, like Gecko) Chrome/63.0.3239.132 Safari/537.36',
  'upgrade-insecure-requests' => '1',
  'cache-control' => 'no-cache',
  'pragma' => 'no-cache',
  'connection' => 'close',
  'host' => 'www.cms2.com',
)
[ info ] [ PARAM ] array (
  'newsid' => '5',
)
[ info ] [ DB ] INIT mysql
[ info ] [ VIEW ] ../application/index/view/xianyan/index\content_comment.html [ array (
  0 => 'data',
  1 => 'site',
  2 => 'cateinfo',
  3 => 'comment',
  4 => 'newsinfo',
) ]
[ sql ] [ DB ] CONNECT:[ UseTime:0.011000s ] mysql:host=127.0.0.1;dbname=cms0518;charset=utf8
[ sql ] [ SQL ] SHOW COLUMNS FROM `cms_news_list` [ RunTime:0.011001s ]
[ sql ] [ SQL ] SELECT * FROM `cms_news_list` WHERE  ( `status` = 1 AND `pushtime` < '2018-09-08 00:10:51' )  AND `newsid` = 5 LIMIT 1 [ RunTime:0.001000s ]
[ sql ] [ SQL ] SHOW COLUMNS FROM `cms_news_cate` [ RunTime:0.011001s ]
[ sql ] [ SQL ] SELECT * FROM `cms_news_cate` WHERE  `cateid` = 1  AND `status` = 1 LIMIT 1 [ RunTime:0.001000s ]
[ sql ] [ SQL ] UPDATE `cms_news_list`  SET `hits` = `hits` + 1  WHERE  ( `status` = 1 AND `pushtime` < '2018-09-08 00:10:51' )  AND `newsid` = 5 [ RunTime:0.001000s ]
[ sql ] [ SQL ] SHOW COLUMNS FROM `cms_comment_list` [ RunTime:0.010000s ]
[ sql ] [ SQL ] SELECT * FROM `cms_comment_list` WHERE  `newsid` = 5  AND `floor` = 0  AND `status` = 1 ORDER BY `id` DESC LIMIT 0,10 [ RunTime:0.001001s ]
[ sql ] [ SQL ] SELECT * FROM `cms_comment_list` WHERE  `floor` = 30  AND `newsid` = 5  AND `status` = 1 LIMIT 0,6 [ RunTime:0.001000s ]
[ sql ] [ SQL ] SELECT * FROM `cms_comment_list` WHERE  `floor` = 29  AND `newsid` = 5  AND `status` = 1 LIMIT 0,6 [ RunTime:0.001000s ]
[ sql ] [ SQL ] SELECT * FROM `cms_comment_list` WHERE  `floor` = 28  AND `newsid` = 5  AND `status` = 1 LIMIT 0,6 [ RunTime:0.001000s ]
[ sql ] [ SQL ] SELECT * FROM `cms_comment_list` WHERE  `floor` = 27  AND `newsid` = 5  AND `status` = 1 LIMIT 0,6 [ RunTime:0.000000s ]
[ sql ] [ SQL ] SELECT * FROM `cms_comment_list` WHERE  `floor` = 26  AND `newsid` = 5  AND `status` = 1 LIMIT 0,6 [ RunTime:0.000000s ]
[ sql ] [ SQL ] SELECT * FROM `cms_comment_list` WHERE  `floor` = 25  AND `newsid` = 5  AND `status` = 1 LIMIT 0,6 [ RunTime:0.000000s ]
[ sql ] [ SQL ] SELECT * FROM `cms_comment_list` WHERE  `floor` = 1  AND `newsid` = 5  AND `status` = 1 LIMIT 0,6 [ RunTime:0.001000s ]
[ sql ] [ SQL ] SELECT * FROM `cms_comment_list` WHERE  `newsid` = 5  AND `floor` = 0  AND `status` = 1 ORDER BY `id` DESC LIMIT 0,10 [ RunTime:0.001000s ]
---------------------------------------------------------------
[ 2018-09-08T00:11:27+08:00 ] 127.0.0.1 GET www.cms2.com/index.php/content-5.html
[运行时间：0.088005s] [吞吐率：11.36req/s] [内存消耗：3,049.44kb] [文件加载：92]
[ info ] [ LANG ] G:\www2\cms2\thinkphp\lang\zh-cn.php
[ info ] [ ROUTE ] array (
  'rule' => 'content-<newsid>',
  'route' => 'index/index/content',
  'option' => 
  array (
    'merge_rule_regex' => false,
  ),
  'var' => 
  array (
    'newsid' => '5',
  ),
)
[ info ] [ HEADER ] array (
  'cookie' => 'PHPSESSID=b50ft71oj2rdr18ff1lphahqv3',
  'accept-language' => 'zh-CN,zh;q=0.9',
  'accept-encoding' => 'gzip, deflate',
  'referer' => 'http://www.cms2.com/index.php/content-5.html',
  'accept' => 'text/html,application/xhtml+xml,application/xml;q=0.9,image/webp,image/apng,*/*;q=0.8',
  'user-agent' => 'Mozilla/5.0 (Windows NT 6.1; WOW64) AppleWebKit/537.36 (KHTML, like Gecko) Chrome/63.0.3239.132 Safari/537.36',
  'upgrade-insecure-requests' => '1',
  'cache-control' => 'no-cache',
  'pragma' => 'no-cache',
  'connection' => 'close',
  'host' => 'www.cms2.com',
)
[ info ] [ PARAM ] array (
  'newsid' => '5',
)
[ info ] [ DB ] INIT mysql
[ info ] [ VIEW ] ../application/index/view/xianyan/index\content_comment.html [ array (
  0 => 'data',
  1 => 'site',
  2 => 'cateinfo',
  3 => 'comment',
  4 => 'newsinfo',
) ]
[ sql ] [ DB ] CONNECT:[ UseTime:0.001000s ] mysql:host=127.0.0.1;dbname=cms0518;charset=utf8
[ sql ] [ SQL ] SHOW COLUMNS FROM `cms_news_list` [ RunTime:0.007000s ]
[ sql ] [ SQL ] SELECT * FROM `cms_news_list` WHERE  ( `status` = 1 AND `pushtime` < '2018-09-08 00:11:27' )  AND `newsid` = 5 LIMIT 1 [ RunTime:0.001000s ]
[ sql ] [ SQL ] SHOW COLUMNS FROM `cms_news_cate` [ RunTime:0.008001s ]
[ sql ] [ SQL ] SELECT * FROM `cms_news_cate` WHERE  `cateid` = 1  AND `status` = 1 LIMIT 1 [ RunTime:0.000000s ]
[ sql ] [ SQL ] UPDATE `cms_news_list`  SET `hits` = `hits` + 1  WHERE  ( `status` = 1 AND `pushtime` < '2018-09-08 00:11:27' )  AND `newsid` = 5 [ RunTime:0.000000s ]
[ sql ] [ SQL ] SHOW COLUMNS FROM `cms_comment_list` [ RunTime:0.011000s ]
[ sql ] [ SQL ] SELECT * FROM `cms_comment_list` WHERE  `newsid` = 5  AND `floor` = 0  AND `status` = 1 ORDER BY `id` DESC LIMIT 0,10 [ RunTime:0.001000s ]
[ sql ] [ SQL ] SELECT * FROM `cms_comment_list` WHERE  `floor` = 30  AND `newsid` = 5  AND `status` = 1 LIMIT 0,6 [ RunTime:0.000000s ]
[ sql ] [ SQL ] SELECT * FROM `cms_comment_list` WHERE  `floor` = 29  AND `newsid` = 5  AND `status` = 1 LIMIT 0,6 [ RunTime:0.001000s ]
[ sql ] [ SQL ] SELECT * FROM `cms_comment_list` WHERE  `floor` = 28  AND `newsid` = 5  AND `status` = 1 LIMIT 0,6 [ RunTime:0.000000s ]
[ sql ] [ SQL ] SELECT * FROM `cms_comment_list` WHERE  `floor` = 27  AND `newsid` = 5  AND `status` = 1 LIMIT 0,6 [ RunTime:0.000000s ]
[ sql ] [ SQL ] SELECT * FROM `cms_comment_list` WHERE  `floor` = 26  AND `newsid` = 5  AND `status` = 1 LIMIT 0,6 [ RunTime:0.001001s ]
[ sql ] [ SQL ] SELECT * FROM `cms_comment_list` WHERE  `floor` = 25  AND `newsid` = 5  AND `status` = 1 LIMIT 0,6 [ RunTime:0.000000s ]
[ sql ] [ SQL ] SELECT * FROM `cms_comment_list` WHERE  `floor` = 1  AND `newsid` = 5  AND `status` = 1 LIMIT 0,6 [ RunTime:0.000000s ]
[ sql ] [ SQL ] SELECT * FROM `cms_comment_list` WHERE  `newsid` = 5  AND `floor` = 0  AND `status` = 1 ORDER BY `id` DESC LIMIT 0,10 [ RunTime:0.000000s ]
---------------------------------------------------------------
[ 2018-09-08T00:11:55+08:00 ] 127.0.0.1 GET www.cms2.com/index.php/content-5.html
[运行时间：0.119007s] [吞吐率：8.40req/s] [内存消耗：3,219.24kb] [文件加载：95]
[ info ] [ LANG ] G:\www2\cms2\thinkphp\lang\zh-cn.php
[ info ] [ ROUTE ] array (
  'rule' => 'content-<newsid>',
  'route' => 'index/index/content',
  'option' => 
  array (
    'merge_rule_regex' => false,
  ),
  'var' => 
  array (
    'newsid' => '5',
  ),
)
[ info ] [ HEADER ] array (
  'cookie' => 'PHPSESSID=b50ft71oj2rdr18ff1lphahqv3',
  'accept-language' => 'zh-CN,zh;q=0.9',
  'accept-encoding' => 'gzip, deflate',
  'referer' => 'http://www.cms2.com/index.php/content-5.html',
  'accept' => 'text/html,application/xhtml+xml,application/xml;q=0.9,image/webp,image/apng,*/*;q=0.8',
  'user-agent' => 'Mozilla/5.0 (Windows NT 6.1; WOW64) AppleWebKit/537.36 (KHTML, like Gecko) Chrome/63.0.3239.132 Safari/537.36',
  'upgrade-insecure-requests' => '1',
  'cache-control' => 'no-cache',
  'pragma' => 'no-cache',
  'connection' => 'close',
  'host' => 'www.cms2.com',
)
[ info ] [ PARAM ] array (
  'newsid' => '5',
)
[ info ] [ DB ] INIT mysql
[ info ] [ VIEW ] ../application/index/view/xianyan/index\content_comment.html [ array (
  0 => 'data',
  1 => 'site',
  2 => 'cateinfo',
  3 => 'comment',
  4 => 'newsinfo',
) ]
[ sql ] [ DB ] CONNECT:[ UseTime:0.000000s ] mysql:host=127.0.0.1;dbname=cms0518;charset=utf8
[ sql ] [ SQL ] SHOW COLUMNS FROM `cms_news_list` [ RunTime:0.011000s ]
[ sql ] [ SQL ] SELECT * FROM `cms_news_list` WHERE  ( `status` = 1 AND `pushtime` < '2018-09-08 00:11:55' )  AND `newsid` = 5 LIMIT 1 [ RunTime:0.001001s ]
[ sql ] [ SQL ] SHOW COLUMNS FROM `cms_news_cate` [ RunTime:0.010000s ]
[ sql ] [ SQL ] SELECT * FROM `cms_news_cate` WHERE  `cateid` = 1  AND `status` = 1 LIMIT 1 [ RunTime:0.000000s ]
[ sql ] [ SQL ] UPDATE `cms_news_list`  SET `hits` = `hits` + 1  WHERE  ( `status` = 1 AND `pushtime` < '2018-09-08 00:11:55' )  AND `newsid` = 5 [ RunTime:0.001000s ]
[ sql ] [ SQL ] SHOW COLUMNS FROM `cms_comment_list` [ RunTime:0.010001s ]
[ sql ] [ SQL ] SELECT * FROM `cms_comment_list` WHERE  `newsid` = 5  AND `floor` = 0  AND `status` = 1 ORDER BY `id` DESC LIMIT 0,10 [ RunTime:0.001000s ]
[ sql ] [ SQL ] SELECT * FROM `cms_comment_list` WHERE  `floor` = 30  AND `newsid` = 5  AND `status` = 1 LIMIT 0,6 [ RunTime:0.001000s ]
[ sql ] [ SQL ] SELECT * FROM `cms_comment_list` WHERE  `floor` = 29  AND `newsid` = 5  AND `status` = 1 LIMIT 0,6 [ RunTime:0.001000s ]
[ sql ] [ SQL ] SELECT * FROM `cms_comment_list` WHERE  `floor` = 28  AND `newsid` = 5  AND `status` = 1 LIMIT 0,6 [ RunTime:0.001000s ]
[ sql ] [ SQL ] SELECT * FROM `cms_comment_list` WHERE  `floor` = 27  AND `newsid` = 5  AND `status` = 1 LIMIT 0,6 [ RunTime:0.001000s ]
[ sql ] [ SQL ] SELECT * FROM `cms_comment_list` WHERE  `floor` = 26  AND `newsid` = 5  AND `status` = 1 LIMIT 0,6 [ RunTime:0.001000s ]
[ sql ] [ SQL ] SELECT * FROM `cms_comment_list` WHERE  `floor` = 25  AND `newsid` = 5  AND `status` = 1 LIMIT 0,6 [ RunTime:0.001000s ]
[ sql ] [ SQL ] SELECT * FROM `cms_comment_list` WHERE  `floor` = 1  AND `newsid` = 5  AND `status` = 1 LIMIT 0,6 [ RunTime:0.001000s ]
[ sql ] [ SQL ] SELECT * FROM `cms_comment_list` WHERE  `newsid` = 5  AND `floor` = 0  AND `status` = 1 ORDER BY `id` DESC LIMIT 0,10 [ RunTime:0.000000s ]
---------------------------------------------------------------
[ 2018-09-08T00:12:04+08:00 ] 127.0.0.1 GET www.cms2.com/index.php/content-5.html
[运行时间：0.098006s] [吞吐率：10.20req/s] [内存消耗：3,049.42kb] [文件加载：92]
[ info ] [ LANG ] G:\www2\cms2\thinkphp\lang\zh-cn.php
[ info ] [ ROUTE ] array (
  'rule' => 'content-<newsid>',
  'route' => 'index/index/content',
  'option' => 
  array (
    'merge_rule_regex' => false,
  ),
  'var' => 
  array (
    'newsid' => '5',
  ),
)
[ info ] [ HEADER ] array (
  'cookie' => 'PHPSESSID=b50ft71oj2rdr18ff1lphahqv3',
  'accept-language' => 'zh-CN,zh;q=0.9',
  'accept-encoding' => 'gzip, deflate',
  'referer' => 'http://www.cms2.com/index.php/content-5.html',
  'accept' => 'text/html,application/xhtml+xml,application/xml;q=0.9,image/webp,image/apng,*/*;q=0.8',
  'user-agent' => 'Mozilla/5.0 (Windows NT 6.1; WOW64) AppleWebKit/537.36 (KHTML, like Gecko) Chrome/63.0.3239.132 Safari/537.36',
  'upgrade-insecure-requests' => '1',
  'cache-control' => 'no-cache',
  'pragma' => 'no-cache',
  'connection' => 'close',
  'host' => 'www.cms2.com',
)
[ info ] [ PARAM ] array (
  'newsid' => '5',
)
[ info ] [ DB ] INIT mysql
[ info ] [ VIEW ] ../application/index/view/xianyan/index\content_comment.html [ array (
  0 => 'data',
  1 => 'site',
  2 => 'cateinfo',
  3 => 'comment',
  4 => 'newsinfo',
) ]
[ sql ] [ DB ] CONNECT:[ UseTime:0.010001s ] mysql:host=127.0.0.1;dbname=cms0518;charset=utf8
[ sql ] [ SQL ] SHOW COLUMNS FROM `cms_news_list` [ RunTime:0.011000s ]
[ sql ] [ SQL ] SELECT * FROM `cms_news_list` WHERE  ( `status` = 1 AND `pushtime` < '2018-09-08 00:12:04' )  AND `newsid` = 5 LIMIT 1 [ RunTime:0.001001s ]
[ sql ] [ SQL ] SHOW COLUMNS FROM `cms_news_cate` [ RunTime:0.007000s ]
[ sql ] [ SQL ] SELECT * FROM `cms_news_cate` WHERE  `cateid` = 1  AND `status` = 1 LIMIT 1 [ RunTime:0.000000s ]
[ sql ] [ SQL ] UPDATE `cms_news_list`  SET `hits` = `hits` + 1  WHERE  ( `status` = 1 AND `pushtime` < '2018-09-08 00:12:04' )  AND `newsid` = 5 [ RunTime:0.001000s ]
[ sql ] [ SQL ] SHOW COLUMNS FROM `cms_comment_list` [ RunTime:0.007000s ]
[ sql ] [ SQL ] SELECT * FROM `cms_comment_list` WHERE  `newsid` = 5  AND `floor` = 0  AND `status` = 1 ORDER BY `id` DESC LIMIT 0,10 [ RunTime:0.001001s ]
[ sql ] [ SQL ] SELECT * FROM `cms_comment_list` WHERE  `floor` = 30  AND `newsid` = 5  AND `status` = 1 LIMIT 0,6 [ RunTime:0.001000s ]
[ sql ] [ SQL ] SELECT * FROM `cms_comment_list` WHERE  `floor` = 29  AND `newsid` = 5  AND `status` = 1 LIMIT 0,6 [ RunTime:0.000000s ]
[ sql ] [ SQL ] SELECT * FROM `cms_comment_list` WHERE  `floor` = 28  AND `newsid` = 5  AND `status` = 1 LIMIT 0,6 [ RunTime:0.000000s ]
[ sql ] [ SQL ] SELECT * FROM `cms_comment_list` WHERE  `floor` = 27  AND `newsid` = 5  AND `status` = 1 LIMIT 0,6 [ RunTime:0.001000s ]
[ sql ] [ SQL ] SELECT * FROM `cms_comment_list` WHERE  `floor` = 26  AND `newsid` = 5  AND `status` = 1 LIMIT 0,6 [ RunTime:0.000000s ]
[ sql ] [ SQL ] SELECT * FROM `cms_comment_list` WHERE  `floor` = 25  AND `newsid` = 5  AND `status` = 1 LIMIT 0,6 [ RunTime:0.001000s ]
[ sql ] [ SQL ] SELECT * FROM `cms_comment_list` WHERE  `floor` = 1  AND `newsid` = 5  AND `status` = 1 LIMIT 0,6 [ RunTime:0.000000s ]
[ sql ] [ SQL ] SELECT * FROM `cms_comment_list` WHERE  `newsid` = 5  AND `floor` = 0  AND `status` = 1 ORDER BY `id` DESC LIMIT 0,10 [ RunTime:0.000000s ]
---------------------------------------------------------------
[ 2018-09-08T00:12:06+08:00 ] 127.0.0.1 GET www.cms2.com/index.php/content-5.html
[运行时间：0.085005s] [吞吐率：11.76req/s] [内存消耗：3,049.42kb] [文件加载：92]
[ info ] [ LANG ] G:\www2\cms2\thinkphp\lang\zh-cn.php
[ info ] [ ROUTE ] array (
  'rule' => 'content-<newsid>',
  'route' => 'index/index/content',
  'option' => 
  array (
    'merge_rule_regex' => false,
  ),
  'var' => 
  array (
    'newsid' => '5',
  ),
)
[ info ] [ HEADER ] array (
  'cookie' => 'PHPSESSID=b50ft71oj2rdr18ff1lphahqv3',
  'accept-language' => 'zh-CN,zh;q=0.9',
  'accept-encoding' => 'gzip, deflate',
  'referer' => 'http://www.cms2.com/index.php/content-5.html',
  'accept' => 'text/html,application/xhtml+xml,application/xml;q=0.9,image/webp,image/apng,*/*;q=0.8',
  'user-agent' => 'Mozilla/5.0 (Windows NT 6.1; WOW64) AppleWebKit/537.36 (KHTML, like Gecko) Chrome/63.0.3239.132 Safari/537.36',
  'upgrade-insecure-requests' => '1',
  'cache-control' => 'no-cache',
  'pragma' => 'no-cache',
  'connection' => 'close',
  'host' => 'www.cms2.com',
)
[ info ] [ PARAM ] array (
  'newsid' => '5',
)
[ info ] [ DB ] INIT mysql
[ info ] [ VIEW ] ../application/index/view/xianyan/index\content_comment.html [ array (
  0 => 'data',
  1 => 'site',
  2 => 'cateinfo',
  3 => 'comment',
  4 => 'newsinfo',
) ]
[ sql ] [ DB ] CONNECT:[ UseTime:0.010001s ] mysql:host=127.0.0.1;dbname=cms0518;charset=utf8
[ sql ] [ SQL ] SHOW COLUMNS FROM `cms_news_list` [ RunTime:0.008000s ]
[ sql ] [ SQL ] SELECT * FROM `cms_news_list` WHERE  ( `status` = 1 AND `pushtime` < '2018-09-08 00:12:06' )  AND `newsid` = 5 LIMIT 1 [ RunTime:0.001000s ]
[ sql ] [ SQL ] SHOW COLUMNS FROM `cms_news_cate` [ RunTime:0.007001s ]
[ sql ] [ SQL ] SELECT * FROM `cms_news_cate` WHERE  `cateid` = 1  AND `status` = 1 LIMIT 1 [ RunTime:0.000000s ]
[ sql ] [ SQL ] UPDATE `cms_news_list`  SET `hits` = `hits` + 1  WHERE  ( `status` = 1 AND `pushtime` < '2018-09-08 00:12:06' )  AND `newsid` = 5 [ RunTime:0.000000s ]
[ sql ] [ SQL ] SHOW COLUMNS FROM `cms_comment_list` [ RunTime:0.007000s ]
[ sql ] [ SQL ] SELECT * FROM `cms_comment_list` WHERE  `newsid` = 5  AND `floor` = 0  AND `status` = 1 ORDER BY `id` DESC LIMIT 0,10 [ RunTime:0.001000s ]
[ sql ] [ SQL ] SELECT * FROM `cms_comment_list` WHERE  `floor` = 30  AND `newsid` = 5  AND `status` = 1 LIMIT 0,6 [ RunTime:0.001000s ]
[ sql ] [ SQL ] SELECT * FROM `cms_comment_list` WHERE  `floor` = 29  AND `newsid` = 5  AND `status` = 1 LIMIT 0,6 [ RunTime:0.000000s ]
[ sql ] [ SQL ] SELECT * FROM `cms_comment_list` WHERE  `floor` = 28  AND `newsid` = 5  AND `status` = 1 LIMIT 0,6 [ RunTime:0.000000s ]
[ sql ] [ SQL ] SELECT * FROM `cms_comment_list` WHERE  `floor` = 27  AND `newsid` = 5  AND `status` = 1 LIMIT 0,6 [ RunTime:0.001000s ]
[ sql ] [ SQL ] SELECT * FROM `cms_comment_list` WHERE  `floor` = 26  AND `newsid` = 5  AND `status` = 1 LIMIT 0,6 [ RunTime:0.000000s ]
[ sql ] [ SQL ] SELECT * FROM `cms_comment_list` WHERE  `floor` = 25  AND `newsid` = 5  AND `status` = 1 LIMIT 0,6 [ RunTime:0.001000s ]
[ sql ] [ SQL ] SELECT * FROM `cms_comment_list` WHERE  `floor` = 1  AND `newsid` = 5  AND `status` = 1 LIMIT 0,6 [ RunTime:0.000000s ]
[ sql ] [ SQL ] SELECT * FROM `cms_comment_list` WHERE  `newsid` = 5  AND `floor` = 0  AND `status` = 1 ORDER BY `id` DESC LIMIT 0,10 [ RunTime:0.000000s ]
---------------------------------------------------------------
[ 2018-09-08T10:16:32+08:00 ] 127.0.0.1 GET www.cms2.com/index.php/content-5.html
[运行时间：0.185011s] [吞吐率：5.41req/s] [内存消耗：3,048.53kb] [文件加载：92]
[ info ] [ LANG ] G:\www2\cms2\thinkphp\lang\zh-cn.php
[ info ] [ ROUTE ] array (
  'rule' => 'content-<newsid>',
  'route' => 'index/index/content',
  'option' => 
  array (
    'merge_rule_regex' => false,
  ),
  'var' => 
  array (
    'newsid' => '5',
  ),
)
[ info ] [ HEADER ] array (
  'cookie' => 'PHPSESSID=b50ft71oj2rdr18ff1lphahqv3',
  'accept-language' => 'zh-CN,zh;q=0.9',
  'accept-encoding' => 'gzip, deflate',
  'accept' => 'text/html,application/xhtml+xml,application/xml;q=0.9,image/webp,image/apng,*/*;q=0.8',
  'user-agent' => 'Mozilla/5.0 (Windows NT 6.1; WOW64) AppleWebKit/537.36 (KHTML, like Gecko) Chrome/63.0.3239.132 Safari/537.36',
  'upgrade-insecure-requests' => '1',
  'connection' => 'close',
  'host' => 'www.cms2.com',
)
[ info ] [ PARAM ] array (
  'newsid' => '5',
)
[ info ] [ DB ] INIT mysql
[ info ] [ VIEW ] ../application/index/view/xianyan/index\content_comment.html [ array (
  0 => 'data',
  1 => 'site',
  2 => 'cateinfo',
  3 => 'comment',
  4 => 'newsinfo',
) ]
[ sql ] [ DB ] CONNECT:[ UseTime:0.018001s ] mysql:host=127.0.0.1;dbname=cms0518;charset=utf8
[ sql ] [ SQL ] SHOW COLUMNS FROM `cms_news_list` [ RunTime:0.050003s ]
[ sql ] [ SQL ] SELECT * FROM `cms_news_list` WHERE  ( `status` = 1 AND `pushtime` < '2018-09-08 10:16:32' )  AND `newsid` = 5 LIMIT 1 [ RunTime:0.001000s ]
[ sql ] [ SQL ] SHOW COLUMNS FROM `cms_news_cate` [ RunTime:0.011001s ]
[ sql ] [ SQL ] SELECT * FROM `cms_news_cate` WHERE  `cateid` = 1  AND `status` = 1 LIMIT 1 [ RunTime:0.000000s ]
[ sql ] [ SQL ] UPDATE `cms_news_list`  SET `hits` = `hits` + 1  WHERE  ( `status` = 1 AND `pushtime` < '2018-09-08 10:16:32' )  AND `newsid` = 5 [ RunTime:0.000000s ]
[ sql ] [ SQL ] SHOW COLUMNS FROM `cms_comment_list` [ RunTime:0.025001s ]
[ sql ] [ SQL ] SELECT * FROM `cms_comment_list` WHERE  `newsid` = 5  AND `floor` = 0  AND `status` = 1 ORDER BY `id` DESC LIMIT 0,10 [ RunTime:0.001000s ]
[ sql ] [ SQL ] SELECT * FROM `cms_comment_list` WHERE  `floor` = 30  AND `newsid` = 5  AND `status` = 1 LIMIT 0,6 [ RunTime:0.000000s ]
[ sql ] [ SQL ] SELECT * FROM `cms_comment_list` WHERE  `floor` = 29  AND `newsid` = 5  AND `status` = 1 LIMIT 0,6 [ RunTime:0.000000s ]
[ sql ] [ SQL ] SELECT * FROM `cms_comment_list` WHERE  `floor` = 28  AND `newsid` = 5  AND `status` = 1 LIMIT 0,6 [ RunTime:0.000000s ]
[ sql ] [ SQL ] SELECT * FROM `cms_comment_list` WHERE  `floor` = 27  AND `newsid` = 5  AND `status` = 1 LIMIT 0,6 [ RunTime:0.001001s ]
[ sql ] [ SQL ] SELECT * FROM `cms_comment_list` WHERE  `floor` = 26  AND `newsid` = 5  AND `status` = 1 LIMIT 0,6 [ RunTime:0.001000s ]
[ sql ] [ SQL ] SELECT * FROM `cms_comment_list` WHERE  `floor` = 25  AND `newsid` = 5  AND `status` = 1 LIMIT 0,6 [ RunTime:0.000000s ]
[ sql ] [ SQL ] SELECT * FROM `cms_comment_list` WHERE  `floor` = 1  AND `newsid` = 5  AND `status` = 1 LIMIT 0,6 [ RunTime:0.001000s ]
[ sql ] [ SQL ] SELECT * FROM `cms_comment_list` WHERE  `newsid` = 5  AND `floor` = 0  AND `status` = 1 ORDER BY `id` DESC LIMIT 0,10 [ RunTime:0.001000s ]
---------------------------------------------------------------
[ 2018-09-08T10:16:37+08:00 ] 127.0.0.1 POST www.cms2.com/index.php/index/index/comment.html
[运行时间：0.122007s] [吞吐率：8.20req/s] [内存消耗：3,050.92kb] [文件加载：95]
[ info ] [ LANG ] G:\www2\cms2\thinkphp\lang\zh-cn.php
[ info ] [ ROUTE ] array (
)
[ info ] [ HEADER ] array (
  'cookie' => 'PHPSESSID=b50ft71oj2rdr18ff1lphahqv3',
  'accept-language' => 'zh-CN,zh;q=0.9',
  'accept-encoding' => 'gzip, deflate',
  'referer' => 'http://www.cms2.com/index.php/content-5.html',
  'content-type' => 'application/x-www-form-urlencoded; charset=UTF-8',
  'user-agent' => 'Mozilla/5.0 (Windows NT 6.1; WOW64) AppleWebKit/537.36 (KHTML, like Gecko) Chrome/63.0.3239.132 Safari/537.36',
  'x-requested-with' => 'XMLHttpRequest',
  'origin' => 'http://www.cms2.com',
  'accept' => '*/*',
  'content-length' => '33',
  'connection' => 'close',
  'host' => 'www.cms2.com',
)
[ info ] [ PARAM ] array (
  'newsid' => '5',
  'pid' => '',
  'floor' => '',
  'content' => 'adsf',
)
[ info ] [ DB ] INIT mysql
[ sql ] [ DB ] CONNECT:[ UseTime:0.002001s ] mysql:host=127.0.0.1;dbname=cms0518;charset=utf8
[ sql ] [ SQL ] SHOW COLUMNS FROM `cms_news_list` [ RunTime:0.008000s ]
[ sql ] [ SQL ] SELECT COUNT(`newsid`) AS tp_count FROM `cms_news_list` WHERE  `newsid` = 5  AND `status` = 1  AND `iscomment` = 1 LIMIT 1 [ RunTime:0.001000s ]
[ sql ] [ SQL ] SHOW COLUMNS FROM `cms_comment_list` [ RunTime:0.012001s ]
[ sql ] [ SQL ] INSERT INTO `cms_comment_list` (`newsid` , `floor` , `pid` , `nickname` , `userid` , `avatar` , `content` , `status` , `addtime`) VALUES (5 , 0 , 0 , '昵称用户109' , NULL , 'https://www.layui.com/template/xianyan/demo/res/static/images/info-img.png' , 'adsf' , 1 , '2018-09-08 10:16:37') [ RunTime:0.001000s ]
---------------------------------------------------------------
[ 2018-09-08T10:16:38+08:00 ] 127.0.0.1 GET www.cms2.com/index.php/content-5.html
[运行时间：0.135008s] [吞吐率：7.41req/s] [内存消耗：3,052.09kb] [文件加载：92]
[ info ] [ LANG ] G:\www2\cms2\thinkphp\lang\zh-cn.php
[ info ] [ ROUTE ] array (
  'rule' => 'content-<newsid>',
  'route' => 'index/index/content',
  'option' => 
  array (
    'merge_rule_regex' => false,
  ),
  'var' => 
  array (
    'newsid' => '5',
  ),
)
[ info ] [ HEADER ] array (
  'cookie' => 'PHPSESSID=b50ft71oj2rdr18ff1lphahqv3',
  'accept-language' => 'zh-CN,zh;q=0.9',
  'accept-encoding' => 'gzip, deflate',
  'referer' => 'http://www.cms2.com/index.php/content-5.html',
  'accept' => 'text/html,application/xhtml+xml,application/xml;q=0.9,image/webp,image/apng,*/*;q=0.8',
  'user-agent' => 'Mozilla/5.0 (Windows NT 6.1; WOW64) AppleWebKit/537.36 (KHTML, like Gecko) Chrome/63.0.3239.132 Safari/537.36',
  'upgrade-insecure-requests' => '1',
  'cache-control' => 'max-age=0',
  'connection' => 'close',
  'host' => 'www.cms2.com',
)
[ info ] [ PARAM ] array (
  'newsid' => '5',
)
[ info ] [ DB ] INIT mysql
[ info ] [ VIEW ] ../application/index/view/xianyan/index\content_comment.html [ array (
  0 => 'data',
  1 => 'site',
  2 => 'cateinfo',
  3 => 'comment',
  4 => 'newsinfo',
) ]
[ sql ] [ DB ] CONNECT:[ UseTime:0.002000s ] mysql:host=127.0.0.1;dbname=cms0518;charset=utf8
[ sql ] [ SQL ] SHOW COLUMNS FROM `cms_news_list` [ RunTime:0.013001s ]
[ sql ] [ SQL ] SELECT * FROM `cms_news_list` WHERE  ( `status` = 1 AND `pushtime` < '2018-09-08 10:16:38' )  AND `newsid` = 5 LIMIT 1 [ RunTime:0.001000s ]
[ sql ] [ SQL ] SHOW COLUMNS FROM `cms_news_cate` [ RunTime:0.012000s ]
[ sql ] [ SQL ] SELECT * FROM `cms_news_cate` WHERE  `cateid` = 1  AND `status` = 1 LIMIT 1 [ RunTime:0.001000s ]
[ sql ] [ SQL ] UPDATE `cms_news_list`  SET `hits` = `hits` + 1  WHERE  ( `status` = 1 AND `pushtime` < '2018-09-08 10:16:38' )  AND `newsid` = 5 [ RunTime:0.000000s ]
[ sql ] [ SQL ] SHOW COLUMNS FROM `cms_comment_list` [ RunTime:0.010000s ]
[ sql ] [ SQL ] SELECT * FROM `cms_comment_list` WHERE  `newsid` = 5  AND `floor` = 0  AND `status` = 1 ORDER BY `id` DESC LIMIT 0,10 [ RunTime:0.002000s ]
[ sql ] [ SQL ] SELECT * FROM `cms_comment_list` WHERE  `floor` = 32  AND `newsid` = 5  AND `status` = 1 LIMIT 0,6 [ RunTime:0.002000s ]
[ sql ] [ SQL ] SELECT * FROM `cms_comment_list` WHERE  `floor` = 30  AND `newsid` = 5  AND `status` = 1 LIMIT 0,6 [ RunTime:0.003001s ]
[ sql ] [ SQL ] SELECT * FROM `cms_comment_list` WHERE  `floor` = 29  AND `newsid` = 5  AND `status` = 1 LIMIT 0,6 [ RunTime:0.002000s ]
[ sql ] [ SQL ] SELECT * FROM `cms_comment_list` WHERE  `floor` = 28  AND `newsid` = 5  AND `status` = 1 LIMIT 0,6 [ RunTime:0.003000s ]
[ sql ] [ SQL ] SELECT * FROM `cms_comment_list` WHERE  `floor` = 27  AND `newsid` = 5  AND `status` = 1 LIMIT 0,6 [ RunTime:0.001000s ]
[ sql ] [ SQL ] SELECT * FROM `cms_comment_list` WHERE  `floor` = 26  AND `newsid` = 5  AND `status` = 1 LIMIT 0,6 [ RunTime:0.001000s ]
[ sql ] [ SQL ] SELECT * FROM `cms_comment_list` WHERE  `floor` = 25  AND `newsid` = 5  AND `status` = 1 LIMIT 0,6 [ RunTime:0.001000s ]
[ sql ] [ SQL ] SELECT * FROM `cms_comment_list` WHERE  `floor` = 1  AND `newsid` = 5  AND `status` = 1 LIMIT 0,6 [ RunTime:0.001000s ]
[ sql ] [ SQL ] SELECT * FROM `cms_comment_list` WHERE  `newsid` = 5  AND `floor` = 0  AND `status` = 1 ORDER BY `id` DESC LIMIT 0,10 [ RunTime:0.003001s ]
---------------------------------------------------------------
[ 2018-09-08T10:16:57+08:00 ] 127.0.0.1 GET www.cms2.com/index.php/
[运行时间：0.121007s] [吞吐率：8.26req/s] [内存消耗：3,205.45kb] [文件加载：96]
[ info ] [ LANG ] G:\www2\cms2\thinkphp\lang\zh-cn.php
[ info ] [ ROUTE ] array (
)
[ info ] [ HEADER ] array (
  'cookie' => 'PHPSESSID=b50ft71oj2rdr18ff1lphahqv3',
  'accept-language' => 'zh-CN,zh;q=0.9',
  'accept-encoding' => 'gzip, deflate',
  'accept' => 'text/html,application/xhtml+xml,application/xml;q=0.9,image/webp,image/apng,*/*;q=0.8',
  'user-agent' => 'Mozilla/5.0 (Windows NT 6.1; WOW64) AppleWebKit/537.36 (KHTML, like Gecko) Chrome/63.0.3239.132 Safari/537.36',
  'upgrade-insecure-requests' => '1',
  'connection' => 'close',
  'host' => 'www.cms2.com',
)
[ info ] [ PARAM ] array (
)
[ info ] [ VIEW ] ../application/index/view/xianyan/index\index.html [ array (
  0 => 'data',
  1 => 'site',
) ]
[ info ] [ DB ] INIT mysql
[ sql ] [ DB ] CONNECT:[ UseTime:0.001000s ] mysql:host=127.0.0.1;dbname=cms0518;charset=utf8
[ sql ] [ SQL ] SHOW COLUMNS FROM `cms_news_list` [ RunTime:0.011001s ]
[ sql ] [ SQL ] SELECT * FROM `cms_news_list` WHERE  `status` = 1  AND `pushtime` <= '2018-09-08 10:16:57' ORDER BY `newsid` DESC LIMIT 3 [ RunTime:0.000000s ]
---------------------------------------------------------------
[ 2018-09-08T10:27:19+08:00 ] 127.0.0.1 GET www.cms2.com/index.php/api/index/index
[运行时间：0.097006s] [吞吐率：10.31req/s] [内存消耗：2,290.20kb] [文件加载：89]
[ info ] [ LANG ] G:\www2\cms2\thinkphp\lang\zh-cn.php
[ info ] [ ROUTE ] array (
)
[ info ] [ HEADER ] array (
  'cookie' => 'PHPSESSID=b50ft71oj2rdr18ff1lphahqv3',
  'accept-language' => 'zh-CN,zh;q=0.9',
  'accept-encoding' => 'gzip, deflate',
  'accept' => 'text/html,application/xhtml+xml,application/xml;q=0.9,image/webp,image/apng,*/*;q=0.8',
  'user-agent' => 'Mozilla/5.0 (Windows NT 6.1; WOW64) AppleWebKit/537.36 (KHTML, like Gecko) Chrome/63.0.3239.132 Safari/537.36',
  'upgrade-insecure-requests' => '1',
  'connection' => 'close',
  'host' => 'www.cms2.com',
)
[ info ] [ PARAM ] array (
)
---------------------------------------------------------------
[ 2018-09-08T10:27:39+08:00 ] 127.0.0.1 GET www.cms2.com/index.php/api/index/index
[运行时间：0.044002s] [吞吐率：22.73req/s] [内存消耗：2,222.27kb] [文件加载：83]
[ info ] [ LANG ] G:\www2\cms2\thinkphp\lang\zh-cn.php
[ info ] [ ROUTE ] array (
)
[ info ] [ HEADER ] array (
  'cookie' => 'PHPSESSID=b50ft71oj2rdr18ff1lphahqv3',
  'accept-language' => 'zh-CN,zh;q=0.9',
  'accept-encoding' => 'gzip, deflate',
  'accept' => 'text/html,application/xhtml+xml,application/xml;q=0.9,image/webp,image/apng,*/*;q=0.8',
  'user-agent' => 'Mozilla/5.0 (Windows NT 6.1; WOW64) AppleWebKit/537.36 (KHTML, like Gecko) Chrome/63.0.3239.132 Safari/537.36',
  'upgrade-insecure-requests' => '1',
  'cache-control' => 'max-age=0',
  'connection' => 'close',
  'host' => 'www.cms2.com',
)
[ info ] [ PARAM ] array (
)
---------------------------------------------------------------
[ 2018-09-08T10:27:52+08:00 ] 127.0.0.1 GET www.cms2.com/index.php/api/index/index
[运行时间：0.060004s] [吞吐率：16.67req/s] [内存消耗：2,222.27kb] [文件加载：83]
[ info ] [ LANG ] G:\www2\cms2\thinkphp\lang\zh-cn.php
[ info ] [ ROUTE ] array (
)
[ info ] [ HEADER ] array (
  'cookie' => 'PHPSESSID=b50ft71oj2rdr18ff1lphahqv3',
  'accept-language' => 'zh-CN,zh;q=0.9',
  'accept-encoding' => 'gzip, deflate',
  'accept' => 'text/html,application/xhtml+xml,application/xml;q=0.9,image/webp,image/apng,*/*;q=0.8',
  'user-agent' => 'Mozilla/5.0 (Windows NT 6.1; WOW64) AppleWebKit/537.36 (KHTML, like Gecko) Chrome/63.0.3239.132 Safari/537.36',
  'upgrade-insecure-requests' => '1',
  'cache-control' => 'max-age=0',
  'connection' => 'close',
  'host' => 'www.cms2.com',
)
[ info ] [ PARAM ] array (
)
---------------------------------------------------------------
[ 2018-09-08T10:27:55+08:00 ] 127.0.0.1 GET www.cms2.com/index.php/api/index/index
[运行时间：0.045002s] [吞吐率：22.22req/s] [内存消耗：2,222.27kb] [文件加载：83]
[ info ] [ LANG ] G:\www2\cms2\thinkphp\lang\zh-cn.php
[ info ] [ ROUTE ] array (
)
[ info ] [ HEADER ] array (
  'cookie' => 'PHPSESSID=b50ft71oj2rdr18ff1lphahqv3',
  'accept-language' => 'zh-CN,zh;q=0.9',
  'accept-encoding' => 'gzip, deflate',
  'accept' => 'text/html,application/xhtml+xml,application/xml;q=0.9,image/webp,image/apng,*/*;q=0.8',
  'user-agent' => 'Mozilla/5.0 (Windows NT 6.1; WOW64) AppleWebKit/537.36 (KHTML, like Gecko) Chrome/63.0.3239.132 Safari/537.36',
  'upgrade-insecure-requests' => '1',
  'cache-control' => 'max-age=0',
  'connection' => 'close',
  'host' => 'www.cms2.com',
)
[ info ] [ PARAM ] array (
)
---------------------------------------------------------------
[ 2018-09-08T10:27:57+08:00 ] 127.0.0.1 GET www.cms2.com/index.php/api/index/index
[运行时间：0.050003s] [吞吐率：20.00req/s] [内存消耗：2,222.27kb] [文件加载：83]
[ info ] [ LANG ] G:\www2\cms2\thinkphp\lang\zh-cn.php
[ info ] [ ROUTE ] array (
)
[ info ] [ HEADER ] array (
  'cookie' => 'PHPSESSID=b50ft71oj2rdr18ff1lphahqv3',
  'accept-language' => 'zh-CN,zh;q=0.9',
  'accept-encoding' => 'gzip, deflate',
  'accept' => 'text/html,application/xhtml+xml,application/xml;q=0.9,image/webp,image/apng,*/*;q=0.8',
  'user-agent' => 'Mozilla/5.0 (Windows NT 6.1; WOW64) AppleWebKit/537.36 (KHTML, like Gecko) Chrome/63.0.3239.132 Safari/537.36',
  'upgrade-insecure-requests' => '1',
  'cache-control' => 'max-age=0',
  'connection' => 'close',
  'host' => 'www.cms2.com',
)
[ info ] [ PARAM ] array (
)
---------------------------------------------------------------
[ 2018-09-08T10:28:08+08:00 ] 127.0.0.1 GET www.cms2.com/index.php/api/index/user/index
[运行时间：0.069003s] [吞吐率：14.49req/s] [内存消耗：2,222.06kb] [文件加载：83]
[ info ] [ LANG ] G:\www2\cms2\thinkphp\lang\zh-cn.php
[ info ] [ ROUTE ] array (
)
[ info ] [ HEADER ] array (
  'cookie' => 'PHPSESSID=b50ft71oj2rdr18ff1lphahqv3',
  'accept-language' => 'zh-CN,zh;q=0.9',
  'accept-encoding' => 'gzip, deflate',
  'accept' => 'text/html,application/xhtml+xml,application/xml;q=0.9,image/webp,image/apng,*/*;q=0.8',
  'user-agent' => 'Mozilla/5.0 (Windows NT 6.1; WOW64) AppleWebKit/537.36 (KHTML, like Gecko) Chrome/63.0.3239.132 Safari/537.36',
  'upgrade-insecure-requests' => '1',
  'connection' => 'close',
  'host' => 'www.cms2.com',
)
[ info ] [ PARAM ] array (
)
---------------------------------------------------------------
[ 2018-09-08T10:28:11+08:00 ] 127.0.0.1 GET www.cms2.com/index.php/api/index/user/index
[运行时间：0.053003s] [吞吐率：18.87req/s] [内存消耗：2,222.30kb] [文件加载：83]
[ info ] [ LANG ] G:\www2\cms2\thinkphp\lang\zh-cn.php
[ info ] [ ROUTE ] array (
)
[ info ] [ HEADER ] array (
  'cookie' => 'PHPSESSID=b50ft71oj2rdr18ff1lphahqv3',
  'accept-language' => 'zh-CN,zh;q=0.9',
  'accept-encoding' => 'gzip, deflate',
  'accept' => 'text/html,application/xhtml+xml,application/xml;q=0.9,image/webp,image/apng,*/*;q=0.8',
  'user-agent' => 'Mozilla/5.0 (Windows NT 6.1; WOW64) AppleWebKit/537.36 (KHTML, like Gecko) Chrome/63.0.3239.132 Safari/537.36',
  'upgrade-insecure-requests' => '1',
  'cache-control' => 'max-age=0',
  'connection' => 'close',
  'host' => 'www.cms2.com',
)
[ info ] [ PARAM ] array (
)
---------------------------------------------------------------
[ 2018-09-08T10:28:14+08:00 ] 127.0.0.1 GET www.cms2.com/index.php/api/index/user/
[运行时间：0.067004s] [吞吐率：14.92req/s] [内存消耗：2,221.95kb] [文件加载：83]
[ info ] [ LANG ] G:\www2\cms2\thinkphp\lang\zh-cn.php
[ info ] [ ROUTE ] array (
)
[ info ] [ HEADER ] array (
  'cookie' => 'PHPSESSID=b50ft71oj2rdr18ff1lphahqv3',
  'accept-language' => 'zh-CN,zh;q=0.9',
  'accept-encoding' => 'gzip, deflate',
  'accept' => 'text/html,application/xhtml+xml,application/xml;q=0.9,image/webp,image/apng,*/*;q=0.8',
  'user-agent' => 'Mozilla/5.0 (Windows NT 6.1; WOW64) AppleWebKit/537.36 (KHTML, like Gecko) Chrome/63.0.3239.132 Safari/537.36',
  'upgrade-insecure-requests' => '1',
  'connection' => 'close',
  'host' => 'www.cms2.com',
)
[ info ] [ PARAM ] array (
)
---------------------------------------------------------------
[ 2018-09-08T10:28:20+08:00 ] 127.0.0.1 GET www.cms2.com/index.php/api/index/user/index
[运行时间：0.064004s] [吞吐率：15.62req/s] [内存消耗：2,222.06kb] [文件加载：83]
[ info ] [ LANG ] G:\www2\cms2\thinkphp\lang\zh-cn.php
[ info ] [ ROUTE ] array (
)
[ info ] [ HEADER ] array (
  'cookie' => 'PHPSESSID=b50ft71oj2rdr18ff1lphahqv3',
  'accept-language' => 'zh-CN,zh;q=0.9',
  'accept-encoding' => 'gzip, deflate',
  'accept' => 'text/html,application/xhtml+xml,application/xml;q=0.9,image/webp,image/apng,*/*;q=0.8',
  'user-agent' => 'Mozilla/5.0 (Windows NT 6.1; WOW64) AppleWebKit/537.36 (KHTML, like Gecko) Chrome/63.0.3239.132 Safari/537.36',
  'upgrade-insecure-requests' => '1',
  'connection' => 'close',
  'host' => 'www.cms2.com',
)
[ info ] [ PARAM ] array (
)
---------------------------------------------------------------
[ 2018-09-08T10:28:46+08:00 ] 127.0.0.1 GET www.cms2.com/index.php/api/index/user/index
[运行时间：0.056003s] [吞吐率：17.86req/s] [内存消耗：2,286.62kb] [文件加载：88]
[ info ] [ LANG ] G:\www2\cms2\thinkphp\lang\zh-cn.php
[ info ] [ ROUTE ] array (
)
[ info ] [ HEADER ] array (
  'cookie' => 'PHPSESSID=b50ft71oj2rdr18ff1lphahqv3',
  'accept-language' => 'zh-CN,zh;q=0.9',
  'accept-encoding' => 'gzip, deflate',
  'accept' => 'text/html,application/xhtml+xml,application/xml;q=0.9,image/webp,image/apng,*/*;q=0.8',
  'user-agent' => 'Mozilla/5.0 (Windows NT 6.1; WOW64) AppleWebKit/537.36 (KHTML, like Gecko) Chrome/63.0.3239.132 Safari/537.36',
  'upgrade-insecure-requests' => '1',
  'cache-control' => 'max-age=0',
  'connection' => 'close',
  'host' => 'www.cms2.com',
)
[ info ] [ PARAM ] array (
)
---------------------------------------------------------------
[ 2018-09-08T10:28:50+08:00 ] 127.0.0.1 GET www.cms2.com/index.php/api/index/user/ceshi
[运行时间：0.064004s] [吞吐率：15.62req/s] [内存消耗：2,286.38kb] [文件加载：88]
[ info ] [ LANG ] G:\www2\cms2\thinkphp\lang\zh-cn.php
[ info ] [ ROUTE ] array (
)
[ info ] [ HEADER ] array (
  'cookie' => 'PHPSESSID=b50ft71oj2rdr18ff1lphahqv3',
  'accept-language' => 'zh-CN,zh;q=0.9',
  'accept-encoding' => 'gzip, deflate',
  'accept' => 'text/html,application/xhtml+xml,application/xml;q=0.9,image/webp,image/apng,*/*;q=0.8',
  'user-agent' => 'Mozilla/5.0 (Windows NT 6.1; WOW64) AppleWebKit/537.36 (KHTML, like Gecko) Chrome/63.0.3239.132 Safari/537.36',
  'upgrade-insecure-requests' => '1',
  'connection' => 'close',
  'host' => 'www.cms2.com',
)
[ info ] [ PARAM ] array (
)
---------------------------------------------------------------
[ 2018-09-08T10:29:02+08:00 ] 127.0.0.1 GET www.cms2.com/index.php/api/user/index/ceshi
[运行时间：0.064003s] [吞吐率：15.62req/s] [内存消耗：2,215.20kb] [文件加载：86]
[ info ] [ LANG ] G:\www2\cms2\thinkphp\lang\zh-cn.php
[ info ] [ ROUTE ] array (
)
[ info ] [ HEADER ] array (
  'cookie' => 'PHPSESSID=b50ft71oj2rdr18ff1lphahqv3',
  'accept-language' => 'zh-CN,zh;q=0.9',
  'accept-encoding' => 'gzip, deflate',
  'accept' => 'text/html,application/xhtml+xml,application/xml;q=0.9,image/webp,image/apng,*/*;q=0.8',
  'user-agent' => 'Mozilla/5.0 (Windows NT 6.1; WOW64) AppleWebKit/537.36 (KHTML, like Gecko) Chrome/63.0.3239.132 Safari/537.36',
  'upgrade-insecure-requests' => '1',
  'connection' => 'close',
  'host' => 'www.cms2.com',
)
[ info ] [ PARAM ] array (
)
---------------------------------------------------------------
[ 2018-09-08T10:31:34+08:00 ] 127.0.0.1 GET www.cms2.com/index.php/api/index/user/index
[运行时间：0.058004s] [吞吐率：17.24req/s] [内存消耗：2,286.62kb] [文件加载：88]
[ info ] [ LANG ] G:\www2\cms2\thinkphp\lang\zh-cn.php
[ info ] [ ROUTE ] array (
)
[ info ] [ HEADER ] array (
  'cookie' => 'PHPSESSID=b50ft71oj2rdr18ff1lphahqv3',
  'accept-language' => 'zh-CN,zh;q=0.9',
  'accept-encoding' => 'gzip, deflate',
  'accept' => 'text/html,application/xhtml+xml,application/xml;q=0.9,image/webp,image/apng,*/*;q=0.8',
  'user-agent' => 'Mozilla/5.0 (Windows NT 6.1; WOW64) AppleWebKit/537.36 (KHTML, like Gecko) Chrome/63.0.3239.132 Safari/537.36',
  'upgrade-insecure-requests' => '1',
  'cache-control' => 'max-age=0',
  'connection' => 'close',
  'host' => 'www.cms2.com',
)
[ info ] [ PARAM ] array (
)
---------------------------------------------------------------
[ 2018-09-08T10:31:58+08:00 ] 127.0.0.1 GET www.cms2.com/index.php/api/index/user/index/ceshi
[运行时间：0.072004s] [吞吐率：13.89req/s] [内存消耗：2,286.68kb] [文件加载：88]
[ info ] [ LANG ] G:\www2\cms2\thinkphp\lang\zh-cn.php
[ info ] [ ROUTE ] array (
)
[ info ] [ HEADER ] array (
  'cookie' => 'PHPSESSID=b50ft71oj2rdr18ff1lphahqv3',
  'accept-language' => 'zh-CN,zh;q=0.9',
  'accept-encoding' => 'gzip, deflate',
  'accept' => 'text/html,application/xhtml+xml,application/xml;q=0.9,image/webp,image/apng,*/*;q=0.8',
  'user-agent' => 'Mozilla/5.0 (Windows NT 6.1; WOW64) AppleWebKit/537.36 (KHTML, like Gecko) Chrome/63.0.3239.132 Safari/537.36',
  'upgrade-insecure-requests' => '1',
  'connection' => 'close',
  'host' => 'www.cms2.com',
)
[ info ] [ PARAM ] array (
  'index' => 'ceshi',
)
---------------------------------------------------------------
[ 2018-09-08T10:32:02+08:00 ] 127.0.0.1 GET www.cms2.com/index.php/api/index/user.index/ceshi
[运行时间：0.059003s] [吞吐率：16.95req/s] [内存消耗：2,286.27kb] [文件加载：88]
[ info ] [ LANG ] G:\www2\cms2\thinkphp\lang\zh-cn.php
[ info ] [ ROUTE ] array (
)
[ info ] [ HEADER ] array (
  'cookie' => 'PHPSESSID=b50ft71oj2rdr18ff1lphahqv3',
  'accept-language' => 'zh-CN,zh;q=0.9',
  'accept-encoding' => 'gzip, deflate',
  'accept' => 'text/html,application/xhtml+xml,application/xml;q=0.9,image/webp,image/apng,*/*;q=0.8',
  'user-agent' => 'Mozilla/5.0 (Windows NT 6.1; WOW64) AppleWebKit/537.36 (KHTML, like Gecko) Chrome/63.0.3239.132 Safari/537.36',
  'upgrade-insecure-requests' => '1',
  'connection' => 'close',
  'host' => 'www.cms2.com',
)
[ info ] [ PARAM ] array (
)
---------------------------------------------------------------
[ 2018-09-08T10:32:21+08:00 ] 127.0.0.1 GET www.cms2.com/index.php/api/user.index/ceshi
[运行时间：0.068004s] [吞吐率：14.70req/s] [内存消耗：2,222.00kb] [文件加载：83]
[ info ] [ LANG ] G:\www2\cms2\thinkphp\lang\zh-cn.php
[ info ] [ ROUTE ] array (
)
[ info ] [ HEADER ] array (
  'cookie' => 'PHPSESSID=b50ft71oj2rdr18ff1lphahqv3',
  'accept-language' => 'zh-CN,zh;q=0.9',
  'accept-encoding' => 'gzip, deflate',
  'accept' => 'text/html,application/xhtml+xml,application/xml;q=0.9,image/webp,image/apng,*/*;q=0.8',
  'user-agent' => 'Mozilla/5.0 (Windows NT 6.1; WOW64) AppleWebKit/537.36 (KHTML, like Gecko) Chrome/63.0.3239.132 Safari/537.36',
  'upgrade-insecure-requests' => '1',
  'connection' => 'close',
  'host' => 'www.cms2.com',
)
[ info ] [ PARAM ] array (
)
---------------------------------------------------------------
[ 2018-09-08T10:32:27+08:00 ] 127.0.0.1 GET www.cms2.com/index.php/api/user/index/ceshi
[运行时间：0.065004s] [吞吐率：15.38req/s] [内存消耗：2,215.20kb] [文件加载：86]
[ info ] [ LANG ] G:\www2\cms2\thinkphp\lang\zh-cn.php
[ info ] [ ROUTE ] array (
)
[ info ] [ HEADER ] array (
  'cookie' => 'PHPSESSID=b50ft71oj2rdr18ff1lphahqv3',
  'accept-language' => 'zh-CN,zh;q=0.9',
  'accept-encoding' => 'gzip, deflate',
  'accept' => 'text/html,application/xhtml+xml,application/xml;q=0.9,image/webp,image/apng,*/*;q=0.8',
  'user-agent' => 'Mozilla/5.0 (Windows NT 6.1; WOW64) AppleWebKit/537.36 (KHTML, like Gecko) Chrome/63.0.3239.132 Safari/537.36',
  'upgrade-insecure-requests' => '1',
  'connection' => 'close',
  'host' => 'www.cms2.com',
)
[ info ] [ PARAM ] array (
)
---------------------------------------------------------------
[ 2018-09-08T10:32:29+08:00 ] 127.0.0.1 GET www.cms2.com/index.php/api/user/index/ceshi
[运行时间：0.050003s] [吞吐率：20.00req/s] [内存消耗：2,215.44kb] [文件加载：86]
[ info ] [ LANG ] G:\www2\cms2\thinkphp\lang\zh-cn.php
[ info ] [ ROUTE ] array (
)
[ info ] [ HEADER ] array (
  'cookie' => 'PHPSESSID=b50ft71oj2rdr18ff1lphahqv3',
  'accept-language' => 'zh-CN,zh;q=0.9',
  'accept-encoding' => 'gzip, deflate',
  'accept' => 'text/html,application/xhtml+xml,application/xml;q=0.9,image/webp,image/apng,*/*;q=0.8',
  'user-agent' => 'Mozilla/5.0 (Windows NT 6.1; WOW64) AppleWebKit/537.36 (KHTML, like Gecko) Chrome/63.0.3239.132 Safari/537.36',
  'upgrade-insecure-requests' => '1',
  'cache-control' => 'max-age=0',
  'connection' => 'close',
  'host' => 'www.cms2.com',
)
[ info ] [ PARAM ] array (
)
---------------------------------------------------------------
[ 2018-09-08T10:32:33+08:00 ] 127.0.0.1 GET www.cms2.com/index.php/api/user.index/ceshi
[运行时间：0.057003s] [吞吐率：17.54req/s] [内存消耗：2,222.00kb] [文件加载：83]
[ info ] [ LANG ] G:\www2\cms2\thinkphp\lang\zh-cn.php
[ info ] [ ROUTE ] array (
)
[ info ] [ HEADER ] array (
  'cookie' => 'PHPSESSID=b50ft71oj2rdr18ff1lphahqv3',
  'accept-language' => 'zh-CN,zh;q=0.9',
  'accept-encoding' => 'gzip, deflate',
  'accept' => 'text/html,application/xhtml+xml,application/xml;q=0.9,image/webp,image/apng,*/*;q=0.8',
  'user-agent' => 'Mozilla/5.0 (Windows NT 6.1; WOW64) AppleWebKit/537.36 (KHTML, like Gecko) Chrome/63.0.3239.132 Safari/537.36',
  'upgrade-insecure-requests' => '1',
  'connection' => 'close',
  'host' => 'www.cms2.com',
)
[ info ] [ PARAM ] array (
)
---------------------------------------------------------------
[ 2018-09-08T14:08:43+08:00 ] 127.0.0.1 POST www.cms2.com/index.php/index/index/comment.html
[运行时间：0.158009s] [吞吐率：6.33req/s] [内存消耗：3,050.81kb] [文件加载：95]
[ info ] [ LANG ] G:\www2\cms2\thinkphp\lang\zh-cn.php
[ info ] [ ROUTE ] array (
)
[ info ] [ HEADER ] array (
  'cookie' => 'PHPSESSID=b50ft71oj2rdr18ff1lphahqv3',
  'accept-language' => 'zh-CN,zh;q=0.9',
  'accept-encoding' => 'gzip, deflate',
  'referer' => 'http://www.cms2.com/index.php/content-5.html',
  'content-type' => 'application/x-www-form-urlencoded; charset=UTF-8',
  'user-agent' => 'Mozilla/5.0 (Windows NT 6.1; WOW64) AppleWebKit/537.36 (KHTML, like Gecko) Chrome/63.0.3239.132 Safari/537.36',
  'x-requested-with' => 'XMLHttpRequest',
  'origin' => 'http://www.cms2.com',
  'accept' => '*/*',
  'content-length' => '33',
  'connection' => 'close',
  'host' => 'www.cms2.com',
)
[ info ] [ PARAM ] array (
  'newsid' => '5',
  'pid' => '',
  'floor' => '',
  'content' => 'asdf',
)
[ info ] [ DB ] INIT mysql
[ sql ] [ DB ] CONNECT:[ UseTime:0.017001s ] mysql:host=127.0.0.1;dbname=cms0518;charset=utf8
[ sql ] [ SQL ] SHOW COLUMNS FROM `cms_news_list` [ RunTime:0.027001s ]
[ sql ] [ SQL ] SELECT COUNT(`newsid`) AS tp_count FROM `cms_news_list` WHERE  `newsid` = 5  AND `status` = 1  AND `iscomment` = 1 LIMIT 1 [ RunTime:0.001000s ]
[ sql ] [ SQL ] SHOW COLUMNS FROM `cms_comment_list` [ RunTime:0.024001s ]
[ sql ] [ SQL ] INSERT INTO `cms_comment_list` (`newsid` , `floor` , `pid` , `nickname` , `userid` , `avatar` , `content` , `status` , `addtime`) VALUES (5 , 0 , 0 , '昵称用户123' , NULL , 'https://www.layui.com/template/xianyan/demo/res/static/images/info-img.png' , 'asdf' , 1 , '2018-09-08 14:08:43') [ RunTime:0.001000s ]
---------------------------------------------------------------
[ 2018-09-08T14:08:45+08:00 ] 127.0.0.1 GET www.cms2.com/index.php/content-5.html
[运行时间：0.157009s] [吞吐率：6.37req/s] [内存消耗：3,054.91kb] [文件加载：92]
[ info ] [ LANG ] G:\www2\cms2\thinkphp\lang\zh-cn.php
[ info ] [ ROUTE ] array (
  'rule' => 'content-<newsid>',
  'route' => 'index/index/content',
  'option' => 
  array (
    'merge_rule_regex' => false,
  ),
  'var' => 
  array (
    'newsid' => '5',
  ),
)
[ info ] [ HEADER ] array (
  'cookie' => 'PHPSESSID=b50ft71oj2rdr18ff1lphahqv3',
  'accept-language' => 'zh-CN,zh;q=0.9',
  'accept-encoding' => 'gzip, deflate',
  'referer' => 'http://www.cms2.com/index.php/content-5.html',
  'accept' => 'text/html,application/xhtml+xml,application/xml;q=0.9,image/webp,image/apng,*/*;q=0.8',
  'user-agent' => 'Mozilla/5.0 (Windows NT 6.1; WOW64) AppleWebKit/537.36 (KHTML, like Gecko) Chrome/63.0.3239.132 Safari/537.36',
  'upgrade-insecure-requests' => '1',
  'cache-control' => 'max-age=0',
  'connection' => 'close',
  'host' => 'www.cms2.com',
)
[ info ] [ PARAM ] array (
  'newsid' => '5',
)
[ info ] [ DB ] INIT mysql
[ info ] [ VIEW ] ../application/index/view/xianyan/index\content_comment.html [ array (
  0 => 'data',
  1 => 'site',
  2 => 'cateinfo',
  3 => 'comment',
  4 => 'newsinfo',
) ]
[ sql ] [ DB ] CONNECT:[ UseTime:0.012000s ] mysql:host=127.0.0.1;dbname=cms0518;charset=utf8
[ sql ] [ SQL ] SHOW COLUMNS FROM `cms_news_list` [ RunTime:0.013001s ]
[ sql ] [ SQL ] SELECT * FROM `cms_news_list` WHERE  ( `status` = 1 AND `pushtime` < '2018-09-08 14:08:45' )  AND `newsid` = 5 LIMIT 1 [ RunTime:0.001000s ]
[ sql ] [ SQL ] SHOW COLUMNS FROM `cms_news_cate` [ RunTime:0.013001s ]
[ sql ] [ SQL ] SELECT * FROM `cms_news_cate` WHERE  `cateid` = 1  AND `status` = 1 LIMIT 1 [ RunTime:0.001000s ]
[ sql ] [ SQL ] UPDATE `cms_news_list`  SET `hits` = `hits` + 1  WHERE  ( `status` = 1 AND `pushtime` < '2018-09-08 14:08:45' )  AND `newsid` = 5 [ RunTime:0.001000s ]
[ sql ] [ SQL ] SHOW COLUMNS FROM `cms_comment_list` [ RunTime:0.018001s ]
[ sql ] [ SQL ] SELECT * FROM `cms_comment_list` WHERE  `newsid` = 5  AND `floor` = 0  AND `status` = 1 ORDER BY `id` DESC LIMIT 0,10 [ RunTime:0.001000s ]
[ sql ] [ SQL ] SELECT * FROM `cms_comment_list` WHERE  `floor` = 33  AND `newsid` = 5  AND `status` = 1 LIMIT 0,6 [ RunTime:0.001000s ]
[ sql ] [ SQL ] SELECT * FROM `cms_comment_list` WHERE  `floor` = 32  AND `newsid` = 5  AND `status` = 1 LIMIT 0,6 [ RunTime:0.002000s ]
[ sql ] [ SQL ] SELECT * FROM `cms_comment_list` WHERE  `floor` = 30  AND `newsid` = 5  AND `status` = 1 LIMIT 0,6 [ RunTime:0.002000s ]
[ sql ] [ SQL ] SELECT * FROM `cms_comment_list` WHERE  `floor` = 29  AND `newsid` = 5  AND `status` = 1 LIMIT 0,6 [ RunTime:0.001000s ]
[ sql ] [ SQL ] SELECT * FROM `cms_comment_list` WHERE  `floor` = 28  AND `newsid` = 5  AND `status` = 1 LIMIT 0,6 [ RunTime:0.001000s ]
[ sql ] [ SQL ] SELECT * FROM `cms_comment_list` WHERE  `floor` = 27  AND `newsid` = 5  AND `status` = 1 LIMIT 0,6 [ RunTime:0.001000s ]
[ sql ] [ SQL ] SELECT * FROM `cms_comment_list` WHERE  `floor` = 26  AND `newsid` = 5  AND `status` = 1 LIMIT 0,6 [ RunTime:0.001000s ]
[ sql ] [ SQL ] SELECT * FROM `cms_comment_list` WHERE  `floor` = 25  AND `newsid` = 5  AND `status` = 1 LIMIT 0,6 [ RunTime:0.000000s ]
[ sql ] [ SQL ] SELECT * FROM `cms_comment_list` WHERE  `floor` = 1  AND `newsid` = 5  AND `status` = 1 LIMIT 0,6 [ RunTime:0.000000s ]
[ sql ] [ SQL ] SELECT * FROM `cms_comment_list` WHERE  `newsid` = 5  AND `floor` = 0  AND `status` = 1 ORDER BY `id` DESC LIMIT 0,10 [ RunTime:0.001000s ]
---------------------------------------------------------------
[ 2018-09-08T14:31:39+08:00 ] 127.0.0.1 GET www.cms2.com/index.php/api/index/user/index
[运行时间：0.113007s] [吞吐率：8.85req/s] [内存消耗：2,286.63kb] [文件加载：88]
[ info ] [ LANG ] G:\www2\cms2\thinkphp\lang\zh-cn.php
[ info ] [ ROUTE ] array (
)
[ info ] [ HEADER ] array (
  'cookie' => 'PHPSESSID=b50ft71oj2rdr18ff1lphahqv3',
  'accept-language' => 'zh-CN,zh;q=0.9',
  'accept-encoding' => 'gzip, deflate',
  'accept' => 'text/html,application/xhtml+xml,application/xml;q=0.9,image/webp,image/apng,*/*;q=0.8',
  'user-agent' => 'Mozilla/5.0 (Windows NT 6.1; WOW64) AppleWebKit/537.36 (KHTML, like Gecko) Chrome/63.0.3239.132 Safari/537.36',
  'upgrade-insecure-requests' => '1',
  'cache-control' => 'max-age=0',
  'connection' => 'close',
  'host' => 'www.cms2.com',
)
[ info ] [ PARAM ] array (
)
---------------------------------------------------------------
[ 2018-09-08T14:59:58+08:00 ] 127.0.0.1 GET www.cms2.com/index.php/api/index/index
[运行时间：0.057004s] [吞吐率：17.54req/s] [内存消耗：2,302.74kb] [文件加载：89]
[ info ] [ LANG ] G:\www2\cms2\thinkphp\lang\zh-cn.php
[ info ] [ ROUTE ] array (
)
[ info ] [ HEADER ] array (
  'cookie' => 'PHPSESSID=b50ft71oj2rdr18ff1lphahqv3',
  'accept-language' => 'zh-CN,zh;q=0.9',
  'accept-encoding' => 'gzip, deflate',
  'accept' => 'text/html,application/xhtml+xml,application/xml;q=0.9,image/webp,image/apng,*/*;q=0.8',
  'user-agent' => 'Mozilla/5.0 (Windows NT 6.1; WOW64) AppleWebKit/537.36 (KHTML, like Gecko) Chrome/63.0.3239.132 Safari/537.36',
  'upgrade-insecure-requests' => '1',
  'cache-control' => 'max-age=0',
  'connection' => 'close',
  'host' => 'www.cms2.com',
)
[ info ] [ PARAM ] array (
)
[ error ] [1]Call to a member function fetch() on null[G:\www2\cms2\thinkphp\library\think\Controller.php:136]
---------------------------------------------------------------
[ 2018-09-08T15:00:03+08:00 ] 127.0.0.1 GET www.cms2.com/index.php/api/index/user/index/ceshi
[运行时间：0.044003s] [吞吐率：22.73req/s] [内存消耗：2,288.35kb] [文件加载：88]
[ info ] [ LANG ] G:\www2\cms2\thinkphp\lang\zh-cn.php
[ info ] [ ROUTE ] array (
)
[ info ] [ HEADER ] array (
  'cookie' => 'PHPSESSID=b50ft71oj2rdr18ff1lphahqv3',
  'accept-language' => 'zh-CN,zh;q=0.9',
  'accept-encoding' => 'gzip, deflate',
  'accept' => 'text/html,application/xhtml+xml,application/xml;q=0.9,image/webp,image/apng,*/*;q=0.8',
  'user-agent' => 'Mozilla/5.0 (Windows NT 6.1; WOW64) AppleWebKit/537.36 (KHTML, like Gecko) Chrome/63.0.3239.132 Safari/537.36',
  'upgrade-insecure-requests' => '1',
  'cache-control' => 'max-age=0',
  'connection' => 'close',
  'host' => 'www.cms2.com',
)
[ info ] [ PARAM ] array (
  'index' => 'ceshi',
)
---------------------------------------------------------------
[ 2018-09-08T15:02:14+08:00 ] 127.0.0.1 GET www.cms2.com/index.php/api/user.index/ceshi
[运行时间：0.082005s] [吞吐率：12.19req/s] [内存消耗：2,223.78kb] [文件加载：83]
[ info ] [ LANG ] G:\www2\cms2\thinkphp\lang\zh-cn.php
[ info ] [ ROUTE ] array (
)
[ info ] [ HEADER ] array (
  'cookie' => 'PHPSESSID=b50ft71oj2rdr18ff1lphahqv3',
  'accept-language' => 'zh-CN,zh;q=0.9',
  'accept-encoding' => 'gzip, deflate',
  'accept' => 'text/html,application/xhtml+xml,application/xml;q=0.9,image/webp,image/apng,*/*;q=0.8',
  'user-agent' => 'Mozilla/5.0 (Windows NT 6.1; WOW64) AppleWebKit/537.36 (KHTML, like Gecko) Chrome/63.0.3239.132 Safari/537.36',
  'upgrade-insecure-requests' => '1',
  'cache-control' => 'max-age=0',
  'connection' => 'close',
  'host' => 'www.cms2.com',
)
[ info ] [ PARAM ] array (
)
---------------------------------------------------------------
[ 2018-09-08T15:03:31+08:00 ] 127.0.0.1 GET www.cms2.com/index.php/api/user/ceshi
[运行时间：0.084005s] [吞吐率：11.90req/s] [内存消耗：2,194.09kb] [文件加载：87]
[ info ] [ LANG ] G:\www2\cms2\thinkphp\lang\zh-cn.php
[ info ] [ ROUTE ] array (
  'rule' => 'api/user',
  'route' => 'api/user.index/',
  'option' => 
  array (
    'merge_rule_regex' => false,
  ),
  'var' => 
  array (
  ),
)
[ info ] [ HEADER ] array (
  'cookie' => 'PHPSESSID=b50ft71oj2rdr18ff1lphahqv3',
  'accept-language' => 'zh-CN,zh;q=0.9',
  'accept-encoding' => 'gzip, deflate',
  'accept' => 'text/html,application/xhtml+xml,application/xml;q=0.9,image/webp,image/apng,*/*;q=0.8',
  'user-agent' => 'Mozilla/5.0 (Windows NT 6.1; WOW64) AppleWebKit/537.36 (KHTML, like Gecko) Chrome/63.0.3239.132 Safari/537.36',
  'upgrade-insecure-requests' => '1',
  'connection' => 'close',
  'host' => 'www.cms2.com',
)
[ info ] [ PARAM ] array (
)
---------------------------------------------------------------
[ 2018-09-08T15:05:02+08:00 ] 127.0.0.1 GET www.cms2.com/index.php/api/index/user/
[运行时间：0.061003s] [吞吐率：16.39req/s] [内存消耗：2,286.60kb] [文件加载：88]
[ info ] [ LANG ] G:\www2\cms2\thinkphp\lang\zh-cn.php
[ info ] [ ROUTE ] array (
)
[ info ] [ HEADER ] array (
  'cookie' => 'PHPSESSID=b50ft71oj2rdr18ff1lphahqv3',
  'accept-language' => 'zh-CN,zh;q=0.9',
  'accept-encoding' => 'gzip, deflate',
  'accept' => 'text/html,application/xhtml+xml,application/xml;q=0.9,image/webp,image/apng,*/*;q=0.8',
  'user-agent' => 'Mozilla/5.0 (Windows NT 6.1; WOW64) AppleWebKit/537.36 (KHTML, like Gecko) Chrome/63.0.3239.132 Safari/537.36',
  'upgrade-insecure-requests' => '1',
  'cache-control' => 'max-age=0',
  'connection' => 'close',
  'host' => 'www.cms2.com',
)
[ info ] [ PARAM ] array (
)
---------------------------------------------------------------
[ 2018-09-08T15:05:09+08:00 ] 127.0.0.1 GET www.cms2.com/index.php/api/user/index/ceshi
[运行时间：0.050003s] [吞吐率：20.00req/s] [内存消耗：2,215.44kb] [文件加载：86]
[ info ] [ LANG ] G:\www2\cms2\thinkphp\lang\zh-cn.php
[ info ] [ ROUTE ] array (
)
[ info ] [ HEADER ] array (
  'cookie' => 'PHPSESSID=b50ft71oj2rdr18ff1lphahqv3',
  'accept-language' => 'zh-CN,zh;q=0.9',
  'accept-encoding' => 'gzip, deflate',
  'accept' => 'text/html,application/xhtml+xml,application/xml;q=0.9,image/webp,image/apng,*/*;q=0.8',
  'user-agent' => 'Mozilla/5.0 (Windows NT 6.1; WOW64) AppleWebKit/537.36 (KHTML, like Gecko) Chrome/63.0.3239.132 Safari/537.36',
  'upgrade-insecure-requests' => '1',
  'cache-control' => 'max-age=0',
  'connection' => 'close',
  'host' => 'www.cms2.com',
)
[ info ] [ PARAM ] array (
)
---------------------------------------------------------------
[ 2018-09-08T15:05:18+08:00 ] 127.0.0.1 GET www.cms2.com/index.php/api/user/index/
[运行时间：0.061003s] [吞吐率：16.39req/s] [内存消耗：2,215.11kb] [文件加载：86]
[ info ] [ LANG ] G:\www2\cms2\thinkphp\lang\zh-cn.php
[ info ] [ ROUTE ] array (
)
[ info ] [ HEADER ] array (
  'cookie' => 'PHPSESSID=b50ft71oj2rdr18ff1lphahqv3',
  'accept-language' => 'zh-CN,zh;q=0.9',
  'accept-encoding' => 'gzip, deflate',
  'accept' => 'text/html,application/xhtml+xml,application/xml;q=0.9,image/webp,image/apng,*/*;q=0.8',
  'user-agent' => 'Mozilla/5.0 (Windows NT 6.1; WOW64) AppleWebKit/537.36 (KHTML, like Gecko) Chrome/63.0.3239.132 Safari/537.36',
  'upgrade-insecure-requests' => '1',
  'connection' => 'close',
  'host' => 'www.cms2.com',
)
[ info ] [ PARAM ] array (
)
---------------------------------------------------------------
[ 2018-09-08T15:12:36+08:00 ] 127.0.0.1 GET www.cms2.com/index.php/api/index/user.index/ceshi
[运行时间：0.048003s] [吞吐率：20.83req/s] [内存消耗：2,215.46kb] [文件加载：86]
[ info ] [ LANG ] G:\www2\cms2\thinkphp\lang\zh-cn.php
[ info ] [ ROUTE ] array (
)
[ info ] [ HEADER ] array (
  'cookie' => 'PHPSESSID=b50ft71oj2rdr18ff1lphahqv3',
  'accept-language' => 'zh-CN,zh;q=0.9',
  'accept-encoding' => 'gzip, deflate',
  'accept' => 'text/html,application/xhtml+xml,application/xml;q=0.9,image/webp,image/apng,*/*;q=0.8',
  'user-agent' => 'Mozilla/5.0 (Windows NT 6.1; WOW64) AppleWebKit/537.36 (KHTML, like Gecko) Chrome/63.0.3239.132 Safari/537.36',
  'upgrade-insecure-requests' => '1',
  'cache-control' => 'max-age=0',
  'connection' => 'close',
  'host' => 'www.cms2.com',
)
[ info ] [ PARAM ] array (
)
---------------------------------------------------------------
[ 2018-09-08T15:12:39+08:00 ] 127.0.0.1 GET www.cms2.com/index.php/api/index/user.index/
[运行时间：0.051003s] [吞吐率：19.61req/s] [内存消耗：2,215.14kb] [文件加载：86]
[ info ] [ LANG ] G:\www2\cms2\thinkphp\lang\zh-cn.php
[ info ] [ ROUTE ] array (
)
[ info ] [ HEADER ] array (
  'cookie' => 'PHPSESSID=b50ft71oj2rdr18ff1lphahqv3',
  'accept-language' => 'zh-CN,zh;q=0.9',
  'accept-encoding' => 'gzip, deflate',
  'accept' => 'text/html,application/xhtml+xml,application/xml;q=0.9,image/webp,image/apng,*/*;q=0.8',
  'user-agent' => 'Mozilla/5.0 (Windows NT 6.1; WOW64) AppleWebKit/537.36 (KHTML, like Gecko) Chrome/63.0.3239.132 Safari/537.36',
  'upgrade-insecure-requests' => '1',
  'connection' => 'close',
  'host' => 'www.cms2.com',
)
[ info ] [ PARAM ] array (
)
---------------------------------------------------------------
[ 2018-09-08T15:13:17+08:00 ] 127.0.0.1 GET www.cms2.com/index.php/api/user.index/ceshi
[运行时间：0.063004s] [吞吐率：15.87req/s] [内存消耗：2,223.16kb] [文件加载：84]
[ info ] [ LANG ] G:\www2\cms2\thinkphp\lang\zh-cn.php
[ info ] [ ROUTE ] array (
)
[ info ] [ HEADER ] array (
  'cookie' => 'PHPSESSID=b50ft71oj2rdr18ff1lphahqv3',
  'accept-language' => 'zh-CN,zh;q=0.9',
  'accept-encoding' => 'gzip, deflate',
  'accept' => 'text/html,application/xhtml+xml,application/xml;q=0.9,image/webp,image/apng,*/*;q=0.8',
  'user-agent' => 'Mozilla/5.0 (Windows NT 6.1; WOW64) AppleWebKit/537.36 (KHTML, like Gecko) Chrome/63.0.3239.132 Safari/537.36',
  'upgrade-insecure-requests' => '1',
  'connection' => 'close',
  'host' => 'www.cms2.com',
)
[ info ] [ PARAM ] array (
)
---------------------------------------------------------------
[ 2018-09-08T15:13:26+08:00 ] 127.0.0.1 GET www.cms2.com/index.php/api/user.index/ceshi
[运行时间：0.043002s] [吞吐率：23.25req/s] [内存消耗：2,223.35kb] [文件加载：84]
[ info ] [ LANG ] G:\www2\cms2\thinkphp\lang\zh-cn.php
[ info ] [ ROUTE ] array (
)
[ info ] [ HEADER ] array (
  'cookie' => 'PHPSESSID=b50ft71oj2rdr18ff1lphahqv3',
  'accept-language' => 'zh-CN,zh;q=0.9',
  'accept-encoding' => 'gzip, deflate',
  'accept' => 'text/html,application/xhtml+xml,application/xml;q=0.9,image/webp,image/apng,*/*;q=0.8',
  'user-agent' => 'Mozilla/5.0 (Windows NT 6.1; WOW64) AppleWebKit/537.36 (KHTML, like Gecko) Chrome/63.0.3239.132 Safari/537.36',
  'upgrade-insecure-requests' => '1',
  'cache-control' => 'max-age=0',
  'connection' => 'close',
  'host' => 'www.cms2.com',
)
[ info ] [ PARAM ] array (
)
---------------------------------------------------------------
[ 2018-09-08T15:13:41+08:00 ] 127.0.0.1 GET www.cms2.com/index.php/api/user.index/ceshi
[运行时间：0.053003s] [吞吐率：18.87req/s] [内存消耗：2,222.88kb] [文件加载：84]
[ info ] [ LANG ] G:\www2\cms2\thinkphp\lang\zh-cn.php
[ info ] [ ROUTE ] array (
)
[ info ] [ HEADER ] array (
  'cookie' => 'PHPSESSID=b50ft71oj2rdr18ff1lphahqv3',
  'accept-language' => 'zh-CN,zh;q=0.9',
  'accept-encoding' => 'gzip, deflate',
  'accept' => 'text/html,application/xhtml+xml,application/xml;q=0.9,image/webp,image/apng,*/*;q=0.8',
  'user-agent' => 'Mozilla/5.0 (Windows NT 6.1; WOW64) AppleWebKit/537.36 (KHTML, like Gecko) Chrome/63.0.3239.132 Safari/537.36',
  'upgrade-insecure-requests' => '1',
  'cache-control' => 'max-age=0',
  'connection' => 'close',
  'host' => 'www.cms2.com',
)
[ info ] [ PARAM ] array (
)
---------------------------------------------------------------
[ 2018-09-08T15:25:17+08:00 ] 127.0.0.1 GET www.cms2.com/index.php/api/user.index/ceshi
[运行时间：0.050002s] [吞吐率：20.00req/s] [内存消耗：2,285.48kb] [文件加载：89]
[ info ] [ LANG ] G:\www2\cms2\thinkphp\lang\zh-cn.php
[ info ] [ ROUTE ] array (
)
[ info ] [ HEADER ] array (
  'cookie' => 'PHPSESSID=b50ft71oj2rdr18ff1lphahqv3',
  'accept-language' => 'zh-CN,zh;q=0.9',
  'accept-encoding' => 'gzip, deflate',
  'accept' => 'text/html,application/xhtml+xml,application/xml;q=0.9,image/webp,image/apng,*/*;q=0.8',
  'user-agent' => 'Mozilla/5.0 (Windows NT 6.1; WOW64) AppleWebKit/537.36 (KHTML, like Gecko) Chrome/63.0.3239.132 Safari/537.36',
  'upgrade-insecure-requests' => '1',
  'cache-control' => 'max-age=0',
  'connection' => 'close',
  'host' => 'www.cms2.com',
)
[ info ] [ PARAM ] array (
)
---------------------------------------------------------------
[ 2018-09-08T15:25:44+08:00 ] 127.0.0.1 GET www.cms2.com/index.php/api/user.index/cate
[运行时间：0.073004s] [吞吐率：13.70req/s] [内存消耗：3,028.27kb] [文件加载：95]
[ info ] [ LANG ] G:\www2\cms2\thinkphp\lang\zh-cn.php
[ info ] [ ROUTE ] array (
)
[ info ] [ HEADER ] array (
  'cookie' => 'PHPSESSID=b50ft71oj2rdr18ff1lphahqv3',
  'accept-language' => 'zh-CN,zh;q=0.9',
  'accept-encoding' => 'gzip, deflate',
  'accept' => 'text/html,application/xhtml+xml,application/xml;q=0.9,image/webp,image/apng,*/*;q=0.8',
  'user-agent' => 'Mozilla/5.0 (Windows NT 6.1; WOW64) AppleWebKit/537.36 (KHTML, like Gecko) Chrome/63.0.3239.132 Safari/537.36',
  'upgrade-insecure-requests' => '1',
  'connection' => 'close',
  'host' => 'www.cms2.com',
)
[ info ] [ PARAM ] array (
)
[ info ] [ DB ] INIT mysql
[ error ] [8]未定义变量: param[G:\www2\cms2\application\api\controller\user\Index.php:51]
---------------------------------------------------------------
[ 2018-09-08T15:26:21+08:00 ] 127.0.0.1 GET www.cms2.com/index.php/api/user.index/lists
[运行时间：0.139008s] [吞吐率：7.19req/s] [内存消耗：3,187.46kb] [文件加载：98]
[ info ] [ LANG ] G:\www2\cms2\thinkphp\lang\zh-cn.php
[ info ] [ ROUTE ] array (
)
[ info ] [ HEADER ] array (
  'cookie' => 'PHPSESSID=b50ft71oj2rdr18ff1lphahqv3',
  'accept-language' => 'zh-CN,zh;q=0.9',
  'accept-encoding' => 'gzip, deflate',
  'accept' => 'text/html,application/xhtml+xml,application/xml;q=0.9,image/webp,image/apng,*/*;q=0.8',
  'user-agent' => 'Mozilla/5.0 (Windows NT 6.1; WOW64) AppleWebKit/537.36 (KHTML, like Gecko) Chrome/63.0.3239.132 Safari/537.36',
  'upgrade-insecure-requests' => '1',
  'connection' => 'close',
  'host' => 'www.cms2.com',
)
[ info ] [ PARAM ] array (
)
[ info ] [ DB ] INIT mysql
[ sql ] [ DB ] CONNECT:[ UseTime:0.007000s ] mysql:host=127.0.0.1;dbname=cms0518;charset=utf8
[ sql ] [ SQL ] SHOW COLUMNS FROM `cms_news_list` [ RunTime:0.012001s ]
[ sql ] [ SQL ] SELECT COUNT(*) AS tp_count FROM `cms_news_list` WHERE  ( `status` = 1 AND `pushtime` <= '2018-09-08 15:26:21' ) LIMIT 1 [ RunTime:0.001000s ]
[ sql ] [ SQL ] SELECT * FROM `cms_news_list` WHERE  ( `status` = 1 AND `pushtime` <= '2018-09-08 15:26:21' ) ORDER BY `pushtime` DESC LIMIT 0,2 [ RunTime:0.001000s ]
[ error ] [8]未定义变量: cateinfo[G:\www2\cms2\application\api\controller\user\Index.php:98]
---------------------------------------------------------------
[ 2018-09-08T15:26:50+08:00 ] 127.0.0.1 GET www.cms2.com/index.php/api/user.index/lists
[运行时间：0.071004s] [吞吐率：14.08req/s] [内存消耗：3,120.80kb] [文件加载：92]
[ info ] [ LANG ] G:\www2\cms2\thinkphp\lang\zh-cn.php
[ info ] [ ROUTE ] array (
)
[ info ] [ HEADER ] array (
  'cookie' => 'PHPSESSID=b50ft71oj2rdr18ff1lphahqv3',
  'accept-language' => 'zh-CN,zh;q=0.9',
  'accept-encoding' => 'gzip, deflate',
  'accept' => 'text/html,application/xhtml+xml,application/xml;q=0.9,image/webp,image/apng,*/*;q=0.8',
  'user-agent' => 'Mozilla/5.0 (Windows NT 6.1; WOW64) AppleWebKit/537.36 (KHTML, like Gecko) Chrome/63.0.3239.132 Safari/537.36',
  'upgrade-insecure-requests' => '1',
  'cache-control' => 'max-age=0',
  'connection' => 'close',
  'host' => 'www.cms2.com',
)
[ info ] [ PARAM ] array (
)
[ info ] [ DB ] INIT mysql
[ sql ] [ DB ] CONNECT:[ UseTime:0.001000s ] mysql:host=127.0.0.1;dbname=cms0518;charset=utf8
[ sql ] [ SQL ] SHOW COLUMNS FROM `cms_news_list` [ RunTime:0.010000s ]
[ sql ] [ SQL ] SELECT COUNT(*) AS tp_count FROM `cms_news_list` WHERE  ( `status` = 1 AND `pushtime` <= '2018-09-08 15:26:50' ) LIMIT 1 [ RunTime:0.001000s ]
[ sql ] [ SQL ] SELECT * FROM `cms_news_list` WHERE  ( `status` = 1 AND `pushtime` <= '2018-09-08 15:26:50' ) ORDER BY `pushtime` DESC LIMIT 0,2 [ RunTime:0.001001s ]
---------------------------------------------------------------
[ 2018-09-08T15:27:32+08:00 ] 127.0.0.1 GET www.cms2.com/index.php/api/user.index/lists
[运行时间：0.079004s] [吞吐率：12.66req/s] [内存消耗：3,000.04kb] [文件加载：89]
[ info ] [ LANG ] G:\www2\cms2\thinkphp\lang\zh-cn.php
[ info ] [ ROUTE ] array (
)
[ info ] [ HEADER ] array (
  'cookie' => 'PHPSESSID=b50ft71oj2rdr18ff1lphahqv3',
  'accept-language' => 'zh-CN,zh;q=0.9',
  'accept-encoding' => 'gzip, deflate',
  'accept' => 'text/html,application/xhtml+xml,application/xml;q=0.9,image/webp,image/apng,*/*;q=0.8',
  'user-agent' => 'Mozilla/5.0 (Windows NT 6.1; WOW64) AppleWebKit/537.36 (KHTML, like Gecko) Chrome/63.0.3239.132 Safari/537.36',
  'upgrade-insecure-requests' => '1',
  'cache-control' => 'max-age=0',
  'connection' => 'close',
  'host' => 'www.cms2.com',
)
[ info ] [ PARAM ] array (
)
[ info ] [ DB ] INIT mysql
[ sql ] [ DB ] CONNECT:[ UseTime:0.011001s ] mysql:host=127.0.0.1;dbname=cms0518;charset=utf8
[ sql ] [ SQL ] SHOW COLUMNS FROM `cms_news_list` [ RunTime:0.009000s ]
[ sql ] [ SQL ] SELECT * FROM `cms_news_list` WHERE  ( `status` = 1 AND `pushtime` <= '2018-09-08 15:27:32' ) ORDER BY `pushtime` DESC LIMIT 10,10 [ RunTime:0.001000s ]
---------------------------------------------------------------
[ 2018-09-08T15:28:11+08:00 ] 127.0.0.1 GET www.cms2.com/index.php/api/user.index/ceshi
[运行时间：0.046002s] [吞吐率：21.74req/s] [内存消耗：2,284.80kb] [文件加载：89]
[ info ] [ LANG ] G:\www2\cms2\thinkphp\lang\zh-cn.php
[ info ] [ ROUTE ] array (
)
[ info ] [ HEADER ] array (
  'cookie' => 'PHPSESSID=b50ft71oj2rdr18ff1lphahqv3',
  'accept-language' => 'zh-CN,zh;q=0.9',
  'accept-encoding' => 'gzip, deflate',
  'accept' => 'text/html,application/xhtml+xml,application/xml;q=0.9,image/webp,image/apng,*/*;q=0.8',
  'user-agent' => 'Mozilla/5.0 (Windows NT 6.1; WOW64) AppleWebKit/537.36 (KHTML, like Gecko) Chrome/63.0.3239.132 Safari/537.36',
  'upgrade-insecure-requests' => '1',
  'cache-control' => 'max-age=0',
  'connection' => 'close',
  'host' => 'www.cms2.com',
)
[ info ] [ PARAM ] array (
)
---------------------------------------------------------------
[ 2018-09-08T15:28:26+08:00 ] 127.0.0.1 GET www.cms2.com/index.php/api/user.index/lists
[运行时间：0.081004s] [吞吐率：12.35req/s] [内存消耗：3,024.51kb] [文件加载：89]
[ info ] [ LANG ] G:\www2\cms2\thinkphp\lang\zh-cn.php
[ info ] [ ROUTE ] array (
)
[ info ] [ HEADER ] array (
  'cookie' => 'PHPSESSID=b50ft71oj2rdr18ff1lphahqv3',
  'accept-language' => 'zh-CN,zh;q=0.9',
  'accept-encoding' => 'gzip, deflate',
  'accept' => 'text/html,application/xhtml+xml,application/xml;q=0.9,image/webp,image/apng,*/*;q=0.8',
  'user-agent' => 'Mozilla/5.0 (Windows NT 6.1; WOW64) AppleWebKit/537.36 (KHTML, like Gecko) Chrome/63.0.3239.132 Safari/537.36',
  'upgrade-insecure-requests' => '1',
  'connection' => 'close',
  'host' => 'www.cms2.com',
)
[ info ] [ PARAM ] array (
)
[ info ] [ DB ] INIT mysql
[ sql ] [ DB ] CONNECT:[ UseTime:0.002000s ] mysql:host=127.0.0.1;dbname=cms0518;charset=utf8
[ sql ] [ SQL ] SHOW COLUMNS FROM `cms_news_list` [ RunTime:0.012000s ]
[ sql ] [ SQL ] SELECT * FROM `cms_news_list` WHERE  ( `status` = 1 AND `pushtime` <= '2018-09-08 15:28:26' ) ORDER BY `pushtime` DESC LIMIT 0,10 [ RunTime:0.001000s ]
---------------------------------------------------------------
[ 2018-09-08T15:32:25+08:00 ] 127.0.0.1 GET www.cms2.com/index.php/api/user.index/lists
[运行时间：0.088006s] [吞吐率：11.36req/s] [内存消耗：3,062.16kb] [文件加载：95]
[ info ] [ LANG ] G:\www2\cms2\thinkphp\lang\zh-cn.php
[ info ] [ ROUTE ] array (
)
[ info ] [ HEADER ] array (
  'cookie' => 'PHPSESSID=b50ft71oj2rdr18ff1lphahqv3',
  'accept-language' => 'zh-CN,zh;q=0.9',
  'accept-encoding' => 'gzip, deflate',
  'accept' => 'text/html,application/xhtml+xml,application/xml;q=0.9,image/webp,image/apng,*/*;q=0.8',
  'user-agent' => 'Mozilla/5.0 (Windows NT 6.1; WOW64) AppleWebKit/537.36 (KHTML, like Gecko) Chrome/63.0.3239.132 Safari/537.36',
  'upgrade-insecure-requests' => '1',
  'cache-control' => 'max-age=0',
  'connection' => 'close',
  'host' => 'www.cms2.com',
)
[ info ] [ PARAM ] array (
)
[ info ] [ DB ] INIT mysql
[ sql ] [ DB ] CONNECT:[ UseTime:0.006000s ] mysql:host=127.0.0.1;dbname=cms0518;charset=utf8
[ sql ] [ SQL ] SHOW COLUMNS FROM `cms_news_list` [ RunTime:0.012001s ]
[ sql ] [ SQL ] SELECT * FROM `cms_news_list` WHERE  ( `status` = 1 AND `pushtime` <= '2018-09-08 15:32:25' ) ORDER BY `pushtime` DESC LIMIT 0,10 [ RunTime:0.001000s ]
[ sql ] [ SQL ] SELECT COUNT(`newsid`) AS tp_count FROM `cms_news_list` WHERE  ( `status` = 1 AND `pushtime` <= '2018-09-08 15:32:25' ) LIMIT 1 [ RunTime:0.000000s ]
[ error ] [2]json_decode() expects parameter 1 to be string, array given[G:\www2\cms2\application\api\controller\user\Index.php:103]
---------------------------------------------------------------
[ 2018-09-08T15:32:27+08:00 ] 127.0.0.1 GET www.cms2.com/index.php/api/user.index/lists
[运行时间：0.065004s] [吞吐率：15.38req/s] [内存消耗：3,062.11kb] [文件加载：95]
[ info ] [ LANG ] G:\www2\cms2\thinkphp\lang\zh-cn.php
[ info ] [ ROUTE ] array (
)
[ info ] [ HEADER ] array (
  'cookie' => 'PHPSESSID=b50ft71oj2rdr18ff1lphahqv3',
  'accept-language' => 'zh-CN,zh;q=0.9',
  'accept-encoding' => 'gzip, deflate',
  'accept' => 'text/html,application/xhtml+xml,application/xml;q=0.9,image/webp,image/apng,*/*;q=0.8',
  'user-agent' => 'Mozilla/5.0 (Windows NT 6.1; WOW64) AppleWebKit/537.36 (KHTML, like Gecko) Chrome/63.0.3239.132 Safari/537.36',
  'upgrade-insecure-requests' => '1',
  'cache-control' => 'max-age=0',
  'connection' => 'close',
  'host' => 'www.cms2.com',
)
[ info ] [ PARAM ] array (
)
[ info ] [ DB ] INIT mysql
[ sql ] [ DB ] CONNECT:[ UseTime:0.002000s ] mysql:host=127.0.0.1;dbname=cms0518;charset=utf8
[ sql ] [ SQL ] SHOW COLUMNS FROM `cms_news_list` [ RunTime:0.009000s ]
[ sql ] [ SQL ] SELECT * FROM `cms_news_list` WHERE  ( `status` = 1 AND `pushtime` <= '2018-09-08 15:32:27' ) ORDER BY `pushtime` DESC LIMIT 0,10 [ RunTime:0.000000s ]
[ sql ] [ SQL ] SELECT COUNT(`newsid`) AS tp_count FROM `cms_news_list` WHERE  ( `status` = 1 AND `pushtime` <= '2018-09-08 15:32:27' ) LIMIT 1 [ RunTime:0.000000s ]
[ error ] [2]json_decode() expects parameter 1 to be string, array given[G:\www2\cms2\application\api\controller\user\Index.php:103]
---------------------------------------------------------------
[ 2018-09-08T15:32:35+08:00 ] 127.0.0.1 GET www.cms2.com/index.php/api/user.index/lists
[运行时间：0.079004s] [吞吐率：12.66req/s] [内存消耗：3,020.74kb] [文件加载：90]
[ info ] [ LANG ] G:\www2\cms2\thinkphp\lang\zh-cn.php
[ info ] [ ROUTE ] array (
)
[ info ] [ HEADER ] array (
  'cookie' => 'PHPSESSID=b50ft71oj2rdr18ff1lphahqv3',
  'accept-language' => 'zh-CN,zh;q=0.9',
  'accept-encoding' => 'gzip, deflate',
  'accept' => 'text/html,application/xhtml+xml,application/xml;q=0.9,image/webp,image/apng,*/*;q=0.8',
  'user-agent' => 'Mozilla/5.0 (Windows NT 6.1; WOW64) AppleWebKit/537.36 (KHTML, like Gecko) Chrome/63.0.3239.132 Safari/537.36',
  'upgrade-insecure-requests' => '1',
  'cache-control' => 'max-age=0',
  'connection' => 'close',
  'host' => 'www.cms2.com',
)
[ info ] [ PARAM ] array (
)
[ info ] [ DB ] INIT mysql
[ sql ] [ DB ] CONNECT:[ UseTime:0.011000s ] mysql:host=127.0.0.1;dbname=cms0518;charset=utf8
[ sql ] [ SQL ] SHOW COLUMNS FROM `cms_news_list` [ RunTime:0.012001s ]
[ sql ] [ SQL ] SELECT * FROM `cms_news_list` WHERE  ( `status` = 1 AND `pushtime` <= '2018-09-08 15:32:35' ) ORDER BY `pushtime` DESC LIMIT 0,10 [ RunTime:0.001000s ]
[ sql ] [ SQL ] SELECT COUNT(`newsid`) AS tp_count FROM `cms_news_list` WHERE  ( `status` = 1 AND `pushtime` <= '2018-09-08 15:32:35' ) LIMIT 1 [ RunTime:0.000000s ]
---------------------------------------------------------------
[ 2018-09-08T15:35:49+08:00 ] 127.0.0.1 GET www.cms2.com/index.php/api/user.index/lists
[运行时间：0.070004s] [吞吐率：14.28req/s] [内存消耗：3,019.32kb] [文件加载：90]
[ info ] [ LANG ] G:\www2\cms2\thinkphp\lang\zh-cn.php
[ info ] [ ROUTE ] array (
)
[ info ] [ HEADER ] array (
  'cookie' => 'PHPSESSID=b50ft71oj2rdr18ff1lphahqv3',
  'accept-language' => 'zh-CN,zh;q=0.9',
  'accept-encoding' => 'gzip, deflate',
  'accept' => 'text/html,application/xhtml+xml,application/xml;q=0.9,image/webp,image/apng,*/*;q=0.8',
  'user-agent' => 'Mozilla/5.0 (Windows NT 6.1; WOW64) AppleWebKit/537.36 (KHTML, like Gecko) Chrome/63.0.3239.132 Safari/537.36',
  'upgrade-insecure-requests' => '1',
  'cache-control' => 'max-age=0',
  'connection' => 'close',
  'host' => 'www.cms2.com',
)
[ info ] [ PARAM ] array (
)
[ info ] [ DB ] INIT mysql
[ sql ] [ DB ] CONNECT:[ UseTime:0.001000s ] mysql:host=127.0.0.1;dbname=cms0518;charset=utf8
[ sql ] [ SQL ] SHOW COLUMNS FROM `cms_news_list` [ RunTime:0.010000s ]
[ sql ] [ SQL ] SELECT `newsid`,`cateid`,`catename`,`title`,`keyword`,`description`,`thumb`,`abstract`,`hits`,`hot`,`top`,`authorid`,`authorname`,`authorpic`,`url`,`iscomment`,`pushtime` FROM `cms_news_list` WHERE  ( `status` = 1 AND `pushtime` <= '2018-09-08 15:35:49' ) ORDER BY `pushtime` DESC LIMIT 0,10 [ RunTime:0.001000s ]
[ sql ] [ SQL ] SELECT COUNT(`newsid`) AS tp_count FROM `cms_news_list` WHERE  ( `status` = 1 AND `pushtime` <= '2018-09-08 15:35:49' ) LIMIT 1 [ RunTime:0.000000s ]
---------------------------------------------------------------
[ 2018-09-08T15:35:50+08:00 ] 127.0.0.1 GET www.cms2.com/index.php/api/user.index/lists
[运行时间：0.072005s] [吞吐率：13.89req/s] [内存消耗：3,019.32kb] [文件加载：90]
[ info ] [ LANG ] G:\www2\cms2\thinkphp\lang\zh-cn.php
[ info ] [ ROUTE ] array (
)
[ info ] [ HEADER ] array (
  'cookie' => 'PHPSESSID=b50ft71oj2rdr18ff1lphahqv3',
  'accept-language' => 'zh-CN,zh;q=0.9',
  'accept-encoding' => 'gzip, deflate',
  'accept' => 'text/html,application/xhtml+xml,application/xml;q=0.9,image/webp,image/apng,*/*;q=0.8',
  'user-agent' => 'Mozilla/5.0 (Windows NT 6.1; WOW64) AppleWebKit/537.36 (KHTML, like Gecko) Chrome/63.0.3239.132 Safari/537.36',
  'upgrade-insecure-requests' => '1',
  'cache-control' => 'max-age=0',
  'connection' => 'close',
  'host' => 'www.cms2.com',
)
[ info ] [ PARAM ] array (
)
[ info ] [ DB ] INIT mysql
[ sql ] [ DB ] CONNECT:[ UseTime:0.002000s ] mysql:host=127.0.0.1;dbname=cms0518;charset=utf8
[ sql ] [ SQL ] SHOW COLUMNS FROM `cms_news_list` [ RunTime:0.010000s ]
[ sql ] [ SQL ] SELECT `newsid`,`cateid`,`catename`,`title`,`keyword`,`description`,`thumb`,`abstract`,`hits`,`hot`,`top`,`authorid`,`authorname`,`authorpic`,`url`,`iscomment`,`pushtime` FROM `cms_news_list` WHERE  ( `status` = 1 AND `pushtime` <= '2018-09-08 15:35:50' ) ORDER BY `pushtime` DESC LIMIT 0,10 [ RunTime:0.000000s ]
[ sql ] [ SQL ] SELECT COUNT(`newsid`) AS tp_count FROM `cms_news_list` WHERE  ( `status` = 1 AND `pushtime` <= '2018-09-08 15:35:50' ) LIMIT 1 [ RunTime:0.000000s ]
---------------------------------------------------------------
[ 2018-09-08T15:52:39+08:00 ] 127.0.0.1 GET www.cms2.com/index.php/api/user.index/commentlist
[运行时间：0.086005s] [吞吐率：11.63req/s] [内存消耗：3,019.20kb] [文件加载：90]
[ info ] [ LANG ] G:\www2\cms2\thinkphp\lang\zh-cn.php
[ info ] [ ROUTE ] array (
)
[ info ] [ HEADER ] array (
  'cookie' => 'PHPSESSID=b50ft71oj2rdr18ff1lphahqv3',
  'accept-language' => 'zh-CN,zh;q=0.9',
  'accept-encoding' => 'gzip, deflate',
  'accept' => 'text/html,application/xhtml+xml,application/xml;q=0.9,image/webp,image/apng,*/*;q=0.8',
  'user-agent' => 'Mozilla/5.0 (Windows NT 6.1; WOW64) AppleWebKit/537.36 (KHTML, like Gecko) Chrome/63.0.3239.132 Safari/537.36',
  'upgrade-insecure-requests' => '1',
  'connection' => 'close',
  'host' => 'www.cms2.com',
)
[ info ] [ PARAM ] array (
)
[ info ] [ DB ] INIT mysql
[ sql ] [ DB ] CONNECT:[ UseTime:0.007000s ] mysql:host=127.0.0.1;dbname=cms0518;charset=utf8
[ sql ] [ SQL ] SHOW COLUMNS FROM `cms_comment_list` [ RunTime:0.015001s ]
[ sql ] [ SQL ] SELECT * FROM `cms_comment_list` WHERE  `newsid` = 0  AND `floor` = 0  AND `status` = 1 ORDER BY `id` DESC LIMIT 0,10 [ RunTime:0.001000s ]
[ sql ] [ SQL ] SELECT COUNT(`id`) AS tp_count FROM `cms_comment_list` WHERE  `newsid` = 0  AND `floor` = 0  AND `status` = 1 LIMIT 1 [ RunTime:0.001000s ]
---------------------------------------------------------------
[ 2018-09-08T15:53:06+08:00 ] 127.0.0.1 GET www.cms2.com/index.php/api/user.index/commentlist/newsid/5
[运行时间：0.120007s] [吞吐率：8.33req/s] [内存消耗：3,030.17kb] [文件加载：90]
[ info ] [ LANG ] G:\www2\cms2\thinkphp\lang\zh-cn.php
[ info ] [ ROUTE ] array (
)
[ info ] [ HEADER ] array (
  'cookie' => 'PHPSESSID=b50ft71oj2rdr18ff1lphahqv3',
  'accept-language' => 'zh-CN,zh;q=0.9',
  'accept-encoding' => 'gzip, deflate',
  'accept' => 'text/html,application/xhtml+xml,application/xml;q=0.9,image/webp,image/apng,*/*;q=0.8',
  'user-agent' => 'Mozilla/5.0 (Windows NT 6.1; WOW64) AppleWebKit/537.36 (KHTML, like Gecko) Chrome/63.0.3239.132 Safari/537.36',
  'upgrade-insecure-requests' => '1',
  'connection' => 'close',
  'host' => 'www.cms2.com',
)
[ info ] [ PARAM ] array (
  'newsid' => '5',
)
[ info ] [ DB ] INIT mysql
[ sql ] [ DB ] CONNECT:[ UseTime:0.016001s ] mysql:host=127.0.0.1;dbname=cms0518;charset=utf8
[ sql ] [ SQL ] SHOW COLUMNS FROM `cms_comment_list` [ RunTime:0.020001s ]
[ sql ] [ SQL ] SELECT * FROM `cms_comment_list` WHERE  `newsid` = 5  AND `floor` = 0  AND `status` = 1 ORDER BY `id` DESC LIMIT 0,10 [ RunTime:0.001000s ]
[ sql ] [ SQL ] SELECT COUNT(`id`) AS tp_count FROM `cms_comment_list` WHERE  `newsid` = 5  AND `floor` = 0  AND `status` = 1 LIMIT 1 [ RunTime:0.001000s ]
[ sql ] [ SQL ] SELECT * FROM `cms_comment_list` WHERE  `floor` = 33  AND `newsid` = 5  AND `status` = 1 LIMIT 0,6 [ RunTime:0.001000s ]
[ sql ] [ SQL ] SELECT * FROM `cms_comment_list` WHERE  `floor` = 32  AND `newsid` = 5  AND `status` = 1 LIMIT 0,6 [ RunTime:0.001000s ]
[ sql ] [ SQL ] SELECT * FROM `cms_comment_list` WHERE  `floor` = 30  AND `newsid` = 5  AND `status` = 1 LIMIT 0,6 [ RunTime:0.001000s ]
[ sql ] [ SQL ] SELECT * FROM `cms_comment_list` WHERE  `floor` = 29  AND `newsid` = 5  AND `status` = 1 LIMIT 0,6 [ RunTime:0.000000s ]
[ sql ] [ SQL ] SELECT * FROM `cms_comment_list` WHERE  `floor` = 28  AND `newsid` = 5  AND `status` = 1 LIMIT 0,6 [ RunTime:0.000000s ]
[ sql ] [ SQL ] SELECT * FROM `cms_comment_list` WHERE  `floor` = 27  AND `newsid` = 5  AND `status` = 1 LIMIT 0,6 [ RunTime:0.001000s ]
[ sql ] [ SQL ] SELECT * FROM `cms_comment_list` WHERE  `floor` = 26  AND `newsid` = 5  AND `status` = 1 LIMIT 0,6 [ RunTime:0.000000s ]
[ sql ] [ SQL ] SELECT * FROM `cms_comment_list` WHERE  `floor` = 25  AND `newsid` = 5  AND `status` = 1 LIMIT 0,6 [ RunTime:0.000000s ]
[ sql ] [ SQL ] SELECT * FROM `cms_comment_list` WHERE  `floor` = 1  AND `newsid` = 5  AND `status` = 1 LIMIT 0,6 [ RunTime:0.001000s ]
---------------------------------------------------------------
[ 2018-09-08T15:54:51+08:00 ] 127.0.0.1 GET www.cms2.com/index.php/api/user.index/lists
[运行时间：0.086005s] [吞吐率：11.63req/s] [内存消耗：3,024.38kb] [文件加载：90]
[ info ] [ LANG ] G:\www2\cms2\thinkphp\lang\zh-cn.php
[ info ] [ ROUTE ] array (
)
[ info ] [ HEADER ] array (
  'cookie' => 'PHPSESSID=b50ft71oj2rdr18ff1lphahqv3',
  'accept-language' => 'zh-CN,zh;q=0.9',
  'accept-encoding' => 'gzip, deflate',
  'accept' => 'text/html,application/xhtml+xml,application/xml;q=0.9,image/webp,image/apng,*/*;q=0.8',
  'user-agent' => 'Mozilla/5.0 (Windows NT 6.1; WOW64) AppleWebKit/537.36 (KHTML, like Gecko) Chrome/63.0.3239.132 Safari/537.36',
  'upgrade-insecure-requests' => '1',
  'cache-control' => 'max-age=0',
  'connection' => 'close',
  'host' => 'www.cms2.com',
)
[ info ] [ PARAM ] array (
)
[ info ] [ DB ] INIT mysql
[ sql ] [ DB ] CONNECT:[ UseTime:0.011000s ] mysql:host=127.0.0.1;dbname=cms0518;charset=utf8
[ sql ] [ SQL ] SHOW COLUMNS FROM `cms_news_list` [ RunTime:0.009001s ]
[ sql ] [ SQL ] SELECT `newsid`,`cateid`,`catename`,`title`,`keyword`,`description`,`thumb`,`abstract`,`hits`,`hot`,`top`,`authorid`,`authorname`,`authorpic`,`url`,`iscomment`,`pushtime` FROM `cms_news_list` WHERE  ( `status` = 1 AND `pushtime` <= '2018-09-08 15:54:51' ) ORDER BY `pushtime` DESC LIMIT 0,10 [ RunTime:0.001000s ]
[ sql ] [ SQL ] SELECT COUNT(`newsid`) AS tp_count FROM `cms_news_list` WHERE  ( `status` = 1 AND `pushtime` <= '2018-09-08 15:54:51' ) LIMIT 1 [ RunTime:0.001000s ]
---------------------------------------------------------------
[ 2018-09-08T15:54:55+08:00 ] 127.0.0.1 GET www.cms2.com/index.php/userapi/lists
[运行时间：0.069004s] [吞吐率：14.49req/s] [内存消耗：2,194.00kb] [文件加载：87]
[ info ] [ LANG ] G:\www2\cms2\thinkphp\lang\zh-cn.php
[ info ] [ ROUTE ] array (
  'rule' => 'userapi',
  'route' => 'api/user.index',
  'option' => 
  array (
    'merge_rule_regex' => false,
  ),
  'var' => 
  array (
  ),
)
[ info ] [ HEADER ] array (
  'cookie' => 'PHPSESSID=b50ft71oj2rdr18ff1lphahqv3',
  'accept-language' => 'zh-CN,zh;q=0.9',
  'accept-encoding' => 'gzip, deflate',
  'accept' => 'text/html,application/xhtml+xml,application/xml;q=0.9,image/webp,image/apng,*/*;q=0.8',
  'user-agent' => 'Mozilla/5.0 (Windows NT 6.1; WOW64) AppleWebKit/537.36 (KHTML, like Gecko) Chrome/63.0.3239.132 Safari/537.36',
  'upgrade-insecure-requests' => '1',
  'connection' => 'close',
  'host' => 'www.cms2.com',
)
[ info ] [ PARAM ] array (
)
---------------------------------------------------------------
[ 2018-09-08T15:55:06+08:00 ] 127.0.0.1 GET www.cms2.com/index.php/userapi/lists
[运行时间：0.050003s] [吞吐率：20.00req/s] [内存消耗：2,194.39kb] [文件加载：87]
[ info ] [ LANG ] G:\www2\cms2\thinkphp\lang\zh-cn.php
[ info ] [ ROUTE ] array (
  'rule' => 'userapi',
  'route' => 'api/user.index/',
  'option' => 
  array (
    'merge_rule_regex' => false,
  ),
  'var' => 
  array (
  ),
)
[ info ] [ HEADER ] array (
  'cookie' => 'PHPSESSID=b50ft71oj2rdr18ff1lphahqv3',
  'accept-language' => 'zh-CN,zh;q=0.9',
  'accept-encoding' => 'gzip, deflate',
  'accept' => 'text/html,application/xhtml+xml,application/xml;q=0.9,image/webp,image/apng,*/*;q=0.8',
  'user-agent' => 'Mozilla/5.0 (Windows NT 6.1; WOW64) AppleWebKit/537.36 (KHTML, like Gecko) Chrome/63.0.3239.132 Safari/537.36',
  'upgrade-insecure-requests' => '1',
  'cache-control' => 'max-age=0',
  'connection' => 'close',
  'host' => 'www.cms2.com',
)
[ info ] [ PARAM ] array (
)
---------------------------------------------------------------
[ 2018-09-08T15:55:07+08:00 ] 127.0.0.1 GET www.cms2.com/index.php/userapi/lists
[运行时间：0.058004s] [吞吐率：17.24req/s] [内存消耗：2,194.39kb] [文件加载：87]
[ info ] [ LANG ] G:\www2\cms2\thinkphp\lang\zh-cn.php
[ info ] [ ROUTE ] array (
  'rule' => 'userapi',
  'route' => 'api/user.index/',
  'option' => 
  array (
    'merge_rule_regex' => false,
  ),
  'var' => 
  array (
  ),
)
[ info ] [ HEADER ] array (
  'cookie' => 'PHPSESSID=b50ft71oj2rdr18ff1lphahqv3',
  'accept-language' => 'zh-CN,zh;q=0.9',
  'accept-encoding' => 'gzip, deflate',
  'accept' => 'text/html,application/xhtml+xml,application/xml;q=0.9,image/webp,image/apng,*/*;q=0.8',
  'user-agent' => 'Mozilla/5.0 (Windows NT 6.1; WOW64) AppleWebKit/537.36 (KHTML, like Gecko) Chrome/63.0.3239.132 Safari/537.36',
  'upgrade-insecure-requests' => '1',
  'cache-control' => 'max-age=0',
  'connection' => 'close',
  'host' => 'www.cms2.com',
)
[ info ] [ PARAM ] array (
)
---------------------------------------------------------------
[ 2018-09-08T15:55:38+08:00 ] 127.0.0.1 GET www.cms2.com/index.php/userapi/lists
[运行时间：0.040002s] [吞吐率：25.00req/s] [内存消耗：1,849.30kb] [文件加载：74]
[ info ] [ LANG ] G:\www2\cms2\thinkphp\lang\zh-cn.php
---------------------------------------------------------------
[ 2018-09-08T15:55:41+08:00 ] 127.0.0.1 GET www.cms2.com/index.php/api/user.index/lists
[运行时间：0.068004s] [吞吐率：14.70req/s] [内存消耗：3,022.91kb] [文件加载：90]
[ info ] [ LANG ] G:\www2\cms2\thinkphp\lang\zh-cn.php
[ info ] [ ROUTE ] array (
)
[ info ] [ HEADER ] array (
  'cookie' => 'PHPSESSID=b50ft71oj2rdr18ff1lphahqv3',
  'accept-language' => 'zh-CN,zh;q=0.9',
  'accept-encoding' => 'gzip, deflate',
  'accept' => 'text/html,application/xhtml+xml,application/xml;q=0.9,image/webp,image/apng,*/*;q=0.8',
  'user-agent' => 'Mozilla/5.0 (Windows NT 6.1; WOW64) AppleWebKit/537.36 (KHTML, like Gecko) Chrome/63.0.3239.132 Safari/537.36',
  'upgrade-insecure-requests' => '1',
  'cache-control' => 'max-age=0',
  'connection' => 'close',
  'host' => 'www.cms2.com',
)
[ info ] [ PARAM ] array (
)
[ info ] [ DB ] INIT mysql
[ sql ] [ DB ] CONNECT:[ UseTime:0.002001s ] mysql:host=127.0.0.1;dbname=cms0518;charset=utf8
[ sql ] [ SQL ] SHOW COLUMNS FROM `cms_news_list` [ RunTime:0.009000s ]
[ sql ] [ SQL ] SELECT `newsid`,`cateid`,`catename`,`title`,`keyword`,`description`,`thumb`,`abstract`,`hits`,`hot`,`top`,`authorid`,`authorname`,`authorpic`,`url`,`iscomment`,`pushtime` FROM `cms_news_list` WHERE  ( `status` = 1 AND `pushtime` <= '2018-09-08 15:55:41' ) ORDER BY `pushtime` DESC LIMIT 0,10 [ RunTime:0.000000s ]
[ sql ] [ SQL ] SELECT COUNT(`newsid`) AS tp_count FROM `cms_news_list` WHERE  ( `status` = 1 AND `pushtime` <= '2018-09-08 15:55:41' ) LIMIT 1 [ RunTime:0.000000s ]
---------------------------------------------------------------
[ 2018-09-08T15:55:43+08:00 ] 127.0.0.1 GET www.cms2.com/index.php/api/user.index/lists
[运行时间：0.082004s] [吞吐率：12.19req/s] [内存消耗：3,022.91kb] [文件加载：90]
[ info ] [ LANG ] G:\www2\cms2\thinkphp\lang\zh-cn.php
[ info ] [ ROUTE ] array (
)
[ info ] [ HEADER ] array (
  'cookie' => 'PHPSESSID=b50ft71oj2rdr18ff1lphahqv3',
  'accept-language' => 'zh-CN,zh;q=0.9',
  'accept-encoding' => 'gzip, deflate',
  'accept' => 'text/html,application/xhtml+xml,application/xml;q=0.9,image/webp,image/apng,*/*;q=0.8',
  'user-agent' => 'Mozilla/5.0 (Windows NT 6.1; WOW64) AppleWebKit/537.36 (KHTML, like Gecko) Chrome/63.0.3239.132 Safari/537.36',
  'upgrade-insecure-requests' => '1',
  'cache-control' => 'max-age=0',
  'connection' => 'close',
  'host' => 'www.cms2.com',
)
[ info ] [ PARAM ] array (
)
[ info ] [ DB ] INIT mysql
[ sql ] [ DB ] CONNECT:[ UseTime:0.002000s ] mysql:host=127.0.0.1;dbname=cms0518;charset=utf8
[ sql ] [ SQL ] SHOW COLUMNS FROM `cms_news_list` [ RunTime:0.011001s ]
[ sql ] [ SQL ] SELECT `newsid`,`cateid`,`catename`,`title`,`keyword`,`description`,`thumb`,`abstract`,`hits`,`hot`,`top`,`authorid`,`authorname`,`authorpic`,`url`,`iscomment`,`pushtime` FROM `cms_news_list` WHERE  ( `status` = 1 AND `pushtime` <= '2018-09-08 15:55:43' ) ORDER BY `pushtime` DESC LIMIT 0,10 [ RunTime:0.001000s ]
[ sql ] [ SQL ] SELECT COUNT(`newsid`) AS tp_count FROM `cms_news_list` WHERE  ( `status` = 1 AND `pushtime` <= '2018-09-08 15:55:43' ) LIMIT 1 [ RunTime:0.001000s ]
---------------------------------------------------------------
[ 2018-09-08T15:55:44+08:00 ] 127.0.0.1 GET www.cms2.com/index.php/api/user.index/lists
[运行时间：0.072005s] [吞吐率：13.89req/s] [内存消耗：3,022.91kb] [文件加载：90]
[ info ] [ LANG ] G:\www2\cms2\thinkphp\lang\zh-cn.php
[ info ] [ ROUTE ] array (
)
[ info ] [ HEADER ] array (
  'cookie' => 'PHPSESSID=b50ft71oj2rdr18ff1lphahqv3',
  'accept-language' => 'zh-CN,zh;q=0.9',
  'accept-encoding' => 'gzip, deflate',
  'accept' => 'text/html,application/xhtml+xml,application/xml;q=0.9,image/webp,image/apng,*/*;q=0.8',
  'user-agent' => 'Mozilla/5.0 (Windows NT 6.1; WOW64) AppleWebKit/537.36 (KHTML, like Gecko) Chrome/63.0.3239.132 Safari/537.36',
  'upgrade-insecure-requests' => '1',
  'cache-control' => 'max-age=0',
  'connection' => 'close',
  'host' => 'www.cms2.com',
)
[ info ] [ PARAM ] array (
)
[ info ] [ DB ] INIT mysql
[ sql ] [ DB ] CONNECT:[ UseTime:0.001000s ] mysql:host=127.0.0.1;dbname=cms0518;charset=utf8
[ sql ] [ SQL ] SHOW COLUMNS FROM `cms_news_list` [ RunTime:0.010000s ]
[ sql ] [ SQL ] SELECT `newsid`,`cateid`,`catename`,`title`,`keyword`,`description`,`thumb`,`abstract`,`hits`,`hot`,`top`,`authorid`,`authorname`,`authorpic`,`url`,`iscomment`,`pushtime` FROM `cms_news_list` WHERE  ( `status` = 1 AND `pushtime` <= '2018-09-08 15:55:44' ) ORDER BY `pushtime` DESC LIMIT 0,10 [ RunTime:0.001000s ]
[ sql ] [ SQL ] SELECT COUNT(`newsid`) AS tp_count FROM `cms_news_list` WHERE  ( `status` = 1 AND `pushtime` <= '2018-09-08 15:55:44' ) LIMIT 1 [ RunTime:0.001001s ]
---------------------------------------------------------------
[ 2018-09-08T18:09:43+08:00 ] 127.0.0.1 GET www.cms2.com/index.php/api/user.index/lists
[运行时间：0.089005s] [吞吐率：11.24req/s] [内存消耗：3,022.86kb] [文件加载：90]
[ info ] [ LANG ] G:\www2\cms2\thinkphp\lang\zh-cn.php
[ info ] [ ROUTE ] array (
)
[ info ] [ HEADER ] array (
  'cookie' => 'PHPSESSID=b50ft71oj2rdr18ff1lphahqv3',
  'accept-language' => 'zh-CN,zh;q=0.9',
  'accept-encoding' => 'gzip, deflate',
  'accept' => 'text/html,application/xhtml+xml,application/xml;q=0.9,image/webp,image/apng,*/*;q=0.8',
  'user-agent' => 'Mozilla/5.0 (Windows NT 6.1; WOW64) AppleWebKit/537.36 (KHTML, like Gecko) Chrome/63.0.3239.132 Safari/537.36',
  'upgrade-insecure-requests' => '1',
  'cache-control' => 'max-age=0',
  'connection' => 'close',
  'host' => 'www.cms2.com',
)
[ info ] [ PARAM ] array (
)
[ info ] [ DB ] INIT mysql
[ sql ] [ DB ] CONNECT:[ UseTime:0.008001s ] mysql:host=127.0.0.1;dbname=cms0518;charset=utf8
[ sql ] [ SQL ] SHOW COLUMNS FROM `cms_news_list` [ RunTime:0.014000s ]
[ sql ] [ SQL ] SELECT `newsid`,`cateid`,`catename`,`title`,`keyword`,`description`,`thumb`,`abstract`,`hits`,`hot`,`top`,`authorid`,`authorname`,`authorpic`,`url`,`iscomment`,`pushtime` FROM `cms_news_list` WHERE  ( `status` = 1 AND `pushtime` <= '2018-09-08 18:09:43' ) ORDER BY `pushtime` DESC LIMIT 0,10 [ RunTime:0.001001s ]
[ sql ] [ SQL ] SELECT COUNT(`newsid`) AS tp_count FROM `cms_news_list` WHERE  ( `status` = 1 AND `pushtime` <= '2018-09-08 18:09:43' ) LIMIT 1 [ RunTime:0.001000s ]
---------------------------------------------------------------
[ 2018-09-08T18:09:58+08:00 ] 127.0.0.1 GET www.cms2.com/index.php/api/user.index/lists
[运行时间：0.096006s] [吞吐率：10.42req/s] [内存消耗：3,023.02kb] [文件加载：90]
[ info ] [ LANG ] G:\www2\cms2\thinkphp\lang\zh-cn.php
[ info ] [ ROUTE ] array (
)
[ info ] [ HEADER ] array (
  'cookie' => 'PHPSESSID=b50ft71oj2rdr18ff1lphahqv3',
  'accept-language' => 'zh-CN,zh;q=0.9',
  'accept-encoding' => 'gzip, deflate',
  'accept' => 'text/html,application/xhtml+xml,application/xml;q=0.9,image/webp,image/apng,*/*;q=0.8',
  'user-agent' => 'Mozilla/5.0 (Windows NT 6.1; WOW64) AppleWebKit/537.36 (KHTML, like Gecko) Chrome/63.0.3239.132 Safari/537.36',
  'upgrade-insecure-requests' => '1',
  'cache-control' => 'no-cache',
  'pragma' => 'no-cache',
  'connection' => 'close',
  'host' => 'www.cms2.com',
)
[ info ] [ PARAM ] array (
)
[ info ] [ DB ] INIT mysql
[ sql ] [ DB ] CONNECT:[ UseTime:0.002000s ] mysql:host=127.0.0.1;dbname=cms0518;charset=utf8
[ sql ] [ SQL ] SHOW COLUMNS FROM `cms_news_list` [ RunTime:0.018001s ]
[ sql ] [ SQL ] SELECT `newsid`,`cateid`,`catename`,`title`,`keyword`,`description`,`thumb`,`abstract`,`hits`,`hot`,`top`,`authorid`,`authorname`,`authorpic`,`url`,`iscomment`,`pushtime` FROM `cms_news_list` WHERE  ( `status` = 1 AND `pushtime` <= '2018-09-08 18:09:58' ) ORDER BY `pushtime` DESC LIMIT 0,10 [ RunTime:0.003000s ]
[ sql ] [ SQL ] SELECT COUNT(`newsid`) AS tp_count FROM `cms_news_list` WHERE  ( `status` = 1 AND `pushtime` <= '2018-09-08 18:09:58' ) LIMIT 1 [ RunTime:0.001000s ]
